[ERROR] 2014-10-28 15:14:18.812 [Thread-10] main - mvx/app/pgm/customer/ALZ367sv (wrong name: mvx/app/pgm/customer/ALZ367)
java.lang.NoClassDefFoundError: mvx/app/pgm/customer/ALZ367sv (wrong name: mvx/app/pgm/customer/ALZ367)
	at java.lang.ClassLoader.defineClass1(Native Method) ~[?:1.7.0_25]
	at java.lang.ClassLoader.defineClass(ClassLoader.java:792) ~[?:1.7.0_25]
	at java.lang.ClassLoader.defineClass(ClassLoader.java:635) ~[?:1.7.0_25]
	at m3.classe.M3ClassLoader.findClass(M3ClassLoader.java:61) ~[classes/:?]
	at java.lang.ClassLoader.loadClass(ClassLoader.java:424) ~[?:1.7.0_25]
	at java.lang.ClassLoader.loadClass(ClassLoader.java:357) ~[?:1.7.0_25]
	at m3.classe.ClassUtils.getSuperClass(ClassUtils.java:56) ~[classes/:?]
	at m3.classe.ClassUtils.getSuperClass(ClassUtils.java:52) ~[classes/:?]
	at m3.M3UpgradObject.processM3Object(M3UpgradObject.java:58) [classes/:?]
	at com.app.process.Process.analyse(Process.java:90) [classes/:?]
	at com.app.process.Process.run(Process.java:336) [classes/:?]
	at java.lang.Thread.run(Thread.java:724) [?:1.7.0_25]
[ERROR] 2014-10-28 15:17:59.167 [Thread-10] main - mvx/dsp/obj/ALS130DSP_SAVE (wrong name: mvx/dsp/obj/ALS130DSP)
java.lang.NoClassDefFoundError: mvx/dsp/obj/ALS130DSP_SAVE (wrong name: mvx/dsp/obj/ALS130DSP)
	at java.lang.ClassLoader.defineClass1(Native Method) ~[?:1.7.0_25]
	at java.lang.ClassLoader.defineClass(ClassLoader.java:792) ~[?:1.7.0_25]
	at java.lang.ClassLoader.defineClass(ClassLoader.java:635) ~[?:1.7.0_25]
	at m3.classe.M3ClassLoader.findClass(M3ClassLoader.java:61) ~[classes/:?]
	at java.lang.ClassLoader.loadClass(ClassLoader.java:424) ~[?:1.7.0_25]
	at java.lang.ClassLoader.loadClass(ClassLoader.java:357) ~[?:1.7.0_25]
	at m3.classe.ClassUtils.getSuperClass(ClassUtils.java:56) ~[classes/:?]
	at m3.classe.ClassUtils.getSuperClass(ClassUtils.java:52) ~[classes/:?]
	at m3.M3UpgradObject.processM3Object(M3UpgradObject.java:58) [classes/:?]
	at com.app.process.Process.analyse(Process.java:90) [classes/:?]
	at com.app.process.Process.run(Process.java:336) [classes/:?]
	at java.lang.Thread.run(Thread.java:724) [?:1.7.0_25]
[ERROR] 2014-10-28 15:18:28.360 [Thread-10] main - mvx/app/ds/sDSITGRdeprecated (wrong name: mvx/app/ds/sDSITGR)
java.lang.NoClassDefFoundError: mvx/app/ds/sDSITGRdeprecated (wrong name: mvx/app/ds/sDSITGR)
	at java.lang.ClassLoader.defineClass1(Native Method) ~[?:1.7.0_25]
	at java.lang.ClassLoader.defineClass(ClassLoader.java:792) ~[?:1.7.0_25]
	at java.lang.ClassLoader.defineClass(ClassLoader.java:635) ~[?:1.7.0_25]
	at m3.classe.M3ClassLoader.findClass(M3ClassLoader.java:61) ~[classes/:?]
	at java.lang.ClassLoader.loadClass(ClassLoader.java:424) ~[?:1.7.0_25]
	at java.lang.ClassLoader.loadClass(ClassLoader.java:357) ~[?:1.7.0_25]
	at m3.classe.ClassUtils.getSuperClass(ClassUtils.java:56) ~[classes/:?]
	at m3.classe.ClassUtils.getSuperClass(ClassUtils.java:52) ~[classes/:?]
	at m3.M3UpgradObject.processM3Object(M3UpgradObject.java:58) [classes/:?]
	at com.app.process.Process.analyse(Process.java:90) [classes/:?]
	at com.app.process.Process.run(Process.java:336) [classes/:?]
	at java.lang.Thread.run(Thread.java:724) [?:1.7.0_25]
[ERROR] 2014-10-28 15:19:44.931 [Thread-10] main - mvx/app/pgm/customer/ALZFAC_lastPHM (wrong name: mvx/app/pgm/customer/ALZFAC)
java.lang.NoClassDefFoundError: mvx/app/pgm/customer/ALZFAC_lastPHM (wrong name: mvx/app/pgm/customer/ALZFAC)
	at java.lang.ClassLoader.defineClass1(Native Method) ~[?:1.7.0_25]
	at java.lang.ClassLoader.defineClass(ClassLoader.java:792) ~[?:1.7.0_25]
	at java.lang.ClassLoader.defineClass(ClassLoader.java:635) ~[?:1.7.0_25]
	at m3.classe.M3ClassLoader.findClass(M3ClassLoader.java:61) ~[classes/:?]
	at java.lang.ClassLoader.loadClass(ClassLoader.java:424) ~[?:1.7.0_25]
	at java.lang.ClassLoader.loadClass(ClassLoader.java:357) ~[?:1.7.0_25]
	at m3.classe.ClassUtils.getSuperClass(ClassUtils.java:56) ~[classes/:?]
	at m3.classe.ClassUtils.getSuperClass(ClassUtils.java:52) ~[classes/:?]
	at m3.M3UpgradObject.processM3Object(M3UpgradObject.java:58) [classes/:?]
	at com.app.process.Process.analyse(Process.java:90) [classes/:?]
	at com.app.process.Process.run(Process.java:336) [classes/:?]
	at java.lang.Thread.run(Thread.java:724) [?:1.7.0_25]
[ERROR] 2014-10-28 15:20:12.295 [Thread-10] main - com/ibm/as400/access/RecordFormat
java.lang.NoClassDefFoundError: com/ibm/as400/access/RecordFormat
	at java.lang.ClassLoader.defineClass1(Native Method) ~[?:1.7.0_25]
	at java.lang.ClassLoader.defineClass(ClassLoader.java:792) ~[?:1.7.0_25]
	at java.lang.ClassLoader.defineClass(ClassLoader.java:635) ~[?:1.7.0_25]
	at m3.classe.M3ClassLoader.findClass(M3ClassLoader.java:61) ~[classes/:?]
	at java.lang.ClassLoader.loadClass(ClassLoader.java:424) ~[?:1.7.0_25]
	at java.lang.ClassLoader.loadClass(ClassLoader.java:357) ~[?:1.7.0_25]
	at m3.classe.ClassUtils.getSuperClass(ClassUtils.java:56) ~[classes/:?]
	at m3.classe.ClassUtils.getSuperClass(ClassUtils.java:52) ~[classes/:?]
	at m3.M3UpgradObject.processM3Object(M3UpgradObject.java:58) [classes/:?]
	at com.app.process.Process.analyse(Process.java:90) [classes/:?]
	at com.app.process.Process.run(Process.java:336) [classes/:?]
	at java.lang.Thread.run(Thread.java:724) [?:1.7.0_25]
Caused by: java.lang.ClassNotFoundException: com.ibm.as400.access.RecordFormat
	at m3.classe.M3ClassLoader.findClass(M3ClassLoader.java:59) ~[classes/:?]
	at java.lang.ClassLoader.loadClass(ClassLoader.java:424) ~[?:1.7.0_25]
	at java.lang.ClassLoader.loadClass(ClassLoader.java:357) ~[?:1.7.0_25]
	... 12 more
[ERROR] 2014-10-28 15:20:15.453 [Thread-10] main - com/ibm/as400/access/RecordFormat
java.lang.NoClassDefFoundError: com/ibm/as400/access/RecordFormat
	at java.lang.ClassLoader.defineClass1(Native Method) ~[?:1.7.0_25]
	at java.lang.ClassLoader.defineClass(ClassLoader.java:792) ~[?:1.7.0_25]
	at java.lang.ClassLoader.defineClass(ClassLoader.java:635) ~[?:1.7.0_25]
	at m3.classe.M3ClassLoader.findClass(M3ClassLoader.java:61) ~[classes/:?]
	at java.lang.ClassLoader.loadClass(ClassLoader.java:424) ~[?:1.7.0_25]
	at java.lang.ClassLoader.loadClass(ClassLoader.java:357) ~[?:1.7.0_25]
	at m3.classe.ClassUtils.getSuperClass(ClassUtils.java:56) ~[classes/:?]
	at m3.classe.ClassUtils.getSuperClass(ClassUtils.java:52) ~[classes/:?]
	at m3.M3UpgradObject.processM3Object(M3UpgradObject.java:58) [classes/:?]
	at com.app.process.Process.analyse(Process.java:90) [classes/:?]
	at com.app.process.Process.run(Process.java:336) [classes/:?]
	at java.lang.Thread.run(Thread.java:724) [?:1.7.0_25]
Caused by: java.lang.ClassNotFoundException: com.ibm.as400.access.RecordFormat
	at m3.classe.M3ClassLoader.findClass(M3ClassLoader.java:59) ~[classes/:?]
	at java.lang.ClassLoader.loadClass(ClassLoader.java:424) ~[?:1.7.0_25]
	at java.lang.ClassLoader.loadClass(ClassLoader.java:357) ~[?:1.7.0_25]
	... 12 more
[ERROR] 2014-10-28 15:20:18.101 [Thread-10] main - com/ibm/as400/access/RecordFormat
java.lang.NoClassDefFoundError: com/ibm/as400/access/RecordFormat
	at java.lang.ClassLoader.defineClass1(Native Method) ~[?:1.7.0_25]
	at java.lang.ClassLoader.defineClass(ClassLoader.java:792) ~[?:1.7.0_25]
	at java.lang.ClassLoader.defineClass(ClassLoader.java:635) ~[?:1.7.0_25]
	at m3.classe.M3ClassLoader.findClass(M3ClassLoader.java:61) ~[classes/:?]
	at java.lang.ClassLoader.loadClass(ClassLoader.java:424) ~[?:1.7.0_25]
	at java.lang.ClassLoader.loadClass(ClassLoader.java:357) ~[?:1.7.0_25]
	at m3.classe.ClassUtils.getSuperClass(ClassUtils.java:56) ~[classes/:?]
	at m3.classe.ClassUtils.getSuperClass(ClassUtils.java:52) ~[classes/:?]
	at m3.M3UpgradObject.processM3Object(M3UpgradObject.java:58) [classes/:?]
	at com.app.process.Process.analyse(Process.java:90) [classes/:?]
	at com.app.process.Process.run(Process.java:336) [classes/:?]
	at java.lang.Thread.run(Thread.java:724) [?:1.7.0_25]
Caused by: java.lang.ClassNotFoundException: com.ibm.as400.access.RecordFormat
	at m3.classe.M3ClassLoader.findClass(M3ClassLoader.java:59) ~[classes/:?]
	at java.lang.ClassLoader.loadClass(ClassLoader.java:424) ~[?:1.7.0_25]
	at java.lang.ClassLoader.loadClass(ClassLoader.java:357) ~[?:1.7.0_25]
	... 12 more
[ERROR] 2014-10-28 15:20:30.783 [Thread-10] main - mvx/app/pgm/customer/NOE010_old (wrong name: mvx/app/pgm/customer/NOE010)
java.lang.NoClassDefFoundError: mvx/app/pgm/customer/NOE010_old (wrong name: mvx/app/pgm/customer/NOE010)
	at java.lang.ClassLoader.defineClass1(Native Method) ~[?:1.7.0_25]
	at java.lang.ClassLoader.defineClass(ClassLoader.java:792) ~[?:1.7.0_25]
	at java.lang.ClassLoader.defineClass(ClassLoader.java:635) ~[?:1.7.0_25]
	at m3.classe.M3ClassLoader.findClass(M3ClassLoader.java:61) ~[classes/:?]
	at java.lang.ClassLoader.loadClass(ClassLoader.java:424) ~[?:1.7.0_25]
	at java.lang.ClassLoader.loadClass(ClassLoader.java:357) ~[?:1.7.0_25]
	at m3.classe.ClassUtils.getSuperClass(ClassUtils.java:56) ~[classes/:?]
	at m3.classe.ClassUtils.getSuperClass(ClassUtils.java:52) ~[classes/:?]
	at m3.M3UpgradObject.processM3Object(M3UpgradObject.java:58) [classes/:?]
	at com.app.process.Process.analyse(Process.java:90) [classes/:?]
	at com.app.process.Process.run(Process.java:336) [classes/:?]
	at java.lang.Thread.run(Thread.java:724) [?:1.7.0_25]
[ERROR] 2014-10-28 15:27:39.507 [Thread-10] main - mvx/dsp/obj/OIS101DSPsv (wrong name: mvx/dsp/obj/OIS101DSP)
java.lang.NoClassDefFoundError: mvx/dsp/obj/OIS101DSPsv (wrong name: mvx/dsp/obj/OIS101DSP)
	at java.lang.ClassLoader.defineClass1(Native Method) ~[?:1.7.0_25]
	at java.lang.ClassLoader.defineClass(ClassLoader.java:792) ~[?:1.7.0_25]
	at java.lang.ClassLoader.defineClass(ClassLoader.java:635) ~[?:1.7.0_25]
	at m3.classe.M3ClassLoader.findClass(M3ClassLoader.java:61) ~[classes/:?]
	at java.lang.ClassLoader.loadClass(ClassLoader.java:424) ~[?:1.7.0_25]
	at java.lang.ClassLoader.loadClass(ClassLoader.java:357) ~[?:1.7.0_25]
	at m3.classe.ClassUtils.getSuperClass(ClassUtils.java:56) ~[classes/:?]
	at m3.classe.ClassUtils.getSuperClass(ClassUtils.java:52) ~[classes/:?]
	at m3.M3UpgradObject.processM3Object(M3UpgradObject.java:58) [classes/:?]
	at com.app.process.Process.analyse(Process.java:90) [classes/:?]
	at com.app.process.Process.run(Process.java:336) [classes/:?]
	at java.lang.Thread.run(Thread.java:724) [?:1.7.0_25]
[ERROR] 2014-10-28 15:33:48.779 [Thread-10] main - mvx/app/pgm/customer/ALT020saveJMD (wrong name: mvx/app/pgm/customer/ALT020)
java.lang.NoClassDefFoundError: mvx/app/pgm/customer/ALT020saveJMD (wrong name: mvx/app/pgm/customer/ALT020)
	at java.lang.ClassLoader.defineClass1(Native Method) ~[?:1.7.0_25]
	at java.lang.ClassLoader.defineClass(ClassLoader.java:792) ~[?:1.7.0_25]
	at java.lang.ClassLoader.defineClass(ClassLoader.java:635) ~[?:1.7.0_25]
	at m3.classe.M3ClassLoader.findClass(M3ClassLoader.java:61) ~[classes/:?]
	at java.lang.ClassLoader.loadClass(ClassLoader.java:424) ~[?:1.7.0_25]
	at java.lang.ClassLoader.loadClass(ClassLoader.java:357) ~[?:1.7.0_25]
	at m3.classe.ClassUtils.getSuperClass(ClassUtils.java:56) ~[classes/:?]
	at m3.classe.ClassUtils.getSuperClass(ClassUtils.java:52) ~[classes/:?]
	at m3.M3UpgradObject.processM3Object(M3UpgradObject.java:58) [classes/:?]
	at com.app.process.Process.analyse(Process.java:90) [classes/:?]
	at com.app.process.Process.run(Process.java:336) [classes/:?]
	at java.lang.Thread.run(Thread.java:724) [?:1.7.0_25]
[ERROR] 2014-10-28 15:33:53.521 [Thread-10] main - mvx/app/pgm/customer/ALX613_old (wrong name: mvx/app/pgm/customer/ALX613)
java.lang.NoClassDefFoundError: mvx/app/pgm/customer/ALX613_old (wrong name: mvx/app/pgm/customer/ALX613)
	at java.lang.ClassLoader.defineClass1(Native Method) ~[?:1.7.0_25]
	at java.lang.ClassLoader.defineClass(ClassLoader.java:792) ~[?:1.7.0_25]
	at java.lang.ClassLoader.defineClass(ClassLoader.java:635) ~[?:1.7.0_25]
	at m3.classe.M3ClassLoader.findClass(M3ClassLoader.java:61) ~[classes/:?]
	at java.lang.ClassLoader.loadClass(ClassLoader.java:424) ~[?:1.7.0_25]
	at java.lang.ClassLoader.loadClass(ClassLoader.java:357) ~[?:1.7.0_25]
	at m3.classe.ClassUtils.getSuperClass(ClassUtils.java:56) ~[classes/:?]
	at m3.classe.ClassUtils.getSuperClass(ClassUtils.java:52) ~[classes/:?]
	at m3.M3UpgradObject.processM3Object(M3UpgradObject.java:58) [classes/:?]
	at com.app.process.Process.analyse(Process.java:90) [classes/:?]
	at com.app.process.Process.run(Process.java:336) [classes/:?]
	at java.lang.Thread.run(Thread.java:724) [?:1.7.0_25]
[ERROR] 2014-10-28 15:33:53.762 [Thread-10] main - mvx/app/pgm/customer/ALX613_sv (wrong name: mvx/app/pgm/customer/ALX613)
java.lang.NoClassDefFoundError: mvx/app/pgm/customer/ALX613_sv (wrong name: mvx/app/pgm/customer/ALX613)
	at java.lang.ClassLoader.defineClass1(Native Method) ~[?:1.7.0_25]
	at java.lang.ClassLoader.defineClass(ClassLoader.java:792) ~[?:1.7.0_25]
	at java.lang.ClassLoader.defineClass(ClassLoader.java:635) ~[?:1.7.0_25]
	at m3.classe.M3ClassLoader.findClass(M3ClassLoader.java:61) ~[classes/:?]
	at java.lang.ClassLoader.loadClass(ClassLoader.java:424) ~[?:1.7.0_25]
	at java.lang.ClassLoader.loadClass(ClassLoader.java:357) ~[?:1.7.0_25]
	at m3.classe.ClassUtils.getSuperClass(ClassUtils.java:56) ~[classes/:?]
	at m3.classe.ClassUtils.getSuperClass(ClassUtils.java:52) ~[classes/:?]
	at m3.M3UpgradObject.processM3Object(M3UpgradObject.java:58) [classes/:?]
	at com.app.process.Process.analyse(Process.java:90) [classes/:?]
	at com.app.process.Process.run(Process.java:336) [classes/:?]
	at java.lang.Thread.run(Thread.java:724) [?:1.7.0_25]
[ERROR] 2014-10-28 15:34:05.636 [Thread-10] main - mvx/app/pgm/customer/ALY550_notProd (wrong name: mvx/app/pgm/customer/ALY550)
java.lang.NoClassDefFoundError: mvx/app/pgm/customer/ALY550_notProd (wrong name: mvx/app/pgm/customer/ALY550)
	at java.lang.ClassLoader.defineClass1(Native Method) ~[?:1.7.0_25]
	at java.lang.ClassLoader.defineClass(ClassLoader.java:792) ~[?:1.7.0_25]
	at java.lang.ClassLoader.defineClass(ClassLoader.java:635) ~[?:1.7.0_25]
	at m3.classe.M3ClassLoader.findClass(M3ClassLoader.java:61) ~[classes/:?]
	at java.lang.ClassLoader.loadClass(ClassLoader.java:424) ~[?:1.7.0_25]
	at java.lang.ClassLoader.loadClass(ClassLoader.java:357) ~[?:1.7.0_25]
	at m3.classe.ClassUtils.getSuperClass(ClassUtils.java:56) ~[classes/:?]
	at m3.classe.ClassUtils.getSuperClass(ClassUtils.java:52) ~[classes/:?]
	at m3.M3UpgradObject.processM3Object(M3UpgradObject.java:58) [classes/:?]
	at com.app.process.Process.analyse(Process.java:90) [classes/:?]
	at com.app.process.Process.run(Process.java:336) [classes/:?]
	at java.lang.Thread.run(Thread.java:724) [?:1.7.0_25]
[ERROR] 2014-10-28 15:34:07.311 [Thread-10] main - mvx/app/pgm/customer/ALY551CL_notProd (wrong name: mvx/app/pgm/customer/ALY551CL)
java.lang.NoClassDefFoundError: mvx/app/pgm/customer/ALY551CL_notProd (wrong name: mvx/app/pgm/customer/ALY551CL)
	at java.lang.ClassLoader.defineClass1(Native Method) ~[?:1.7.0_25]
	at java.lang.ClassLoader.defineClass(ClassLoader.java:792) ~[?:1.7.0_25]
	at java.lang.ClassLoader.defineClass(ClassLoader.java:635) ~[?:1.7.0_25]
	at m3.classe.M3ClassLoader.findClass(M3ClassLoader.java:61) ~[classes/:?]
	at java.lang.ClassLoader.loadClass(ClassLoader.java:424) ~[?:1.7.0_25]
	at java.lang.ClassLoader.loadClass(ClassLoader.java:357) ~[?:1.7.0_25]
	at m3.classe.ClassUtils.getSuperClass(ClassUtils.java:56) ~[classes/:?]
	at m3.classe.ClassUtils.getSuperClass(ClassUtils.java:52) ~[classes/:?]
	at m3.M3UpgradObject.processM3Object(M3UpgradObject.java:58) [classes/:?]
	at com.app.process.Process.analyse(Process.java:90) [classes/:?]
	at com.app.process.Process.run(Process.java:336) [classes/:?]
	at java.lang.Thread.run(Thread.java:724) [?:1.7.0_25]
[ERROR] 2014-10-28 15:34:07.773 [Thread-10] main - mvx/app/pgm/customer/ALY551_dum (wrong name: mvx/app/pgm/customer/ALY551)
java.lang.NoClassDefFoundError: mvx/app/pgm/customer/ALY551_dum (wrong name: mvx/app/pgm/customer/ALY551)
	at java.lang.ClassLoader.defineClass1(Native Method) ~[?:1.7.0_25]
	at java.lang.ClassLoader.defineClass(ClassLoader.java:792) ~[?:1.7.0_25]
	at java.lang.ClassLoader.defineClass(ClassLoader.java:635) ~[?:1.7.0_25]
	at m3.classe.M3ClassLoader.findClass(M3ClassLoader.java:61) ~[classes/:?]
	at java.lang.ClassLoader.loadClass(ClassLoader.java:424) ~[?:1.7.0_25]
	at java.lang.ClassLoader.loadClass(ClassLoader.java:357) ~[?:1.7.0_25]
	at m3.classe.ClassUtils.getSuperClass(ClassUtils.java:56) ~[classes/:?]
	at m3.classe.ClassUtils.getSuperClass(ClassUtils.java:52) ~[classes/:?]
	at m3.M3UpgradObject.processM3Object(M3UpgradObject.java:58) [classes/:?]
	at com.app.process.Process.analyse(Process.java:90) [classes/:?]
	at com.app.process.Process.run(Process.java:336) [classes/:?]
	at java.lang.Thread.run(Thread.java:724) [?:1.7.0_25]
[ERROR] 2014-10-28 15:34:08.196 [Thread-10] main - mvx/app/pgm/customer/ALY551_notProd (wrong name: mvx/app/pgm/customer/ALY551)
java.lang.NoClassDefFoundError: mvx/app/pgm/customer/ALY551_notProd (wrong name: mvx/app/pgm/customer/ALY551)
	at java.lang.ClassLoader.defineClass1(Native Method) ~[?:1.7.0_25]
	at java.lang.ClassLoader.defineClass(ClassLoader.java:792) ~[?:1.7.0_25]
	at java.lang.ClassLoader.defineClass(ClassLoader.java:635) ~[?:1.7.0_25]
	at m3.classe.M3ClassLoader.findClass(M3ClassLoader.java:61) ~[classes/:?]
	at java.lang.ClassLoader.loadClass(ClassLoader.java:424) ~[?:1.7.0_25]
	at java.lang.ClassLoader.loadClass(ClassLoader.java:357) ~[?:1.7.0_25]
	at m3.classe.ClassUtils.getSuperClass(ClassUtils.java:56) ~[classes/:?]
	at m3.classe.ClassUtils.getSuperClass(ClassUtils.java:52) ~[classes/:?]
	at m3.M3UpgradObject.processM3Object(M3UpgradObject.java:58) [classes/:?]
	at com.app.process.Process.analyse(Process.java:90) [classes/:?]
	at com.app.process.Process.run(Process.java:336) [classes/:?]
	at java.lang.Thread.run(Thread.java:724) [?:1.7.0_25]
[ERROR] 2014-10-28 15:34:08.752 [Thread-10] main - mvx/app/pgm/customer/ALY551_saveJMD (wrong name: mvx/app/pgm/customer/ALY551)
java.lang.NoClassDefFoundError: mvx/app/pgm/customer/ALY551_saveJMD (wrong name: mvx/app/pgm/customer/ALY551)
	at java.lang.ClassLoader.defineClass1(Native Method) ~[?:1.7.0_25]
	at java.lang.ClassLoader.defineClass(ClassLoader.java:792) ~[?:1.7.0_25]
	at java.lang.ClassLoader.defineClass(ClassLoader.java:635) ~[?:1.7.0_25]
	at m3.classe.M3ClassLoader.findClass(M3ClassLoader.java:61) ~[classes/:?]
	at java.lang.ClassLoader.loadClass(ClassLoader.java:424) ~[?:1.7.0_25]
	at java.lang.ClassLoader.loadClass(ClassLoader.java:357) ~[?:1.7.0_25]
	at m3.classe.ClassUtils.getSuperClass(ClassUtils.java:56) ~[classes/:?]
	at m3.classe.ClassUtils.getSuperClass(ClassUtils.java:52) ~[classes/:?]
	at m3.M3UpgradObject.processM3Object(M3UpgradObject.java:58) [classes/:?]
	at com.app.process.Process.analyse(Process.java:90) [classes/:?]
	at com.app.process.Process.run(Process.java:336) [classes/:?]
	at java.lang.Thread.run(Thread.java:724) [?:1.7.0_25]
[ERROR] 2014-10-28 15:34:09.296 [Thread-10] main - mvx/app/pgm/customer/ALY551_sv (wrong name: mvx/app/pgm/customer/ALY551)
java.lang.NoClassDefFoundError: mvx/app/pgm/customer/ALY551_sv (wrong name: mvx/app/pgm/customer/ALY551)
	at java.lang.ClassLoader.defineClass1(Native Method) ~[?:1.7.0_25]
	at java.lang.ClassLoader.defineClass(ClassLoader.java:792) ~[?:1.7.0_25]
	at java.lang.ClassLoader.defineClass(ClassLoader.java:635) ~[?:1.7.0_25]
	at m3.classe.M3ClassLoader.findClass(M3ClassLoader.java:61) ~[classes/:?]
	at java.lang.ClassLoader.loadClass(ClassLoader.java:424) ~[?:1.7.0_25]
	at java.lang.ClassLoader.loadClass(ClassLoader.java:357) ~[?:1.7.0_25]
	at m3.classe.ClassUtils.getSuperClass(ClassUtils.java:56) ~[classes/:?]
	at m3.classe.ClassUtils.getSuperClass(ClassUtils.java:52) ~[classes/:?]
	at m3.M3UpgradObject.processM3Object(M3UpgradObject.java:58) [classes/:?]
	at com.app.process.Process.analyse(Process.java:90) [classes/:?]
	at com.app.process.Process.run(Process.java:336) [classes/:?]
	at java.lang.Thread.run(Thread.java:724) [?:1.7.0_25]
[ERROR] 2014-10-28 15:34:09.651 [Thread-10] main - mvx/app/pgm/customer/ALY552CL_old (wrong name: mvx/app/pgm/customer/ALY552CL)
java.lang.NoClassDefFoundError: mvx/app/pgm/customer/ALY552CL_old (wrong name: mvx/app/pgm/customer/ALY552CL)
	at java.lang.ClassLoader.defineClass1(Native Method) ~[?:1.7.0_25]
	at java.lang.ClassLoader.defineClass(ClassLoader.java:792) ~[?:1.7.0_25]
	at java.lang.ClassLoader.defineClass(ClassLoader.java:635) ~[?:1.7.0_25]
	at m3.classe.M3ClassLoader.findClass(M3ClassLoader.java:61) ~[classes/:?]
	at java.lang.ClassLoader.loadClass(ClassLoader.java:424) ~[?:1.7.0_25]
	at java.lang.ClassLoader.loadClass(ClassLoader.java:357) ~[?:1.7.0_25]
	at m3.classe.ClassUtils.getSuperClass(ClassUtils.java:56) ~[classes/:?]
	at m3.classe.ClassUtils.getSuperClass(ClassUtils.java:52) ~[classes/:?]
	at m3.M3UpgradObject.processM3Object(M3UpgradObject.java:58) [classes/:?]
	at com.app.process.Process.analyse(Process.java:90) [classes/:?]
	at com.app.process.Process.run(Process.java:336) [classes/:?]
	at java.lang.Thread.run(Thread.java:724) [?:1.7.0_25]
[ERROR] 2014-10-28 15:34:11.522 [Thread-10] main - mvx/app/pgm/customer/ALY571_JMD (wrong name: mvx/app/pgm/customer/ALY571)
java.lang.NoClassDefFoundError: mvx/app/pgm/customer/ALY571_JMD (wrong name: mvx/app/pgm/customer/ALY571)
	at java.lang.ClassLoader.defineClass1(Native Method) ~[?:1.7.0_25]
	at java.lang.ClassLoader.defineClass(ClassLoader.java:792) ~[?:1.7.0_25]
	at java.lang.ClassLoader.defineClass(ClassLoader.java:635) ~[?:1.7.0_25]
	at m3.classe.M3ClassLoader.findClass(M3ClassLoader.java:61) ~[classes/:?]
	at java.lang.ClassLoader.loadClass(ClassLoader.java:424) ~[?:1.7.0_25]
	at java.lang.ClassLoader.loadClass(ClassLoader.java:357) ~[?:1.7.0_25]
	at m3.classe.ClassUtils.getSuperClass(ClassUtils.java:56) ~[classes/:?]
	at m3.classe.ClassUtils.getSuperClass(ClassUtils.java:52) ~[classes/:?]
	at m3.M3UpgradObject.processM3Object(M3UpgradObject.java:58) [classes/:?]
	at com.app.process.Process.analyse(Process.java:90) [classes/:?]
	at com.app.process.Process.run(Process.java:336) [classes/:?]
	at java.lang.Thread.run(Thread.java:724) [?:1.7.0_25]
[ERROR] 2014-10-28 15:34:23.150 [Thread-10] main - mvx/app/pgm/customer/ALY723_old (wrong name: mvx/app/pgm/customer/ALY723)
java.lang.NoClassDefFoundError: mvx/app/pgm/customer/ALY723_old (wrong name: mvx/app/pgm/customer/ALY723)
	at java.lang.ClassLoader.defineClass1(Native Method) ~[?:1.7.0_25]
	at java.lang.ClassLoader.defineClass(ClassLoader.java:792) ~[?:1.7.0_25]
	at java.lang.ClassLoader.defineClass(ClassLoader.java:635) ~[?:1.7.0_25]
	at m3.classe.M3ClassLoader.findClass(M3ClassLoader.java:61) ~[classes/:?]
	at java.lang.ClassLoader.loadClass(ClassLoader.java:424) ~[?:1.7.0_25]
	at java.lang.ClassLoader.loadClass(ClassLoader.java:357) ~[?:1.7.0_25]
	at m3.classe.ClassUtils.getSuperClass(ClassUtils.java:56) ~[classes/:?]
	at m3.classe.ClassUtils.getSuperClass(ClassUtils.java:52) ~[classes/:?]
	at m3.M3UpgradObject.processM3Object(M3UpgradObject.java:58) [classes/:?]
	at com.app.process.Process.analyse(Process.java:90) [classes/:?]
	at com.app.process.Process.run(Process.java:336) [classes/:?]
	at java.lang.Thread.run(Thread.java:724) [?:1.7.0_25]
[ERROR] 2014-10-28 15:34:52.214 [Thread-10] main - mvx/app/pgm/customer/ALZ050_old (wrong name: mvx/app/pgm/customer/ALZ050)
java.lang.NoClassDefFoundError: mvx/app/pgm/customer/ALZ050_old (wrong name: mvx/app/pgm/customer/ALZ050)
	at java.lang.ClassLoader.defineClass1(Native Method) ~[?:1.7.0_25]
	at java.lang.ClassLoader.defineClass(ClassLoader.java:792) ~[?:1.7.0_25]
	at java.lang.ClassLoader.defineClass(ClassLoader.java:635) ~[?:1.7.0_25]
	at m3.classe.M3ClassLoader.findClass(M3ClassLoader.java:61) ~[classes/:?]
	at java.lang.ClassLoader.loadClass(ClassLoader.java:424) ~[?:1.7.0_25]
	at java.lang.ClassLoader.loadClass(ClassLoader.java:357) ~[?:1.7.0_25]
	at m3.classe.ClassUtils.getSuperClass(ClassUtils.java:56) ~[classes/:?]
	at m3.classe.ClassUtils.getSuperClass(ClassUtils.java:52) ~[classes/:?]
	at m3.M3UpgradObject.processM3Object(M3UpgradObject.java:58) [classes/:?]
	at com.app.process.Process.analyse(Process.java:90) [classes/:?]
	at com.app.process.Process.run(Process.java:336) [classes/:?]
	at java.lang.Thread.run(Thread.java:724) [?:1.7.0_25]
[ERROR] 2014-10-28 15:35:40.067 [Thread-10] main - mvx/app/pgm/customer/ALZ181_old (wrong name: mvx/app/pgm/customer/ALZ181)
java.lang.NoClassDefFoundError: mvx/app/pgm/customer/ALZ181_old (wrong name: mvx/app/pgm/customer/ALZ181)
	at java.lang.ClassLoader.defineClass1(Native Method) ~[?:1.7.0_25]
	at java.lang.ClassLoader.defineClass(ClassLoader.java:792) ~[?:1.7.0_25]
	at java.lang.ClassLoader.defineClass(ClassLoader.java:635) ~[?:1.7.0_25]
	at m3.classe.M3ClassLoader.findClass(M3ClassLoader.java:61) ~[classes/:?]
	at java.lang.ClassLoader.loadClass(ClassLoader.java:424) ~[?:1.7.0_25]
	at java.lang.ClassLoader.loadClass(ClassLoader.java:357) ~[?:1.7.0_25]
	at m3.classe.ClassUtils.getSuperClass(ClassUtils.java:56) ~[classes/:?]
	at m3.classe.ClassUtils.getSuperClass(ClassUtils.java:52) ~[classes/:?]
	at m3.M3UpgradObject.processM3Object(M3UpgradObject.java:58) [classes/:?]
	at com.app.process.Process.analyse(Process.java:90) [classes/:?]
	at com.app.process.Process.run(Process.java:336) [classes/:?]
	at java.lang.Thread.run(Thread.java:724) [?:1.7.0_25]
[ERROR] 2014-10-28 15:36:10.028 [Thread-10] main - mvx/app/pgm/customer/ALZ436CL_sv (wrong name: mvx/app/pgm/customer/ALZ436CL)
java.lang.NoClassDefFoundError: mvx/app/pgm/customer/ALZ436CL_sv (wrong name: mvx/app/pgm/customer/ALZ436CL)
	at java.lang.ClassLoader.defineClass1(Native Method) ~[?:1.7.0_25]
	at java.lang.ClassLoader.defineClass(ClassLoader.java:792) ~[?:1.7.0_25]
	at java.lang.ClassLoader.defineClass(ClassLoader.java:635) ~[?:1.7.0_25]
	at m3.classe.M3ClassLoader.findClass(M3ClassLoader.java:61) ~[classes/:?]
	at java.lang.ClassLoader.loadClass(ClassLoader.java:424) ~[?:1.7.0_25]
	at java.lang.ClassLoader.loadClass(ClassLoader.java:357) ~[?:1.7.0_25]
	at m3.classe.ClassUtils.getSuperClass(ClassUtils.java:56) ~[classes/:?]
	at m3.classe.ClassUtils.getSuperClass(ClassUtils.java:52) ~[classes/:?]
	at m3.M3UpgradObject.processM3Object(M3UpgradObject.java:58) [classes/:?]
	at com.app.process.Process.analyse(Process.java:90) [classes/:?]
	at com.app.process.Process.run(Process.java:336) [classes/:?]
	at java.lang.Thread.run(Thread.java:724) [?:1.7.0_25]
[ERROR] 2014-10-28 15:36:10.363 [Thread-10] main - mvx/app/pgm/customer/ALZ436_sv (wrong name: mvx/app/pgm/customer/ALZ436)
java.lang.NoClassDefFoundError: mvx/app/pgm/customer/ALZ436_sv (wrong name: mvx/app/pgm/customer/ALZ436)
	at java.lang.ClassLoader.defineClass1(Native Method) ~[?:1.7.0_25]
	at java.lang.ClassLoader.defineClass(ClassLoader.java:792) ~[?:1.7.0_25]
	at java.lang.ClassLoader.defineClass(ClassLoader.java:635) ~[?:1.7.0_25]
	at m3.classe.M3ClassLoader.findClass(M3ClassLoader.java:61) ~[classes/:?]
	at java.lang.ClassLoader.loadClass(ClassLoader.java:424) ~[?:1.7.0_25]
	at java.lang.ClassLoader.loadClass(ClassLoader.java:357) ~[?:1.7.0_25]
	at m3.classe.ClassUtils.getSuperClass(ClassUtils.java:56) ~[classes/:?]
	at m3.classe.ClassUtils.getSuperClass(ClassUtils.java:52) ~[classes/:?]
	at m3.M3UpgradObject.processM3Object(M3UpgradObject.java:58) [classes/:?]
	at com.app.process.Process.analyse(Process.java:90) [classes/:?]
	at com.app.process.Process.run(Process.java:336) [classes/:?]
	at java.lang.Thread.run(Thread.java:724) [?:1.7.0_25]
[ERROR] 2014-10-28 15:36:10.653 [Thread-10] main - mvx/app/pgm/customer/ALZ437_sv (wrong name: mvx/app/pgm/customer/ALZ437)
java.lang.NoClassDefFoundError: mvx/app/pgm/customer/ALZ437_sv (wrong name: mvx/app/pgm/customer/ALZ437)
	at java.lang.ClassLoader.defineClass1(Native Method) ~[?:1.7.0_25]
	at java.lang.ClassLoader.defineClass(ClassLoader.java:792) ~[?:1.7.0_25]
	at java.lang.ClassLoader.defineClass(ClassLoader.java:635) ~[?:1.7.0_25]
	at m3.classe.M3ClassLoader.findClass(M3ClassLoader.java:61) ~[classes/:?]
	at java.lang.ClassLoader.loadClass(ClassLoader.java:424) ~[?:1.7.0_25]
	at java.lang.ClassLoader.loadClass(ClassLoader.java:357) ~[?:1.7.0_25]
	at m3.classe.ClassUtils.getSuperClass(ClassUtils.java:56) ~[classes/:?]
	at m3.classe.ClassUtils.getSuperClass(ClassUtils.java:52) ~[classes/:?]
	at m3.M3UpgradObject.processM3Object(M3UpgradObject.java:58) [classes/:?]
	at com.app.process.Process.analyse(Process.java:90) [classes/:?]
	at com.app.process.Process.run(Process.java:336) [classes/:?]
	at java.lang.Thread.run(Thread.java:724) [?:1.7.0_25]
[ERROR] 2014-10-28 15:36:11.121 [Thread-10] main - mvx/app/pgm/customer/ALZ438_sv (wrong name: mvx/app/pgm/customer/ALZ438)
java.lang.NoClassDefFoundError: mvx/app/pgm/customer/ALZ438_sv (wrong name: mvx/app/pgm/customer/ALZ438)
	at java.lang.ClassLoader.defineClass1(Native Method) ~[?:1.7.0_25]
	at java.lang.ClassLoader.defineClass(ClassLoader.java:792) ~[?:1.7.0_25]
	at java.lang.ClassLoader.defineClass(ClassLoader.java:635) ~[?:1.7.0_25]
	at m3.classe.M3ClassLoader.findClass(M3ClassLoader.java:61) ~[classes/:?]
	at java.lang.ClassLoader.loadClass(ClassLoader.java:424) ~[?:1.7.0_25]
	at java.lang.ClassLoader.loadClass(ClassLoader.java:357) ~[?:1.7.0_25]
	at m3.classe.ClassUtils.getSuperClass(ClassUtils.java:56) ~[classes/:?]
	at m3.classe.ClassUtils.getSuperClass(ClassUtils.java:52) ~[classes/:?]
	at m3.M3UpgradObject.processM3Object(M3UpgradObject.java:58) [classes/:?]
	at com.app.process.Process.analyse(Process.java:90) [classes/:?]
	at com.app.process.Process.run(Process.java:336) [classes/:?]
	at java.lang.Thread.run(Thread.java:724) [?:1.7.0_25]
[ERROR] 2014-10-28 15:36:15.403 [Thread-10] main - mvx/app/pgm/customer/ALZ475_old (wrong name: mvx/app/pgm/customer/ALZ475)
java.lang.NoClassDefFoundError: mvx/app/pgm/customer/ALZ475_old (wrong name: mvx/app/pgm/customer/ALZ475)
	at java.lang.ClassLoader.defineClass1(Native Method) ~[?:1.7.0_25]
	at java.lang.ClassLoader.defineClass(ClassLoader.java:792) ~[?:1.7.0_25]
	at java.lang.ClassLoader.defineClass(ClassLoader.java:635) ~[?:1.7.0_25]
	at m3.classe.M3ClassLoader.findClass(M3ClassLoader.java:61) ~[classes/:?]
	at java.lang.ClassLoader.loadClass(ClassLoader.java:424) ~[?:1.7.0_25]
	at java.lang.ClassLoader.loadClass(ClassLoader.java:357) ~[?:1.7.0_25]
	at m3.classe.ClassUtils.getSuperClass(ClassUtils.java:56) ~[classes/:?]
	at m3.classe.ClassUtils.getSuperClass(ClassUtils.java:52) ~[classes/:?]
	at m3.M3UpgradObject.processM3Object(M3UpgradObject.java:58) [classes/:?]
	at com.app.process.Process.analyse(Process.java:90) [classes/:?]
	at com.app.process.Process.run(Process.java:336) [classes/:?]
	at java.lang.Thread.run(Thread.java:724) [?:1.7.0_25]
[ERROR] 2014-10-28 15:36:18.619 [Thread-10] main - mvx/app/pgm/customer/ALZ482_notProd (wrong name: mvx/app/pgm/customer/ALZ482)
java.lang.NoClassDefFoundError: mvx/app/pgm/customer/ALZ482_notProd (wrong name: mvx/app/pgm/customer/ALZ482)
	at java.lang.ClassLoader.defineClass1(Native Method) ~[?:1.7.0_25]
	at java.lang.ClassLoader.defineClass(ClassLoader.java:792) ~[?:1.7.0_25]
	at java.lang.ClassLoader.defineClass(ClassLoader.java:635) ~[?:1.7.0_25]
	at m3.classe.M3ClassLoader.findClass(M3ClassLoader.java:61) ~[classes/:?]
	at java.lang.ClassLoader.loadClass(ClassLoader.java:424) ~[?:1.7.0_25]
	at java.lang.ClassLoader.loadClass(ClassLoader.java:357) ~[?:1.7.0_25]
	at m3.classe.ClassUtils.getSuperClass(ClassUtils.java:56) ~[classes/:?]
	at m3.classe.ClassUtils.getSuperClass(ClassUtils.java:52) ~[classes/:?]
	at m3.M3UpgradObject.processM3Object(M3UpgradObject.java:58) [classes/:?]
	at com.app.process.Process.analyse(Process.java:90) [classes/:?]
	at com.app.process.Process.run(Process.java:336) [classes/:?]
	at java.lang.Thread.run(Thread.java:724) [?:1.7.0_25]
[ERROR] 2014-10-28 15:36:19.144 [Thread-10] main - mvx/app/pgm/customer/ALZ483_notProd (wrong name: mvx/app/pgm/customer/ALZ483)
java.lang.NoClassDefFoundError: mvx/app/pgm/customer/ALZ483_notProd (wrong name: mvx/app/pgm/customer/ALZ483)
	at java.lang.ClassLoader.defineClass1(Native Method) ~[?:1.7.0_25]
	at java.lang.ClassLoader.defineClass(ClassLoader.java:792) ~[?:1.7.0_25]
	at java.lang.ClassLoader.defineClass(ClassLoader.java:635) ~[?:1.7.0_25]
	at m3.classe.M3ClassLoader.findClass(M3ClassLoader.java:61) ~[classes/:?]
	at java.lang.ClassLoader.loadClass(ClassLoader.java:424) ~[?:1.7.0_25]
	at java.lang.ClassLoader.loadClass(ClassLoader.java:357) ~[?:1.7.0_25]
	at m3.classe.ClassUtils.getSuperClass(ClassUtils.java:56) ~[classes/:?]
	at m3.classe.ClassUtils.getSuperClass(ClassUtils.java:52) ~[classes/:?]
	at m3.M3UpgradObject.processM3Object(M3UpgradObject.java:58) [classes/:?]
	at com.app.process.Process.analyse(Process.java:90) [classes/:?]
	at com.app.process.Process.run(Process.java:336) [classes/:?]
	at java.lang.Thread.run(Thread.java:724) [?:1.7.0_25]
[ERROR] 2014-10-28 15:36:29.882 [Thread-10] main - mvx/app/pgm/customer/ALZ540S2_hold (wrong name: mvx/app/pgm/customer/ALZ540S2)
java.lang.NoClassDefFoundError: mvx/app/pgm/customer/ALZ540S2_hold (wrong name: mvx/app/pgm/customer/ALZ540S2)
	at java.lang.ClassLoader.defineClass1(Native Method) ~[?:1.7.0_25]
	at java.lang.ClassLoader.defineClass(ClassLoader.java:792) ~[?:1.7.0_25]
	at java.lang.ClassLoader.defineClass(ClassLoader.java:635) ~[?:1.7.0_25]
	at m3.classe.M3ClassLoader.findClass(M3ClassLoader.java:61) ~[classes/:?]
	at java.lang.ClassLoader.loadClass(ClassLoader.java:424) ~[?:1.7.0_25]
	at java.lang.ClassLoader.loadClass(ClassLoader.java:357) ~[?:1.7.0_25]
	at m3.classe.ClassUtils.getSuperClass(ClassUtils.java:56) ~[classes/:?]
	at m3.classe.ClassUtils.getSuperClass(ClassUtils.java:52) ~[classes/:?]
	at m3.M3UpgradObject.processM3Object(M3UpgradObject.java:58) [classes/:?]
	at com.app.process.Process.analyse(Process.java:90) [classes/:?]
	at com.app.process.Process.run(Process.java:336) [classes/:?]
	at java.lang.Thread.run(Thread.java:724) [?:1.7.0_25]
[ERROR] 2014-10-28 15:36:56.942 [Thread-10] main - mvx/app/pgm/customer/ALZ838_old (wrong name: mvx/app/pgm/customer/ALZ838)
java.lang.NoClassDefFoundError: mvx/app/pgm/customer/ALZ838_old (wrong name: mvx/app/pgm/customer/ALZ838)
	at java.lang.ClassLoader.defineClass1(Native Method) ~[?:1.7.0_25]
	at java.lang.ClassLoader.defineClass(ClassLoader.java:792) ~[?:1.7.0_25]
	at java.lang.ClassLoader.defineClass(ClassLoader.java:635) ~[?:1.7.0_25]
	at m3.classe.M3ClassLoader.findClass(M3ClassLoader.java:61) ~[classes/:?]
	at java.lang.ClassLoader.loadClass(ClassLoader.java:424) ~[?:1.7.0_25]
	at java.lang.ClassLoader.loadClass(ClassLoader.java:357) ~[?:1.7.0_25]
	at m3.classe.ClassUtils.getSuperClass(ClassUtils.java:56) ~[classes/:?]
	at m3.classe.ClassUtils.getSuperClass(ClassUtils.java:52) ~[classes/:?]
	at m3.M3UpgradObject.processM3Object(M3UpgradObject.java:58) [classes/:?]
	at com.app.process.Process.analyse(Process.java:90) [classes/:?]
	at com.app.process.Process.run(Process.java:336) [classes/:?]
	at java.lang.Thread.run(Thread.java:724) [?:1.7.0_25]
[ERROR] 2014-10-28 15:37:10.918 [Thread-10] main - mvx/app/pgm/customer/ALZFAC_anc (wrong name: mvx/app/pgm/customer/ALZFAC)
java.lang.NoClassDefFoundError: mvx/app/pgm/customer/ALZFAC_anc (wrong name: mvx/app/pgm/customer/ALZFAC)
	at java.lang.ClassLoader.defineClass1(Native Method) ~[?:1.7.0_25]
	at java.lang.ClassLoader.defineClass(ClassLoader.java:792) ~[?:1.7.0_25]
	at java.lang.ClassLoader.defineClass(ClassLoader.java:635) ~[?:1.7.0_25]
	at m3.classe.M3ClassLoader.findClass(M3ClassLoader.java:61) ~[classes/:?]
	at java.lang.ClassLoader.loadClass(ClassLoader.java:424) ~[?:1.7.0_25]
	at java.lang.ClassLoader.loadClass(ClassLoader.java:357) ~[?:1.7.0_25]
	at m3.classe.ClassUtils.getSuperClass(ClassUtils.java:56) ~[classes/:?]
	at m3.classe.ClassUtils.getSuperClass(ClassUtils.java:52) ~[classes/:?]
	at m3.M3UpgradObject.processM3Object(M3UpgradObject.java:58) [classes/:?]
	at com.app.process.Process.analyse(Process.java:90) [classes/:?]
	at com.app.process.Process.run(Process.java:336) [classes/:?]
	at java.lang.Thread.run(Thread.java:724) [?:1.7.0_25]
[ERROR] 2014-10-28 15:37:12.848 [Thread-10] main - mvx/app/pgm/customer/ALZMS1_rnm (wrong name: mvx/app/pgm/customer/ALZMS1)
java.lang.NoClassDefFoundError: mvx/app/pgm/customer/ALZMS1_rnm (wrong name: mvx/app/pgm/customer/ALZMS1)
	at java.lang.ClassLoader.defineClass1(Native Method) ~[?:1.7.0_25]
	at java.lang.ClassLoader.defineClass(ClassLoader.java:792) ~[?:1.7.0_25]
	at java.lang.ClassLoader.defineClass(ClassLoader.java:635) ~[?:1.7.0_25]
	at m3.classe.M3ClassLoader.findClass(M3ClassLoader.java:61) ~[classes/:?]
	at java.lang.ClassLoader.loadClass(ClassLoader.java:424) ~[?:1.7.0_25]
	at java.lang.ClassLoader.loadClass(ClassLoader.java:357) ~[?:1.7.0_25]
	at m3.classe.ClassUtils.getSuperClass(ClassUtils.java:56) ~[classes/:?]
	at m3.classe.ClassUtils.getSuperClass(ClassUtils.java:52) ~[classes/:?]
	at m3.M3UpgradObject.processM3Object(M3UpgradObject.java:58) [classes/:?]
	at com.app.process.Process.analyse(Process.java:90) [classes/:?]
	at com.app.process.Process.run(Process.java:336) [classes/:?]
	at java.lang.Thread.run(Thread.java:724) [?:1.7.0_25]
[ERROR] 2014-10-28 15:38:17.187 [Thread-10] main - mvx/app/pgm/customer/APS105_sv (wrong name: mvx/app/pgm/customer/APS105)
java.lang.NoClassDefFoundError: mvx/app/pgm/customer/APS105_sv (wrong name: mvx/app/pgm/customer/APS105)
	at java.lang.ClassLoader.defineClass1(Native Method) ~[?:1.7.0_25]
	at java.lang.ClassLoader.defineClass(ClassLoader.java:792) ~[?:1.7.0_25]
	at java.lang.ClassLoader.defineClass(ClassLoader.java:635) ~[?:1.7.0_25]
	at m3.classe.M3ClassLoader.findClass(M3ClassLoader.java:61) ~[classes/:?]
	at java.lang.ClassLoader.loadClass(ClassLoader.java:424) ~[?:1.7.0_25]
	at java.lang.ClassLoader.loadClass(ClassLoader.java:357) ~[?:1.7.0_25]
	at m3.classe.ClassUtils.getSuperClass(ClassUtils.java:56) ~[classes/:?]
	at m3.classe.ClassUtils.getSuperClass(ClassUtils.java:52) ~[classes/:?]
	at m3.M3UpgradObject.processM3Object(M3UpgradObject.java:58) [classes/:?]
	at com.app.process.Process.analyse(Process.java:90) [classes/:?]
	at com.app.process.Process.run(Process.java:336) [classes/:?]
	at java.lang.Thread.run(Thread.java:724) [?:1.7.0_25]
[ERROR] 2014-10-28 15:39:24.811 [Thread-10] main - mvx/app/pgm/customer/APS200NEW (wrong name: mvx/app/pgm/customer/APS200)
java.lang.NoClassDefFoundError: mvx/app/pgm/customer/APS200NEW (wrong name: mvx/app/pgm/customer/APS200)
	at java.lang.ClassLoader.defineClass1(Native Method) ~[?:1.7.0_25]
	at java.lang.ClassLoader.defineClass(ClassLoader.java:792) ~[?:1.7.0_25]
	at java.lang.ClassLoader.defineClass(ClassLoader.java:635) ~[?:1.7.0_25]
	at m3.classe.M3ClassLoader.findClass(M3ClassLoader.java:61) ~[classes/:?]
	at java.lang.ClassLoader.loadClass(ClassLoader.java:424) ~[?:1.7.0_25]
	at java.lang.ClassLoader.loadClass(ClassLoader.java:357) ~[?:1.7.0_25]
	at m3.classe.ClassUtils.getSuperClass(ClassUtils.java:56) ~[classes/:?]
	at m3.classe.ClassUtils.getSuperClass(ClassUtils.java:52) ~[classes/:?]
	at m3.M3UpgradObject.processM3Object(M3UpgradObject.java:58) [classes/:?]
	at com.app.process.Process.analyse(Process.java:90) [classes/:?]
	at com.app.process.Process.run(Process.java:336) [classes/:?]
	at java.lang.Thread.run(Thread.java:724) [?:1.7.0_25]
[ERROR] 2014-10-28 15:39:47.335 [Thread-10] main - mvx/app/pgm/customer/APZ051_OLD (wrong name: mvx/app/pgm/customer/APZ051)
java.lang.NoClassDefFoundError: mvx/app/pgm/customer/APZ051_OLD (wrong name: mvx/app/pgm/customer/APZ051)
	at java.lang.ClassLoader.defineClass1(Native Method) ~[?:1.7.0_25]
	at java.lang.ClassLoader.defineClass(ClassLoader.java:792) ~[?:1.7.0_25]
	at java.lang.ClassLoader.defineClass(ClassLoader.java:635) ~[?:1.7.0_25]
	at m3.classe.M3ClassLoader.findClass(M3ClassLoader.java:61) ~[classes/:?]
	at java.lang.ClassLoader.loadClass(ClassLoader.java:424) ~[?:1.7.0_25]
	at java.lang.ClassLoader.loadClass(ClassLoader.java:357) ~[?:1.7.0_25]
	at m3.classe.ClassUtils.getSuperClass(ClassUtils.java:56) ~[classes/:?]
	at m3.classe.ClassUtils.getSuperClass(ClassUtils.java:52) ~[classes/:?]
	at m3.M3UpgradObject.processM3Object(M3UpgradObject.java:58) [classes/:?]
	at com.app.process.Process.analyse(Process.java:90) [classes/:?]
	at com.app.process.Process.run(Process.java:336) [classes/:?]
	at java.lang.Thread.run(Thread.java:724) [?:1.7.0_25]
[ERROR] 2014-10-28 15:40:44.270 [Thread-10] main - mvx/app/pgm/customer/ARS193old (wrong name: mvx/app/pgm/customer/ARS193)
java.lang.NoClassDefFoundError: mvx/app/pgm/customer/ARS193old (wrong name: mvx/app/pgm/customer/ARS193)
	at java.lang.ClassLoader.defineClass1(Native Method) ~[?:1.7.0_25]
	at java.lang.ClassLoader.defineClass(ClassLoader.java:792) ~[?:1.7.0_25]
	at java.lang.ClassLoader.defineClass(ClassLoader.java:635) ~[?:1.7.0_25]
	at m3.classe.M3ClassLoader.findClass(M3ClassLoader.java:61) ~[classes/:?]
	at java.lang.ClassLoader.loadClass(ClassLoader.java:424) ~[?:1.7.0_25]
	at java.lang.ClassLoader.loadClass(ClassLoader.java:357) ~[?:1.7.0_25]
	at m3.classe.ClassUtils.getSuperClass(ClassUtils.java:56) ~[classes/:?]
	at m3.classe.ClassUtils.getSuperClass(ClassUtils.java:52) ~[classes/:?]
	at m3.M3UpgradObject.processM3Object(M3UpgradObject.java:58) [classes/:?]
	at com.app.process.Process.analyse(Process.java:90) [classes/:?]
	at com.app.process.Process.run(Process.java:336) [classes/:?]
	at java.lang.Thread.run(Thread.java:724) [?:1.7.0_25]
[ERROR] 2014-10-28 15:42:26.086 [Thread-10] main - mvx/app/pgm/customer/ARY313_c (wrong name: mvx/app/pgm/customer/ARY313)
java.lang.NoClassDefFoundError: mvx/app/pgm/customer/ARY313_c (wrong name: mvx/app/pgm/customer/ARY313)
	at java.lang.ClassLoader.defineClass1(Native Method) ~[?:1.7.0_25]
	at java.lang.ClassLoader.defineClass(ClassLoader.java:792) ~[?:1.7.0_25]
	at java.lang.ClassLoader.defineClass(ClassLoader.java:635) ~[?:1.7.0_25]
	at m3.classe.M3ClassLoader.findClass(M3ClassLoader.java:61) ~[classes/:?]
	at java.lang.ClassLoader.loadClass(ClassLoader.java:424) ~[?:1.7.0_25]
	at java.lang.ClassLoader.loadClass(ClassLoader.java:357) ~[?:1.7.0_25]
	at m3.classe.ClassUtils.getSuperClass(ClassUtils.java:56) ~[classes/:?]
	at m3.classe.ClassUtils.getSuperClass(ClassUtils.java:52) ~[classes/:?]
	at m3.M3UpgradObject.processM3Object(M3UpgradObject.java:58) [classes/:?]
	at com.app.process.Process.analyse(Process.java:90) [classes/:?]
	at com.app.process.Process.run(Process.java:336) [classes/:?]
	at java.lang.Thread.run(Thread.java:724) [?:1.7.0_25]
[ERROR] 2014-10-28 15:44:43.919 [Thread-10] main - mvx/app/pgm/customer/CRS610_old (wrong name: mvx/app/pgm/customer/CRS610)
java.lang.NoClassDefFoundError: mvx/app/pgm/customer/CRS610_old (wrong name: mvx/app/pgm/customer/CRS610)
	at java.lang.ClassLoader.defineClass1(Native Method) ~[?:1.7.0_25]
	at java.lang.ClassLoader.defineClass(ClassLoader.java:792) ~[?:1.7.0_25]
	at java.lang.ClassLoader.defineClass(ClassLoader.java:635) ~[?:1.7.0_25]
	at m3.classe.M3ClassLoader.findClass(M3ClassLoader.java:61) ~[classes/:?]
	at java.lang.ClassLoader.loadClass(ClassLoader.java:424) ~[?:1.7.0_25]
	at java.lang.ClassLoader.loadClass(ClassLoader.java:357) ~[?:1.7.0_25]
	at m3.classe.ClassUtils.getSuperClass(ClassUtils.java:56) ~[classes/:?]
	at m3.classe.ClassUtils.getSuperClass(ClassUtils.java:52) ~[classes/:?]
	at m3.M3UpgradObject.processM3Object(M3UpgradObject.java:58) [classes/:?]
	at com.app.process.Process.analyse(Process.java:90) [classes/:?]
	at com.app.process.Process.run(Process.java:336) [classes/:?]
	at java.lang.Thread.run(Thread.java:724) [?:1.7.0_25]
[ERROR] 2014-10-28 15:44:44.174 [Thread-10] main - mvx/app/pgm/customer/CRS610sv (wrong name: mvx/app/pgm/customer/CRS610)
java.lang.NoClassDefFoundError: mvx/app/pgm/customer/CRS610sv (wrong name: mvx/app/pgm/customer/CRS610)
	at java.lang.ClassLoader.defineClass1(Native Method) ~[?:1.7.0_25]
	at java.lang.ClassLoader.defineClass(ClassLoader.java:792) ~[?:1.7.0_25]
	at java.lang.ClassLoader.defineClass(ClassLoader.java:635) ~[?:1.7.0_25]
	at m3.classe.M3ClassLoader.findClass(M3ClassLoader.java:61) ~[classes/:?]
	at java.lang.ClassLoader.loadClass(ClassLoader.java:424) ~[?:1.7.0_25]
	at java.lang.ClassLoader.loadClass(ClassLoader.java:357) ~[?:1.7.0_25]
	at m3.classe.ClassUtils.getSuperClass(ClassUtils.java:56) ~[classes/:?]
	at m3.classe.ClassUtils.getSuperClass(ClassUtils.java:52) ~[classes/:?]
	at m3.M3UpgradObject.processM3Object(M3UpgradObject.java:58) [classes/:?]
	at com.app.process.Process.analyse(Process.java:90) [classes/:?]
	at com.app.process.Process.run(Process.java:336) [classes/:?]
	at java.lang.Thread.run(Thread.java:724) [?:1.7.0_25]
[ERROR] 2014-10-28 15:45:45.760 [Thread-10] main - mvx/app/pgm/customer/Copie de ALZFAC (wrong name: mvx/app/pgm/customer/ALZFAC)
java.lang.NoClassDefFoundError: mvx/app/pgm/customer/Copie de ALZFAC (wrong name: mvx/app/pgm/customer/ALZFAC)
	at java.lang.ClassLoader.defineClass1(Native Method) ~[?:1.7.0_25]
	at java.lang.ClassLoader.defineClass(ClassLoader.java:792) ~[?:1.7.0_25]
	at java.lang.ClassLoader.defineClass(ClassLoader.java:635) ~[?:1.7.0_25]
	at m3.classe.M3ClassLoader.findClass(M3ClassLoader.java:61) ~[classes/:?]
	at java.lang.ClassLoader.loadClass(ClassLoader.java:424) ~[?:1.7.0_25]
	at java.lang.ClassLoader.loadClass(ClassLoader.java:357) ~[?:1.7.0_25]
	at m3.classe.ClassUtils.getSuperClass(ClassUtils.java:56) ~[classes/:?]
	at m3.classe.ClassUtils.getSuperClass(ClassUtils.java:52) ~[classes/:?]
	at m3.M3UpgradObject.processM3Object(M3UpgradObject.java:58) [classes/:?]
	at com.app.process.Process.analyse(Process.java:90) [classes/:?]
	at com.app.process.Process.run(Process.java:336) [classes/:?]
	at java.lang.Thread.run(Thread.java:724) [?:1.7.0_25]
[ERROR] 2014-10-28 15:45:46.233 [Thread-10] main - mvx/app/pgm/customer/Copy of ARS112 (wrong name: mvx/app/pgm/customer/ARS112)
java.lang.NoClassDefFoundError: mvx/app/pgm/customer/Copy of ARS112 (wrong name: mvx/app/pgm/customer/ARS112)
	at java.lang.ClassLoader.defineClass1(Native Method) ~[?:1.7.0_25]
	at java.lang.ClassLoader.defineClass(ClassLoader.java:792) ~[?:1.7.0_25]
	at java.lang.ClassLoader.defineClass(ClassLoader.java:635) ~[?:1.7.0_25]
	at m3.classe.M3ClassLoader.findClass(M3ClassLoader.java:61) ~[classes/:?]
	at java.lang.ClassLoader.loadClass(ClassLoader.java:424) ~[?:1.7.0_25]
	at java.lang.ClassLoader.loadClass(ClassLoader.java:357) ~[?:1.7.0_25]
	at m3.classe.ClassUtils.getSuperClass(ClassUtils.java:56) ~[classes/:?]
	at m3.classe.ClassUtils.getSuperClass(ClassUtils.java:52) ~[classes/:?]
	at m3.M3UpgradObject.processM3Object(M3UpgradObject.java:58) [classes/:?]
	at com.app.process.Process.analyse(Process.java:90) [classes/:?]
	at com.app.process.Process.run(Process.java:336) [classes/:?]
	at java.lang.Thread.run(Thread.java:724) [?:1.7.0_25]
[ERROR] 2014-10-28 15:47:42.528 [Thread-10] main - mvx/app/pgm/customer/MES010_old (wrong name: mvx/app/pgm/customer/MES010)
java.lang.NoClassDefFoundError: mvx/app/pgm/customer/MES010_old (wrong name: mvx/app/pgm/customer/MES010)
	at java.lang.ClassLoader.defineClass1(Native Method) ~[?:1.7.0_25]
	at java.lang.ClassLoader.defineClass(ClassLoader.java:792) ~[?:1.7.0_25]
	at java.lang.ClassLoader.defineClass(ClassLoader.java:635) ~[?:1.7.0_25]
	at m3.classe.M3ClassLoader.findClass(M3ClassLoader.java:61) ~[classes/:?]
	at java.lang.ClassLoader.loadClass(ClassLoader.java:424) ~[?:1.7.0_25]
	at java.lang.ClassLoader.loadClass(ClassLoader.java:357) ~[?:1.7.0_25]
	at m3.classe.ClassUtils.getSuperClass(ClassUtils.java:56) ~[classes/:?]
	at m3.classe.ClassUtils.getSuperClass(ClassUtils.java:52) ~[classes/:?]
	at m3.M3UpgradObject.processM3Object(M3UpgradObject.java:58) [classes/:?]
	at com.app.process.Process.analyse(Process.java:90) [classes/:?]
	at com.app.process.Process.run(Process.java:336) [classes/:?]
	at java.lang.Thread.run(Thread.java:724) [?:1.7.0_25]
[ERROR] 2014-10-28 15:53:47.195 [Thread-10] main - mvx/app/pgm/customer/NOE010_new (wrong name: mvx/app/pgm/customer/NOE010)
java.lang.NoClassDefFoundError: mvx/app/pgm/customer/NOE010_new (wrong name: mvx/app/pgm/customer/NOE010)
	at java.lang.ClassLoader.defineClass1(Native Method) ~[?:1.7.0_25]
	at java.lang.ClassLoader.defineClass(ClassLoader.java:792) ~[?:1.7.0_25]
	at java.lang.ClassLoader.defineClass(ClassLoader.java:635) ~[?:1.7.0_25]
	at m3.classe.M3ClassLoader.findClass(M3ClassLoader.java:61) ~[classes/:?]
	at java.lang.ClassLoader.loadClass(ClassLoader.java:424) ~[?:1.7.0_25]
	at java.lang.ClassLoader.loadClass(ClassLoader.java:357) ~[?:1.7.0_25]
	at m3.classe.ClassUtils.getSuperClass(ClassUtils.java:56) ~[classes/:?]
	at m3.classe.ClassUtils.getSuperClass(ClassUtils.java:52) ~[classes/:?]
	at m3.M3UpgradObject.processM3Object(M3UpgradObject.java:58) [classes/:?]
	at com.app.process.Process.analyse(Process.java:90) [classes/:?]
	at com.app.process.Process.run(Process.java:336) [classes/:?]
	at java.lang.Thread.run(Thread.java:724) [?:1.7.0_25]
[ERROR] 2014-10-28 15:53:47.454 [Thread-10] main - mvx/app/pgm/customer/NOE010old (wrong name: mvx/app/pgm/customer/NOE010)
java.lang.NoClassDefFoundError: mvx/app/pgm/customer/NOE010old (wrong name: mvx/app/pgm/customer/NOE010)
	at java.lang.ClassLoader.defineClass1(Native Method) ~[?:1.7.0_25]
	at java.lang.ClassLoader.defineClass(ClassLoader.java:792) ~[?:1.7.0_25]
	at java.lang.ClassLoader.defineClass(ClassLoader.java:635) ~[?:1.7.0_25]
	at m3.classe.M3ClassLoader.findClass(M3ClassLoader.java:61) ~[classes/:?]
	at java.lang.ClassLoader.loadClass(ClassLoader.java:424) ~[?:1.7.0_25]
	at java.lang.ClassLoader.loadClass(ClassLoader.java:357) ~[?:1.7.0_25]
	at m3.classe.ClassUtils.getSuperClass(ClassUtils.java:56) ~[classes/:?]
	at m3.classe.ClassUtils.getSuperClass(ClassUtils.java:52) ~[classes/:?]
	at m3.M3UpgradObject.processM3Object(M3UpgradObject.java:58) [classes/:?]
	at com.app.process.Process.analyse(Process.java:90) [classes/:?]
	at com.app.process.Process.run(Process.java:336) [classes/:?]
	at java.lang.Thread.run(Thread.java:724) [?:1.7.0_25]
[ERROR] 2014-10-28 15:53:47.697 [Thread-10] main - mvx/app/pgm/customer/NOE020_new (wrong name: mvx/app/pgm/customer/NOE020)
java.lang.NoClassDefFoundError: mvx/app/pgm/customer/NOE020_new (wrong name: mvx/app/pgm/customer/NOE020)
	at java.lang.ClassLoader.defineClass1(Native Method) ~[?:1.7.0_25]
	at java.lang.ClassLoader.defineClass(ClassLoader.java:792) ~[?:1.7.0_25]
	at java.lang.ClassLoader.defineClass(ClassLoader.java:635) ~[?:1.7.0_25]
	at m3.classe.M3ClassLoader.findClass(M3ClassLoader.java:61) ~[classes/:?]
	at java.lang.ClassLoader.loadClass(ClassLoader.java:424) ~[?:1.7.0_25]
	at java.lang.ClassLoader.loadClass(ClassLoader.java:357) ~[?:1.7.0_25]
	at m3.classe.ClassUtils.getSuperClass(ClassUtils.java:56) ~[classes/:?]
	at m3.classe.ClassUtils.getSuperClass(ClassUtils.java:52) ~[classes/:?]
	at m3.M3UpgradObject.processM3Object(M3UpgradObject.java:58) [classes/:?]
	at com.app.process.Process.analyse(Process.java:90) [classes/:?]
	at com.app.process.Process.run(Process.java:336) [classes/:?]
	at java.lang.Thread.run(Thread.java:724) [?:1.7.0_25]
[ERROR] 2014-10-28 15:57:23.190 [Thread-10] main - mvx/app/pgm/customer/OIS400_old (wrong name: mvx/app/pgm/customer/OIS400)
java.lang.NoClassDefFoundError: mvx/app/pgm/customer/OIS400_old (wrong name: mvx/app/pgm/customer/OIS400)
	at java.lang.ClassLoader.defineClass1(Native Method) ~[?:1.7.0_25]
	at java.lang.ClassLoader.defineClass(ClassLoader.java:792) ~[?:1.7.0_25]
	at java.lang.ClassLoader.defineClass(ClassLoader.java:635) ~[?:1.7.0_25]
	at m3.classe.M3ClassLoader.findClass(M3ClassLoader.java:61) ~[classes/:?]
	at java.lang.ClassLoader.loadClass(ClassLoader.java:424) ~[?:1.7.0_25]
	at java.lang.ClassLoader.loadClass(ClassLoader.java:357) ~[?:1.7.0_25]
	at m3.classe.ClassUtils.getSuperClass(ClassUtils.java:56) ~[classes/:?]
	at m3.classe.ClassUtils.getSuperClass(ClassUtils.java:52) ~[classes/:?]
	at m3.M3UpgradObject.processM3Object(M3UpgradObject.java:58) [classes/:?]
	at com.app.process.Process.analyse(Process.java:90) [classes/:?]
	at com.app.process.Process.run(Process.java:336) [classes/:?]
	at java.lang.Thread.run(Thread.java:724) [?:1.7.0_25]
[ERROR] 2014-10-28 15:58:07.930 [Thread-10] main - mvx/app/pgm/customer/OIZ100_old (wrong name: mvx/app/pgm/customer/OIZ100)
java.lang.NoClassDefFoundError: mvx/app/pgm/customer/OIZ100_old (wrong name: mvx/app/pgm/customer/OIZ100)
	at java.lang.ClassLoader.defineClass1(Native Method) ~[?:1.7.0_25]
	at java.lang.ClassLoader.defineClass(ClassLoader.java:792) ~[?:1.7.0_25]
	at java.lang.ClassLoader.defineClass(ClassLoader.java:635) ~[?:1.7.0_25]
	at m3.classe.M3ClassLoader.findClass(M3ClassLoader.java:61) ~[classes/:?]
	at java.lang.ClassLoader.loadClass(ClassLoader.java:424) ~[?:1.7.0_25]
	at java.lang.ClassLoader.loadClass(ClassLoader.java:357) ~[?:1.7.0_25]
	at m3.classe.ClassUtils.getSuperClass(ClassUtils.java:56) ~[classes/:?]
	at m3.classe.ClassUtils.getSuperClass(ClassUtils.java:52) ~[classes/:?]
	at m3.M3UpgradObject.processM3Object(M3UpgradObject.java:58) [classes/:?]
	at com.app.process.Process.analyse(Process.java:90) [classes/:?]
	at com.app.process.Process.run(Process.java:336) [classes/:?]
	at java.lang.Thread.run(Thread.java:724) [?:1.7.0_25]
[ERROR] 2014-10-28 16:07:26.126 [Thread-10] main - mvx/app/pgm/customer/SOS640_old (wrong name: mvx/app/pgm/customer/SOS640)
java.lang.NoClassDefFoundError: mvx/app/pgm/customer/SOS640_old (wrong name: mvx/app/pgm/customer/SOS640)
	at java.lang.ClassLoader.defineClass1(Native Method) ~[?:1.7.0_25]
	at java.lang.ClassLoader.defineClass(ClassLoader.java:792) ~[?:1.7.0_25]
	at java.lang.ClassLoader.defineClass(ClassLoader.java:635) ~[?:1.7.0_25]
	at m3.classe.M3ClassLoader.findClass(M3ClassLoader.java:61) ~[classes/:?]
	at java.lang.ClassLoader.loadClass(ClassLoader.java:424) ~[?:1.7.0_25]
	at java.lang.ClassLoader.loadClass(ClassLoader.java:357) ~[?:1.7.0_25]
	at m3.classe.ClassUtils.getSuperClass(ClassUtils.java:56) ~[classes/:?]
	at m3.classe.ClassUtils.getSuperClass(ClassUtils.java:52) ~[classes/:?]
	at m3.M3UpgradObject.processM3Object(M3UpgradObject.java:58) [classes/:?]
	at com.app.process.Process.analyse(Process.java:90) [classes/:?]
	at com.app.process.Process.run(Process.java:336) [classes/:?]
	at java.lang.Thread.run(Thread.java:724) [?:1.7.0_25]
[ERROR] 2014-10-28 16:09:54.611 [Thread-10] main - mvx/app/pgm/customer/pps622 (wrong name: mvx/app/pgm/customer/PPS622)
java.lang.NoClassDefFoundError: mvx/app/pgm/customer/pps622 (wrong name: mvx/app/pgm/customer/PPS622)
	at java.lang.ClassLoader.defineClass1(Native Method) ~[?:1.7.0_25]
	at java.lang.ClassLoader.defineClass(ClassLoader.java:792) ~[?:1.7.0_25]
	at java.lang.ClassLoader.defineClass(ClassLoader.java:635) ~[?:1.7.0_25]
	at m3.classe.M3ClassLoader.findClass(M3ClassLoader.java:61) ~[classes/:?]
	at java.lang.ClassLoader.loadClass(ClassLoader.java:424) ~[?:1.7.0_25]
	at java.lang.ClassLoader.loadClass(ClassLoader.java:357) ~[?:1.7.0_25]
	at m3.classe.ClassUtils.getSuperClass(ClassUtils.java:56) ~[classes/:?]
	at m3.classe.ClassUtils.getSuperClass(ClassUtils.java:52) ~[classes/:?]
	at m3.M3UpgradObject.processM3Object(M3UpgradObject.java:58) [classes/:?]
	at com.app.process.Process.analyse(Process.java:90) [classes/:?]
	at com.app.process.Process.run(Process.java:336) [classes/:?]
	at java.lang.Thread.run(Thread.java:724) [?:1.7.0_25]
[ERROR] 2014-10-28 16:09:54.954 [Thread-10] main - mvx/app/pgm/customer/svOOHEADPI (wrong name: mvx/app/pgm/customer/OOHEADPI)
java.lang.NoClassDefFoundError: mvx/app/pgm/customer/svOOHEADPI (wrong name: mvx/app/pgm/customer/OOHEADPI)
	at java.lang.ClassLoader.defineClass1(Native Method) ~[?:1.7.0_25]
	at java.lang.ClassLoader.defineClass(ClassLoader.java:792) ~[?:1.7.0_25]
	at java.lang.ClassLoader.defineClass(ClassLoader.java:635) ~[?:1.7.0_25]
	at m3.classe.M3ClassLoader.findClass(M3ClassLoader.java:61) ~[classes/:?]
	at java.lang.ClassLoader.loadClass(ClassLoader.java:424) ~[?:1.7.0_25]
	at java.lang.ClassLoader.loadClass(ClassLoader.java:357) ~[?:1.7.0_25]
	at m3.classe.ClassUtils.getSuperClass(ClassUtils.java:56) ~[classes/:?]
	at m3.classe.ClassUtils.getSuperClass(ClassUtils.java:52) ~[classes/:?]
	at m3.M3UpgradObject.processM3Object(M3UpgradObject.java:58) [classes/:?]
	at com.app.process.Process.analyse(Process.java:90) [classes/:?]
	at com.app.process.Process.run(Process.java:336) [classes/:?]
	at java.lang.Thread.run(Thread.java:724) [?:1.7.0_25]
[ERROR] 2014-10-28 16:20:57.748 [Thread-10] main - mvx/db/def/Temp/dZOTHNO (wrong name: mvx/db/def/dZOTHNO)
java.lang.NoClassDefFoundError: mvx/db/def/Temp/dZOTHNO (wrong name: mvx/db/def/dZOTHNO)
	at java.lang.ClassLoader.defineClass1(Native Method) ~[?:1.7.0_25]
	at java.lang.ClassLoader.defineClass(ClassLoader.java:792) ~[?:1.7.0_25]
	at java.lang.ClassLoader.defineClass(ClassLoader.java:635) ~[?:1.7.0_25]
	at m3.classe.M3ClassLoader.findClass(M3ClassLoader.java:61) ~[classes/:?]
	at java.lang.ClassLoader.loadClass(ClassLoader.java:424) ~[?:1.7.0_25]
	at java.lang.ClassLoader.loadClass(ClassLoader.java:357) ~[?:1.7.0_25]
	at m3.classe.ClassUtils.getSuperClass(ClassUtils.java:56) ~[classes/:?]
	at m3.classe.ClassUtils.getSuperClass(ClassUtils.java:52) ~[classes/:?]
	at m3.M3UpgradObject.processM3Object(M3UpgradObject.java:58) [classes/:?]
	at com.app.process.Process.analyse(Process.java:90) [classes/:?]
	at com.app.process.Process.run(Process.java:336) [classes/:?]
	at java.lang.Thread.run(Thread.java:724) [?:1.7.0_25]
[ERROR] 2014-10-28 16:20:57.913 [Thread-10] main - mvx/db/def/Temp/dZZHAPR (wrong name: mvx/db/def/dZZHAPR)
java.lang.NoClassDefFoundError: mvx/db/def/Temp/dZZHAPR (wrong name: mvx/db/def/dZZHAPR)
	at java.lang.ClassLoader.defineClass1(Native Method) ~[?:1.7.0_25]
	at java.lang.ClassLoader.defineClass(ClassLoader.java:792) ~[?:1.7.0_25]
	at java.lang.ClassLoader.defineClass(ClassLoader.java:635) ~[?:1.7.0_25]
	at m3.classe.M3ClassLoader.findClass(M3ClassLoader.java:61) ~[classes/:?]
	at java.lang.ClassLoader.loadClass(ClassLoader.java:424) ~[?:1.7.0_25]
	at java.lang.ClassLoader.loadClass(ClassLoader.java:357) ~[?:1.7.0_25]
	at m3.classe.ClassUtils.getSuperClass(ClassUtils.java:56) ~[classes/:?]
	at m3.classe.ClassUtils.getSuperClass(ClassUtils.java:52) ~[classes/:?]
	at m3.M3UpgradObject.processM3Object(M3UpgradObject.java:58) [classes/:?]
	at com.app.process.Process.analyse(Process.java:90) [classes/:?]
	at com.app.process.Process.run(Process.java:336) [classes/:?]
	at java.lang.Thread.run(Thread.java:724) [?:1.7.0_25]
[ERROR] 2014-10-28 16:23:20.258 [Thread-10] main - mvx.db.dta.SSJOBH (1)
java.lang.ClassNotFoundException: mvx.db.dta.SSJOBH (1)
	at m3.classe.M3ClassLoader.findClass(M3ClassLoader.java:59) ~[classes/:?]
	at java.lang.ClassLoader.loadClass(ClassLoader.java:424) ~[?:1.7.0_25]
	at java.lang.ClassLoader.loadClass(ClassLoader.java:357) ~[?:1.7.0_25]
	at m3.classe.ClassUtils.getSuperClass(ClassUtils.java:56) ~[classes/:?]
	at m3.classe.ClassUtils.getSuperClass(ClassUtils.java:52) ~[classes/:?]
	at m3.M3UpgradObject.processM3Object(M3UpgradObject.java:58) [classes/:?]
	at com.app.process.Process.analyse(Process.java:90) [classes/:?]
	at com.app.process.Process.run(Process.java:336) [classes/:?]
	at java.lang.Thread.run(Thread.java:724) [?:1.7.0_25]
[ERROR] 2014-10-28 16:29:10.178 [Thread-10] main - mvx/db/dta/Temp/ZZHAPR (wrong name: mvx/db/dta/ZZHAPR)
java.lang.NoClassDefFoundError: mvx/db/dta/Temp/ZZHAPR (wrong name: mvx/db/dta/ZZHAPR)
	at java.lang.ClassLoader.defineClass1(Native Method) ~[?:1.7.0_25]
	at java.lang.ClassLoader.defineClass(ClassLoader.java:792) ~[?:1.7.0_25]
	at java.lang.ClassLoader.defineClass(ClassLoader.java:635) ~[?:1.7.0_25]
	at m3.classe.M3ClassLoader.findClass(M3ClassLoader.java:61) ~[classes/:?]
	at java.lang.ClassLoader.loadClass(ClassLoader.java:424) ~[?:1.7.0_25]
	at java.lang.ClassLoader.loadClass(ClassLoader.java:357) ~[?:1.7.0_25]
	at m3.classe.ClassUtils.getSuperClass(ClassUtils.java:56) ~[classes/:?]
	at m3.classe.ClassUtils.getSuperClass(ClassUtils.java:52) ~[classes/:?]
	at m3.M3UpgradObject.processM3Object(M3UpgradObject.java:58) [classes/:?]
	at com.app.process.Process.analyse(Process.java:90) [classes/:?]
	at com.app.process.Process.run(Process.java:336) [classes/:?]
	at java.lang.Thread.run(Thread.java:724) [?:1.7.0_25]
[ERROR] 2014-10-28 16:29:10.398 [Thread-10] main - mvx/db/dta/Temp/ZOTHNO (wrong name: mvx/db/dta/ZOTHNO)
java.lang.NoClassDefFoundError: mvx/db/dta/Temp/ZOTHNO (wrong name: mvx/db/dta/ZOTHNO)
	at java.lang.ClassLoader.defineClass1(Native Method) ~[?:1.7.0_25]
	at java.lang.ClassLoader.defineClass(ClassLoader.java:792) ~[?:1.7.0_25]
	at java.lang.ClassLoader.defineClass(ClassLoader.java:635) ~[?:1.7.0_25]
	at m3.classe.M3ClassLoader.findClass(M3ClassLoader.java:61) ~[classes/:?]
	at java.lang.ClassLoader.loadClass(ClassLoader.java:424) ~[?:1.7.0_25]
	at java.lang.ClassLoader.loadClass(ClassLoader.java:357) ~[?:1.7.0_25]
	at m3.classe.ClassUtils.getSuperClass(ClassUtils.java:56) ~[classes/:?]
	at m3.classe.ClassUtils.getSuperClass(ClassUtils.java:52) ~[classes/:?]
	at m3.M3UpgradObject.processM3Object(M3UpgradObject.java:58) [classes/:?]
	at com.app.process.Process.analyse(Process.java:90) [classes/:?]
	at com.app.process.Process.run(Process.java:336) [classes/:?]
	at java.lang.Thread.run(Thread.java:724) [?:1.7.0_25]
[ERROR] 2014-10-28 16:30:02.194 [Thread-10] main - mvx/dsp/obj/ALY550DSP_notPROD (wrong name: mvx/dsp/obj/ALY550DSP)
java.lang.NoClassDefFoundError: mvx/dsp/obj/ALY550DSP_notPROD (wrong name: mvx/dsp/obj/ALY550DSP)
	at java.lang.ClassLoader.defineClass1(Native Method) ~[?:1.7.0_25]
	at java.lang.ClassLoader.defineClass(ClassLoader.java:792) ~[?:1.7.0_25]
	at java.lang.ClassLoader.defineClass(ClassLoader.java:635) ~[?:1.7.0_25]
	at m3.classe.M3ClassLoader.findClass(M3ClassLoader.java:61) ~[classes/:?]
	at java.lang.ClassLoader.loadClass(ClassLoader.java:424) ~[?:1.7.0_25]
	at java.lang.ClassLoader.loadClass(ClassLoader.java:357) ~[?:1.7.0_25]
	at m3.classe.ClassUtils.getSuperClass(ClassUtils.java:56) ~[classes/:?]
	at m3.classe.ClassUtils.getSuperClass(ClassUtils.java:52) ~[classes/:?]
	at m3.M3UpgradObject.processM3Object(M3UpgradObject.java:58) [classes/:?]
	at com.app.process.Process.analyse(Process.java:90) [classes/:?]
	at com.app.process.Process.run(Process.java:336) [classes/:?]
	at java.lang.Thread.run(Thread.java:724) [?:1.7.0_25]
[ERROR] 2014-10-28 16:30:10.504 [Thread-10] main - mvx/dsp/obj/ALY590DSP_old (wrong name: mvx/dsp/obj/ALY590DSP)
java.lang.NoClassDefFoundError: mvx/dsp/obj/ALY590DSP_old (wrong name: mvx/dsp/obj/ALY590DSP)
	at java.lang.ClassLoader.defineClass1(Native Method) ~[?:1.7.0_25]
	at java.lang.ClassLoader.defineClass(ClassLoader.java:792) ~[?:1.7.0_25]
	at java.lang.ClassLoader.defineClass(ClassLoader.java:635) ~[?:1.7.0_25]
	at m3.classe.M3ClassLoader.findClass(M3ClassLoader.java:61) ~[classes/:?]
	at java.lang.ClassLoader.loadClass(ClassLoader.java:424) ~[?:1.7.0_25]
	at java.lang.ClassLoader.loadClass(ClassLoader.java:357) ~[?:1.7.0_25]
	at m3.classe.ClassUtils.getSuperClass(ClassUtils.java:56) ~[classes/:?]
	at m3.classe.ClassUtils.getSuperClass(ClassUtils.java:52) ~[classes/:?]
	at m3.M3UpgradObject.processM3Object(M3UpgradObject.java:58) [classes/:?]
	at com.app.process.Process.analyse(Process.java:90) [classes/:?]
	at com.app.process.Process.run(Process.java:336) [classes/:?]
	at java.lang.Thread.run(Thread.java:724) [?:1.7.0_25]
[ERROR] 2014-10-28 16:34:59.449 [Thread-10] main - mvx/dsp/obj/ALZ482DSP_notProd (wrong name: mvx/dsp/obj/ALZ482DSP)
java.lang.NoClassDefFoundError: mvx/dsp/obj/ALZ482DSP_notProd (wrong name: mvx/dsp/obj/ALZ482DSP)
	at java.lang.ClassLoader.defineClass1(Native Method) ~[?:1.7.0_25]
	at java.lang.ClassLoader.defineClass(ClassLoader.java:792) ~[?:1.7.0_25]
	at java.lang.ClassLoader.defineClass(ClassLoader.java:635) ~[?:1.7.0_25]
	at m3.classe.M3ClassLoader.findClass(M3ClassLoader.java:61) ~[classes/:?]
	at java.lang.ClassLoader.loadClass(ClassLoader.java:424) ~[?:1.7.0_25]
	at java.lang.ClassLoader.loadClass(ClassLoader.java:357) ~[?:1.7.0_25]
	at m3.classe.ClassUtils.getSuperClass(ClassUtils.java:56) ~[classes/:?]
	at m3.classe.ClassUtils.getSuperClass(ClassUtils.java:52) ~[classes/:?]
	at m3.M3UpgradObject.processM3Object(M3UpgradObject.java:58) [classes/:?]
	at com.app.process.Process.analyse(Process.java:90) [classes/:?]
	at com.app.process.Process.run(Process.java:336) [classes/:?]
	at java.lang.Thread.run(Thread.java:724) [?:1.7.0_25]
[ERROR] 2014-10-28 16:37:37.429 [Thread-10] main - mvx/dsp/obj/APS105DSP_sv (wrong name: mvx/dsp/obj/APS105DSP)
java.lang.NoClassDefFoundError: mvx/dsp/obj/APS105DSP_sv (wrong name: mvx/dsp/obj/APS105DSP)
	at java.lang.ClassLoader.defineClass1(Native Method) ~[?:1.7.0_25]
	at java.lang.ClassLoader.defineClass(ClassLoader.java:792) ~[?:1.7.0_25]
	at java.lang.ClassLoader.defineClass(ClassLoader.java:635) ~[?:1.7.0_25]
	at m3.classe.M3ClassLoader.findClass(M3ClassLoader.java:61) ~[classes/:?]
	at java.lang.ClassLoader.loadClass(ClassLoader.java:424) ~[?:1.7.0_25]
	at java.lang.ClassLoader.loadClass(ClassLoader.java:357) ~[?:1.7.0_25]
	at m3.classe.ClassUtils.getSuperClass(ClassUtils.java:56) ~[classes/:?]
	at m3.classe.ClassUtils.getSuperClass(ClassUtils.java:52) ~[classes/:?]
	at m3.M3UpgradObject.processM3Object(M3UpgradObject.java:58) [classes/:?]
	at com.app.process.Process.analyse(Process.java:90) [classes/:?]
	at com.app.process.Process.run(Process.java:336) [classes/:?]
	at java.lang.Thread.run(Thread.java:724) [?:1.7.0_25]
