[ERROR] 2015-09-25 11:46:31.322 [AWT-EventQueue-0] main - null
java.lang.NullPointerException
	at com.app.model.m3.M3ActionNumberListModel.setActionNumberSelect(M3ActionNumberListModel.java:156) ~[classes/:?]
	at com.app.model.m3.M3UpgradModel.open(M3UpgradModel.java:345) [classes/:?]
	at com.app.model.m3.M3UpgradModel.process(M3UpgradModel.java:157) [classes/:?]
	at com.app.controler.ProcessControler.actionPerformed(ProcessControler.java:54) [classes/:?]
	at javax.swing.AbstractButton.fireActionPerformed(AbstractButton.java:2022) [?:1.8.0_40-ea]
	at javax.swing.AbstractButton$Handler.actionPerformed(AbstractButton.java:2346) [?:1.8.0_40-ea]
	at javax.swing.DefaultButtonModel.fireActionPerformed(DefaultButtonModel.java:402) [?:1.8.0_40-ea]
	at javax.swing.DefaultButtonModel.setPressed(DefaultButtonModel.java:259) [?:1.8.0_40-ea]
	at javax.swing.AbstractButton.doClick(AbstractButton.java:376) [?:1.8.0_40-ea]
	at javax.swing.plaf.basic.BasicMenuItemUI.doClick(BasicMenuItemUI.java:833) [?:1.8.0_40-ea]
	at javax.swing.plaf.basic.BasicMenuItemUI$Handler.mouseReleased(BasicMenuItemUI.java:877) [?:1.8.0_40-ea]
	at java.awt.Component.processMouseEvent(Component.java:6525) [?:1.8.0_40-ea]
	at javax.swing.JComponent.processMouseEvent(JComponent.java:3324) [?:1.8.0_40-ea]
	at java.awt.Component.processEvent(Component.java:6290) [?:1.8.0_40-ea]
	at java.awt.Container.processEvent(Container.java:2234) [?:1.8.0_40-ea]
	at java.awt.Component.dispatchEventImpl(Component.java:4881) [?:1.8.0_40-ea]
	at java.awt.Container.dispatchEventImpl(Container.java:2292) [?:1.8.0_40-ea]
	at java.awt.Component.dispatchEvent(Component.java:4703) [?:1.8.0_40-ea]
	at java.awt.LightweightDispatcher.retargetMouseEvent(Container.java:4898) [?:1.8.0_40-ea]
	at java.awt.LightweightDispatcher.processMouseEvent(Container.java:4533) [?:1.8.0_40-ea]
	at java.awt.LightweightDispatcher.dispatchEvent(Container.java:4462) [?:1.8.0_40-ea]
	at java.awt.Container.dispatchEventImpl(Container.java:2278) [?:1.8.0_40-ea]
	at java.awt.Window.dispatchEventImpl(Window.java:2750) [?:1.8.0_40-ea]
	at java.awt.Component.dispatchEvent(Component.java:4703) [?:1.8.0_40-ea]
	at java.awt.EventQueue.dispatchEventImpl(EventQueue.java:751) [?:1.8.0_40-ea]
	at java.awt.EventQueue.access$500(EventQueue.java:97) [?:1.8.0_40-ea]
	at java.awt.EventQueue$3.run(EventQueue.java:702) [?:1.8.0_40-ea]
	at java.awt.EventQueue$3.run(EventQueue.java:696) [?:1.8.0_40-ea]
	at java.security.AccessController.doPrivileged(Native Method) [?:1.8.0_40-ea]
	at java.security.ProtectionDomain$1.doIntersectionPrivilege(ProtectionDomain.java:75) [?:1.8.0_40-ea]
	at java.security.ProtectionDomain$1.doIntersectionPrivilege(ProtectionDomain.java:86) [?:1.8.0_40-ea]
	at java.awt.EventQueue$4.run(EventQueue.java:724) [?:1.8.0_40-ea]
	at java.awt.EventQueue$4.run(EventQueue.java:722) [?:1.8.0_40-ea]
	at java.security.AccessController.doPrivileged(Native Method) [?:1.8.0_40-ea]
	at java.security.ProtectionDomain$1.doIntersectionPrivilege(ProtectionDomain.java:75) [?:1.8.0_40-ea]
	at java.awt.EventQueue.dispatchEvent(EventQueue.java:721) [?:1.8.0_40-ea]
	at java.awt.EventDispatchThread.pumpOneEventForFilters(EventDispatchThread.java:201) [?:1.8.0_40-ea]
	at java.awt.EventDispatchThread.pumpEventsForFilter(EventDispatchThread.java:116) [?:1.8.0_40-ea]
	at java.awt.EventDispatchThread.pumpEventsForHierarchy(EventDispatchThread.java:105) [?:1.8.0_40-ea]
	at java.awt.EventDispatchThread.pumpEvents(EventDispatchThread.java:101) [?:1.8.0_40-ea]
	at java.awt.EventDispatchThread.pumpEvents(EventDispatchThread.java:93) [?:1.8.0_40-ea]
	at java.awt.EventDispatchThread.run(EventDispatchThread.java:82) [?:1.8.0_40-ea]
[ERROR] 2015-09-25 11:52:39.145 [AWT-EventQueue-0] main - null
java.lang.NullPointerException
	at com.app.model.m3.M3ActionNumberListModel.setActionNumberSelect(M3ActionNumberListModel.java:156) ~[classes/:?]
	at com.app.model.m3.M3UpgradModel.open(M3UpgradModel.java:345) [classes/:?]
	at com.app.model.m3.M3UpgradModel.process(M3UpgradModel.java:157) [classes/:?]
	at com.app.controler.ProcessControler.actionPerformed(ProcessControler.java:54) [classes/:?]
	at javax.swing.AbstractButton.fireActionPerformed(AbstractButton.java:2018) [?:1.7.0_25]
	at javax.swing.AbstractButton$Handler.actionPerformed(AbstractButton.java:2341) [?:1.7.0_25]
	at javax.swing.DefaultButtonModel.fireActionPerformed(DefaultButtonModel.java:402) [?:1.7.0_25]
	at javax.swing.DefaultButtonModel.setPressed(DefaultButtonModel.java:259) [?:1.7.0_25]
	at javax.swing.AbstractButton.doClick(AbstractButton.java:376) [?:1.7.0_25]
	at javax.swing.plaf.basic.BasicMenuItemUI.doClick(BasicMenuItemUI.java:833) [?:1.7.0_25]
	at javax.swing.plaf.basic.BasicMenuItemUI$Handler.mouseReleased(BasicMenuItemUI.java:877) [?:1.7.0_25]
	at java.awt.Component.processMouseEvent(Component.java:6505) [?:1.7.0_25]
	at javax.swing.JComponent.processMouseEvent(JComponent.java:3321) [?:1.7.0_25]
	at java.awt.Component.processEvent(Component.java:6270) [?:1.7.0_25]
	at java.awt.Container.processEvent(Container.java:2229) [?:1.7.0_25]
	at java.awt.Component.dispatchEventImpl(Component.java:4861) [?:1.7.0_25]
	at java.awt.Container.dispatchEventImpl(Container.java:2287) [?:1.7.0_25]
	at java.awt.Component.dispatchEvent(Component.java:4687) [?:1.7.0_25]
	at java.awt.LightweightDispatcher.retargetMouseEvent(Container.java:4832) [?:1.7.0_25]
	at java.awt.LightweightDispatcher.processMouseEvent(Container.java:4492) [?:1.7.0_25]
	at java.awt.LightweightDispatcher.dispatchEvent(Container.java:4422) [?:1.7.0_25]
	at java.awt.Container.dispatchEventImpl(Container.java:2273) [?:1.7.0_25]
	at java.awt.Window.dispatchEventImpl(Window.java:2719) [?:1.7.0_25]
	at java.awt.Component.dispatchEvent(Component.java:4687) [?:1.7.0_25]
	at java.awt.EventQueue.dispatchEventImpl(EventQueue.java:735) [?:1.7.0_25]
	at java.awt.EventQueue.access$200(EventQueue.java:103) [?:1.7.0_25]
	at java.awt.EventQueue$3.run(EventQueue.java:694) [?:1.7.0_25]
	at java.awt.EventQueue$3.run(EventQueue.java:692) [?:1.7.0_25]
	at java.security.AccessController.doPrivileged(Native Method) [?:1.7.0_25]
	at java.security.ProtectionDomain$1.doIntersectionPrivilege(ProtectionDomain.java:76) [?:1.7.0_25]
	at java.security.ProtectionDomain$1.doIntersectionPrivilege(ProtectionDomain.java:87) [?:1.7.0_25]
	at java.awt.EventQueue$4.run(EventQueue.java:708) [?:1.7.0_25]
	at java.awt.EventQueue$4.run(EventQueue.java:706) [?:1.7.0_25]
	at java.security.AccessController.doPrivileged(Native Method) [?:1.7.0_25]
	at java.security.ProtectionDomain$1.doIntersectionPrivilege(ProtectionDomain.java:76) [?:1.7.0_25]
	at java.awt.EventQueue.dispatchEvent(EventQueue.java:705) [?:1.7.0_25]
	at java.awt.EventDispatchThread.pumpOneEventForFilters(EventDispatchThread.java:242) [?:1.7.0_25]
	at java.awt.EventDispatchThread.pumpEventsForFilter(EventDispatchThread.java:161) [?:1.7.0_25]
	at java.awt.EventDispatchThread.pumpEventsForHierarchy(EventDispatchThread.java:150) [?:1.7.0_25]
	at java.awt.EventDispatchThread.pumpEvents(EventDispatchThread.java:146) [?:1.7.0_25]
	at java.awt.EventDispatchThread.pumpEvents(EventDispatchThread.java:138) [?:1.7.0_25]
	at java.awt.EventDispatchThread.run(EventDispatchThread.java:91) [?:1.7.0_25]
