[ERROR] 2014-11-03 16:37:45.997 [Thread-10] main - mvx/app/pgm/customer/ALZ367sv (wrong name: mvx/app/pgm/customer/ALZ367)
java.lang.NoClassDefFoundError: mvx/app/pgm/customer/ALZ367sv (wrong name: mvx/app/pgm/customer/ALZ367)
	at java.lang.ClassLoader.defineClass1(Native Method) ~[?:1.7.0_25]
	at java.lang.ClassLoader.defineClass(ClassLoader.java:792) ~[?:1.7.0_25]
	at java.lang.ClassLoader.defineClass(ClassLoader.java:635) ~[?:1.7.0_25]
	at m3.classe.M3ClassLoader.findClass(M3ClassLoader.java:61) ~[classes/:?]
	at java.lang.ClassLoader.loadClass(ClassLoader.java:424) ~[?:1.7.0_25]
	at java.lang.ClassLoader.loadClass(ClassLoader.java:357) ~[?:1.7.0_25]
	at m3.classe.ClassUtils.getSuperClass(ClassUtils.java:56) ~[classes/:?]
	at m3.classe.ClassUtils.getSuperClass(ClassUtils.java:52) ~[classes/:?]
	at m3.M3UpgradObject.processM3Object(M3UpgradObject.java:58) [classes/:?]
	at com.app.process.Process.analyse(Process.java:90) [classes/:?]
	at com.app.process.Process.run(Process.java:336) [classes/:?]
	at java.lang.Thread.run(Thread.java:724) [?:1.7.0_25]
[ERROR] 2014-11-03 16:38:58.413 [Thread-10] main - javax/jms/ExceptionListener
java.lang.NoClassDefFoundError: javax/jms/ExceptionListener
	at java.lang.ClassLoader.defineClass1(Native Method) ~[?:1.7.0_25]
	at java.lang.ClassLoader.defineClass(ClassLoader.java:792) ~[?:1.7.0_25]
	at java.lang.ClassLoader.defineClass(ClassLoader.java:635) ~[?:1.7.0_25]
	at m3.classe.M3ClassLoader.findClass(M3ClassLoader.java:61) ~[classes/:?]
	at java.lang.ClassLoader.loadClass(ClassLoader.java:424) ~[?:1.7.0_25]
	at java.lang.ClassLoader.loadClass(ClassLoader.java:357) ~[?:1.7.0_25]
	at m3.classe.ClassUtils.getSuperClass(ClassUtils.java:56) ~[classes/:?]
	at m3.classe.ClassUtils.getSuperClass(ClassUtils.java:52) ~[classes/:?]
	at m3.M3UpgradObject.processM3Object(M3UpgradObject.java:58) [classes/:?]
	at com.app.process.Process.analyse(Process.java:90) [classes/:?]
	at com.app.process.Process.run(Process.java:336) [classes/:?]
	at java.lang.Thread.run(Thread.java:724) [?:1.7.0_25]
Caused by: java.lang.ClassNotFoundException: javax.jms.ExceptionListener
	at m3.classe.M3ClassLoader.findClass(M3ClassLoader.java:59) ~[classes/:?]
	at java.lang.ClassLoader.loadClass(ClassLoader.java:424) ~[?:1.7.0_25]
	at java.lang.ClassLoader.loadClass(ClassLoader.java:357) ~[?:1.7.0_25]
	... 12 more
[ERROR] 2014-11-03 16:41:42.852 [Thread-10] main - mvx/dsp/obj/ALS130DSP_SAVE (wrong name: mvx/dsp/obj/ALS130DSP)
java.lang.NoClassDefFoundError: mvx/dsp/obj/ALS130DSP_SAVE (wrong name: mvx/dsp/obj/ALS130DSP)
	at java.lang.ClassLoader.defineClass1(Native Method) ~[?:1.7.0_25]
	at java.lang.ClassLoader.defineClass(ClassLoader.java:792) ~[?:1.7.0_25]
	at java.lang.ClassLoader.defineClass(ClassLoader.java:635) ~[?:1.7.0_25]
	at m3.classe.M3ClassLoader.findClass(M3ClassLoader.java:61) ~[classes/:?]
	at java.lang.ClassLoader.loadClass(ClassLoader.java:424) ~[?:1.7.0_25]
	at java.lang.ClassLoader.loadClass(ClassLoader.java:357) ~[?:1.7.0_25]
	at m3.classe.ClassUtils.getSuperClass(ClassUtils.java:56) ~[classes/:?]
	at m3.classe.ClassUtils.getSuperClass(ClassUtils.java:52) ~[classes/:?]
	at m3.M3UpgradObject.processM3Object(M3UpgradObject.java:58) [classes/:?]
	at com.app.process.Process.analyse(Process.java:90) [classes/:?]
	at com.app.process.Process.run(Process.java:336) [classes/:?]
	at java.lang.Thread.run(Thread.java:724) [?:1.7.0_25]
[ERROR] 2014-11-03 16:42:13.136 [Thread-10] main - mvx/app/ds/sDSITGRdeprecated (wrong name: mvx/app/ds/sDSITGR)
java.lang.NoClassDefFoundError: mvx/app/ds/sDSITGRdeprecated (wrong name: mvx/app/ds/sDSITGR)
	at java.lang.ClassLoader.defineClass1(Native Method) ~[?:1.7.0_25]
	at java.lang.ClassLoader.defineClass(ClassLoader.java:792) ~[?:1.7.0_25]
	at java.lang.ClassLoader.defineClass(ClassLoader.java:635) ~[?:1.7.0_25]
	at m3.classe.M3ClassLoader.findClass(M3ClassLoader.java:61) ~[classes/:?]
	at java.lang.ClassLoader.loadClass(ClassLoader.java:424) ~[?:1.7.0_25]
	at java.lang.ClassLoader.loadClass(ClassLoader.java:357) ~[?:1.7.0_25]
	at m3.classe.ClassUtils.getSuperClass(ClassUtils.java:56) ~[classes/:?]
	at m3.classe.ClassUtils.getSuperClass(ClassUtils.java:52) ~[classes/:?]
	at m3.M3UpgradObject.processM3Object(M3UpgradObject.java:58) [classes/:?]
	at com.app.process.Process.analyse(Process.java:90) [classes/:?]
	at com.app.process.Process.run(Process.java:336) [classes/:?]
	at java.lang.Thread.run(Thread.java:724) [?:1.7.0_25]
[ERROR] 2014-11-03 16:48:36.137 [Thread-10] main - mvx/app/pgm/customer/ALZ367sv (wrong name: mvx/app/pgm/customer/ALZ367)
java.lang.NoClassDefFoundError: mvx/app/pgm/customer/ALZ367sv (wrong name: mvx/app/pgm/customer/ALZ367)
	at java.lang.ClassLoader.defineClass1(Native Method) ~[?:1.7.0_25]
	at java.lang.ClassLoader.defineClass(ClassLoader.java:792) ~[?:1.7.0_25]
	at java.lang.ClassLoader.defineClass(ClassLoader.java:635) ~[?:1.7.0_25]
	at m3.classe.M3ClassLoader.findClass(M3ClassLoader.java:61) ~[classes/:?]
	at java.lang.ClassLoader.loadClass(ClassLoader.java:424) ~[?:1.7.0_25]
	at java.lang.ClassLoader.loadClass(ClassLoader.java:357) ~[?:1.7.0_25]
	at m3.classe.ClassUtils.getSuperClass(ClassUtils.java:56) ~[classes/:?]
	at m3.classe.ClassUtils.getSuperClass(ClassUtils.java:52) ~[classes/:?]
	at m3.M3UpgradObject.processM3Object(M3UpgradObject.java:58) [classes/:?]
	at com.app.process.Process.analyse(Process.java:90) [classes/:?]
	at com.app.process.Process.run(Process.java:336) [classes/:?]
	at java.lang.Thread.run(Thread.java:724) [?:1.7.0_25]
[ERROR] 2014-11-03 16:49:50.590 [Thread-10] main - javax/jms/ExceptionListener
java.lang.NoClassDefFoundError: javax/jms/ExceptionListener
	at java.lang.ClassLoader.defineClass1(Native Method) ~[?:1.7.0_25]
	at java.lang.ClassLoader.defineClass(ClassLoader.java:792) ~[?:1.7.0_25]
	at java.lang.ClassLoader.defineClass(ClassLoader.java:635) ~[?:1.7.0_25]
	at m3.classe.M3ClassLoader.findClass(M3ClassLoader.java:61) ~[classes/:?]
	at java.lang.ClassLoader.loadClass(ClassLoader.java:424) ~[?:1.7.0_25]
	at java.lang.ClassLoader.loadClass(ClassLoader.java:357) ~[?:1.7.0_25]
	at m3.classe.ClassUtils.getSuperClass(ClassUtils.java:56) ~[classes/:?]
	at m3.classe.ClassUtils.getSuperClass(ClassUtils.java:52) ~[classes/:?]
	at m3.M3UpgradObject.processM3Object(M3UpgradObject.java:58) [classes/:?]
	at com.app.process.Process.analyse(Process.java:90) [classes/:?]
	at com.app.process.Process.run(Process.java:336) [classes/:?]
	at java.lang.Thread.run(Thread.java:724) [?:1.7.0_25]
Caused by: java.lang.ClassNotFoundException: javax.jms.ExceptionListener
	at m3.classe.M3ClassLoader.findClass(M3ClassLoader.java:59) ~[classes/:?]
	at java.lang.ClassLoader.loadClass(ClassLoader.java:424) ~[?:1.7.0_25]
	at java.lang.ClassLoader.loadClass(ClassLoader.java:357) ~[?:1.7.0_25]
	... 12 more
[ERROR] 2014-11-03 16:52:20.079 [Thread-10] main - mvx/dsp/obj/ALS130DSP_SAVE (wrong name: mvx/dsp/obj/ALS130DSP)
java.lang.NoClassDefFoundError: mvx/dsp/obj/ALS130DSP_SAVE (wrong name: mvx/dsp/obj/ALS130DSP)
	at java.lang.ClassLoader.defineClass1(Native Method) ~[?:1.7.0_25]
	at java.lang.ClassLoader.defineClass(ClassLoader.java:792) ~[?:1.7.0_25]
	at java.lang.ClassLoader.defineClass(ClassLoader.java:635) ~[?:1.7.0_25]
	at m3.classe.M3ClassLoader.findClass(M3ClassLoader.java:61) ~[classes/:?]
	at java.lang.ClassLoader.loadClass(ClassLoader.java:424) ~[?:1.7.0_25]
	at java.lang.ClassLoader.loadClass(ClassLoader.java:357) ~[?:1.7.0_25]
	at m3.classe.ClassUtils.getSuperClass(ClassUtils.java:56) ~[classes/:?]
	at m3.classe.ClassUtils.getSuperClass(ClassUtils.java:52) ~[classes/:?]
	at m3.M3UpgradObject.processM3Object(M3UpgradObject.java:58) [classes/:?]
	at com.app.process.Process.analyse(Process.java:90) [classes/:?]
	at com.app.process.Process.run(Process.java:336) [classes/:?]
	at java.lang.Thread.run(Thread.java:724) [?:1.7.0_25]
