[ERROR] 2016-02-15 15:20:36.035 [Thread-9] main - mvx/app/pgm/customer/ALZ367sv (wrong name: mvx/app/pgm/customer/ALZ367)
java.lang.NoClassDefFoundError: mvx/app/pgm/customer/ALZ367sv (wrong name: mvx/app/pgm/customer/ALZ367)
	at java.lang.ClassLoader.defineClass1(Native Method) ~[?:1.8.0_40]
	at java.lang.ClassLoader.defineClass(ClassLoader.java:760) ~[?:1.8.0_40]
	at java.lang.ClassLoader.defineClass(ClassLoader.java:642) ~[?:1.8.0_40]
	at m3.classe.M3ClassLoader.findClass(M3ClassLoader.java:61) ~[classes/:?]
	at java.lang.ClassLoader.loadClass(ClassLoader.java:424) ~[?:1.8.0_40]
	at java.lang.ClassLoader.loadClass(ClassLoader.java:357) ~[?:1.8.0_40]
	at m3.classe.ClassUtils.getSuperClass(ClassUtils.java:56) ~[classes/:?]
	at m3.classe.ClassUtils.getSuperClass(ClassUtils.java:52) ~[classes/:?]
	at m3.M3UpgradObject.analyseM3Object(M3UpgradObject.java:194) [classes/:?]
	at com.app.process.Process.analyse(Process.java:101) [classes/:?]
	at com.app.process.Process.run(Process.java:438) [classes/:?]
	at java.lang.Thread.run(Thread.java:745) [?:1.8.0_40]
[ERROR] 2016-02-15 15:20:52.131 [Thread-9] main - mvx/app/pgm/customer/ZSEN21_save (wrong name: mvx/app/pgm/customer/ZSEN21)
java.lang.NoClassDefFoundError: mvx/app/pgm/customer/ZSEN21_save (wrong name: mvx/app/pgm/customer/ZSEN21)
	at java.lang.ClassLoader.defineClass1(Native Method) ~[?:1.8.0_40]
	at java.lang.ClassLoader.defineClass(ClassLoader.java:760) ~[?:1.8.0_40]
	at java.lang.ClassLoader.defineClass(ClassLoader.java:642) ~[?:1.8.0_40]
	at m3.classe.M3ClassLoader.findClass(M3ClassLoader.java:61) ~[classes/:?]
	at java.lang.ClassLoader.loadClass(ClassLoader.java:424) ~[?:1.8.0_40]
	at java.lang.ClassLoader.loadClass(ClassLoader.java:357) ~[?:1.8.0_40]
	at m3.classe.ClassUtils.getSuperClass(ClassUtils.java:56) ~[classes/:?]
	at m3.classe.ClassUtils.getSuperClass(ClassUtils.java:52) ~[classes/:?]
	at m3.M3UpgradObject.analyseM3Object(M3UpgradObject.java:194) [classes/:?]
	at com.app.process.Process.analyse(Process.java:101) [classes/:?]
	at com.app.process.Process.run(Process.java:438) [classes/:?]
	at java.lang.Thread.run(Thread.java:745) [?:1.8.0_40]
[ERROR] 2016-02-15 15:21:07.154 [Thread-9] main - mvx/db/def/deprecated/dSSJOBH (wrong name: mvx/db/def/dSSJOBH)
java.lang.NoClassDefFoundError: mvx/db/def/deprecated/dSSJOBH (wrong name: mvx/db/def/dSSJOBH)
	at java.lang.ClassLoader.defineClass1(Native Method) ~[?:1.8.0_40]
	at java.lang.ClassLoader.defineClass(ClassLoader.java:760) ~[?:1.8.0_40]
	at java.lang.ClassLoader.defineClass(ClassLoader.java:642) ~[?:1.8.0_40]
	at m3.classe.M3ClassLoader.findClass(M3ClassLoader.java:61) ~[classes/:?]
	at java.lang.ClassLoader.loadClass(ClassLoader.java:424) ~[?:1.8.0_40]
	at java.lang.ClassLoader.loadClass(ClassLoader.java:357) ~[?:1.8.0_40]
	at m3.classe.ClassUtils.getSuperClass(ClassUtils.java:56) ~[classes/:?]
	at m3.classe.ClassUtils.getSuperClass(ClassUtils.java:52) ~[classes/:?]
	at m3.M3UpgradObject.analyseM3Object(M3UpgradObject.java:194) [classes/:?]
	at com.app.process.Process.analyse(Process.java:101) [classes/:?]
	at com.app.process.Process.run(Process.java:438) [classes/:?]
	at java.lang.Thread.run(Thread.java:745) [?:1.8.0_40]
[ERROR] 2016-02-15 15:21:07.935 [Thread-9] main - mvx/db/dta/deprecated/SSJOBH (wrong name: mvx/db/dta/SSJOBH)
java.lang.NoClassDefFoundError: mvx/db/dta/deprecated/SSJOBH (wrong name: mvx/db/dta/SSJOBH)
	at java.lang.ClassLoader.defineClass1(Native Method) ~[?:1.8.0_40]
	at java.lang.ClassLoader.defineClass(ClassLoader.java:760) ~[?:1.8.0_40]
	at java.lang.ClassLoader.defineClass(ClassLoader.java:642) ~[?:1.8.0_40]
	at m3.classe.M3ClassLoader.findClass(M3ClassLoader.java:61) ~[classes/:?]
	at java.lang.ClassLoader.loadClass(ClassLoader.java:424) ~[?:1.8.0_40]
	at java.lang.ClassLoader.loadClass(ClassLoader.java:357) ~[?:1.8.0_40]
	at m3.classe.ClassUtils.getSuperClass(ClassUtils.java:56) ~[classes/:?]
	at m3.classe.ClassUtils.getSuperClass(ClassUtils.java:52) ~[classes/:?]
	at m3.M3UpgradObject.analyseM3Object(M3UpgradObject.java:194) [classes/:?]
	at com.app.process.Process.analyse(Process.java:101) [classes/:?]
	at com.app.process.Process.run(Process.java:438) [classes/:?]
	at java.lang.Thread.run(Thread.java:745) [?:1.8.0_40]
[ERROR] 2016-02-15 15:21:19.062 [Thread-9] main - mvx/dsp/obj/ALS130DSP_SAVE (wrong name: mvx/dsp/obj/ALS130DSP)
java.lang.NoClassDefFoundError: mvx/dsp/obj/ALS130DSP_SAVE (wrong name: mvx/dsp/obj/ALS130DSP)
	at java.lang.ClassLoader.defineClass1(Native Method) ~[?:1.8.0_40]
	at java.lang.ClassLoader.defineClass(ClassLoader.java:760) ~[?:1.8.0_40]
	at java.lang.ClassLoader.defineClass(ClassLoader.java:642) ~[?:1.8.0_40]
	at m3.classe.M3ClassLoader.findClass(M3ClassLoader.java:61) ~[classes/:?]
	at java.lang.ClassLoader.loadClass(ClassLoader.java:424) ~[?:1.8.0_40]
	at java.lang.ClassLoader.loadClass(ClassLoader.java:357) ~[?:1.8.0_40]
	at m3.classe.ClassUtils.getSuperClass(ClassUtils.java:56) ~[classes/:?]
	at m3.classe.ClassUtils.getSuperClass(ClassUtils.java:52) ~[classes/:?]
	at m3.M3UpgradObject.analyseM3Object(M3UpgradObject.java:194) [classes/:?]
	at com.app.process.Process.analyse(Process.java:101) [classes/:?]
	at com.app.process.Process.run(Process.java:438) [classes/:?]
	at java.lang.Thread.run(Thread.java:745) [?:1.8.0_40]
[ERROR] 2016-02-15 15:21:30.766 [Thread-9] main - mvx/app/ds/sDSITGRdeprecated (wrong name: mvx/app/ds/sDSITGR)
java.lang.NoClassDefFoundError: mvx/app/ds/sDSITGRdeprecated (wrong name: mvx/app/ds/sDSITGR)
	at java.lang.ClassLoader.defineClass1(Native Method) ~[?:1.8.0_40]
	at java.lang.ClassLoader.defineClass(ClassLoader.java:760) ~[?:1.8.0_40]
	at java.lang.ClassLoader.defineClass(ClassLoader.java:642) ~[?:1.8.0_40]
	at m3.classe.M3ClassLoader.findClass(M3ClassLoader.java:61) ~[classes/:?]
	at java.lang.ClassLoader.loadClass(ClassLoader.java:424) ~[?:1.8.0_40]
	at java.lang.ClassLoader.loadClass(ClassLoader.java:357) ~[?:1.8.0_40]
	at m3.classe.ClassUtils.getSuperClass(ClassUtils.java:56) ~[classes/:?]
	at m3.classe.ClassUtils.getSuperClass(ClassUtils.java:52) ~[classes/:?]
	at m3.M3UpgradObject.analyseM3Object(M3UpgradObject.java:194) [classes/:?]
	at com.app.process.Process.analyse(Process.java:101) [classes/:?]
	at com.app.process.Process.run(Process.java:438) [classes/:?]
	at java.lang.Thread.run(Thread.java:745) [?:1.8.0_40]
[ERROR] 2016-02-15 15:21:56.398 [Thread-9] main - mvx/app/pgm/customer/ALZFAC_lastPHM (wrong name: mvx/app/pgm/customer/ALZFAC)
java.lang.NoClassDefFoundError: mvx/app/pgm/customer/ALZFAC_lastPHM (wrong name: mvx/app/pgm/customer/ALZFAC)
	at java.lang.ClassLoader.defineClass1(Native Method) ~[?:1.8.0_40]
	at java.lang.ClassLoader.defineClass(ClassLoader.java:760) ~[?:1.8.0_40]
	at java.lang.ClassLoader.defineClass(ClassLoader.java:642) ~[?:1.8.0_40]
	at m3.classe.M3ClassLoader.findClass(M3ClassLoader.java:61) ~[classes/:?]
	at java.lang.ClassLoader.loadClass(ClassLoader.java:424) ~[?:1.8.0_40]
	at java.lang.ClassLoader.loadClass(ClassLoader.java:357) ~[?:1.8.0_40]
	at m3.classe.ClassUtils.getSuperClass(ClassUtils.java:56) ~[classes/:?]
	at m3.classe.ClassUtils.getSuperClass(ClassUtils.java:52) ~[classes/:?]
	at m3.M3UpgradObject.analyseM3Object(M3UpgradObject.java:194) [classes/:?]
	at com.app.process.Process.analyse(Process.java:101) [classes/:?]
	at com.app.process.Process.run(Process.java:438) [classes/:?]
	at java.lang.Thread.run(Thread.java:745) [?:1.8.0_40]
[ERROR] 2016-02-15 15:22:10.397 [Thread-9] main - com/ibm/as400/access/RecordFormat
java.lang.NoClassDefFoundError: com/ibm/as400/access/RecordFormat
	at java.lang.ClassLoader.defineClass1(Native Method) ~[?:1.8.0_40]
	at java.lang.ClassLoader.defineClass(ClassLoader.java:760) ~[?:1.8.0_40]
	at java.lang.ClassLoader.defineClass(ClassLoader.java:642) ~[?:1.8.0_40]
	at m3.classe.M3ClassLoader.findClass(M3ClassLoader.java:61) ~[classes/:?]
	at java.lang.ClassLoader.loadClass(ClassLoader.java:424) ~[?:1.8.0_40]
	at java.lang.ClassLoader.loadClass(ClassLoader.java:357) ~[?:1.8.0_40]
	at m3.classe.ClassUtils.getSuperClass(ClassUtils.java:56) ~[classes/:?]
	at m3.classe.ClassUtils.getSuperClass(ClassUtils.java:52) ~[classes/:?]
	at m3.M3UpgradObject.analyseM3Object(M3UpgradObject.java:194) [classes/:?]
	at com.app.process.Process.analyse(Process.java:101) [classes/:?]
	at com.app.process.Process.run(Process.java:438) [classes/:?]
	at java.lang.Thread.run(Thread.java:745) [?:1.8.0_40]
Caused by: java.lang.ClassNotFoundException: com.ibm.as400.access.RecordFormat
	at m3.classe.M3ClassLoader.findClass(M3ClassLoader.java:59) ~[classes/:?]
	at java.lang.ClassLoader.loadClass(ClassLoader.java:424) ~[?:1.8.0_40]
	at java.lang.ClassLoader.loadClass(ClassLoader.java:357) ~[?:1.8.0_40]
	... 12 more
[ERROR] 2016-02-15 15:22:12.215 [Thread-9] main - com/ibm/as400/access/RecordFormat
java.lang.NoClassDefFoundError: com/ibm/as400/access/RecordFormat
	at java.lang.ClassLoader.defineClass1(Native Method) ~[?:1.8.0_40]
	at java.lang.ClassLoader.defineClass(ClassLoader.java:760) ~[?:1.8.0_40]
	at java.lang.ClassLoader.defineClass(ClassLoader.java:642) ~[?:1.8.0_40]
	at m3.classe.M3ClassLoader.findClass(M3ClassLoader.java:61) ~[classes/:?]
	at java.lang.ClassLoader.loadClass(ClassLoader.java:424) ~[?:1.8.0_40]
	at java.lang.ClassLoader.loadClass(ClassLoader.java:357) ~[?:1.8.0_40]
	at m3.classe.ClassUtils.getSuperClass(ClassUtils.java:56) ~[classes/:?]
	at m3.classe.ClassUtils.getSuperClass(ClassUtils.java:52) ~[classes/:?]
	at m3.M3UpgradObject.analyseM3Object(M3UpgradObject.java:194) [classes/:?]
	at com.app.process.Process.analyse(Process.java:101) [classes/:?]
	at com.app.process.Process.run(Process.java:438) [classes/:?]
	at java.lang.Thread.run(Thread.java:745) [?:1.8.0_40]
Caused by: java.lang.ClassNotFoundException: com.ibm.as400.access.RecordFormat
	at m3.classe.M3ClassLoader.findClass(M3ClassLoader.java:59) ~[classes/:?]
	at java.lang.ClassLoader.loadClass(ClassLoader.java:424) ~[?:1.8.0_40]
	at java.lang.ClassLoader.loadClass(ClassLoader.java:357) ~[?:1.8.0_40]
	... 12 more
[ERROR] 2016-02-15 15:22:14.263 [Thread-9] main - com/ibm/as400/access/RecordFormat
java.lang.NoClassDefFoundError: com/ibm/as400/access/RecordFormat
	at java.lang.ClassLoader.defineClass1(Native Method) ~[?:1.8.0_40]
	at java.lang.ClassLoader.defineClass(ClassLoader.java:760) ~[?:1.8.0_40]
	at java.lang.ClassLoader.defineClass(ClassLoader.java:642) ~[?:1.8.0_40]
	at m3.classe.M3ClassLoader.findClass(M3ClassLoader.java:61) ~[classes/:?]
	at java.lang.ClassLoader.loadClass(ClassLoader.java:424) ~[?:1.8.0_40]
	at java.lang.ClassLoader.loadClass(ClassLoader.java:357) ~[?:1.8.0_40]
	at m3.classe.ClassUtils.getSuperClass(ClassUtils.java:56) ~[classes/:?]
	at m3.classe.ClassUtils.getSuperClass(ClassUtils.java:52) ~[classes/:?]
	at m3.M3UpgradObject.analyseM3Object(M3UpgradObject.java:194) [classes/:?]
	at com.app.process.Process.analyse(Process.java:101) [classes/:?]
	at com.app.process.Process.run(Process.java:438) [classes/:?]
	at java.lang.Thread.run(Thread.java:745) [?:1.8.0_40]
Caused by: java.lang.ClassNotFoundException: com.ibm.as400.access.RecordFormat
	at m3.classe.M3ClassLoader.findClass(M3ClassLoader.java:59) ~[classes/:?]
	at java.lang.ClassLoader.loadClass(ClassLoader.java:424) ~[?:1.8.0_40]
	at java.lang.ClassLoader.loadClass(ClassLoader.java:357) ~[?:1.8.0_40]
	... 12 more
[ERROR] 2016-02-15 15:22:25.906 [Thread-9] main - mvx/app/pgm/customer/NOE010_old (wrong name: mvx/app/pgm/customer/NOE010)
java.lang.NoClassDefFoundError: mvx/app/pgm/customer/NOE010_old (wrong name: mvx/app/pgm/customer/NOE010)
	at java.lang.ClassLoader.defineClass1(Native Method) ~[?:1.8.0_40]
	at java.lang.ClassLoader.defineClass(ClassLoader.java:760) ~[?:1.8.0_40]
	at java.lang.ClassLoader.defineClass(ClassLoader.java:642) ~[?:1.8.0_40]
	at m3.classe.M3ClassLoader.findClass(M3ClassLoader.java:61) ~[classes/:?]
	at java.lang.ClassLoader.loadClass(ClassLoader.java:424) ~[?:1.8.0_40]
	at java.lang.ClassLoader.loadClass(ClassLoader.java:357) ~[?:1.8.0_40]
	at m3.classe.ClassUtils.getSuperClass(ClassUtils.java:56) ~[classes/:?]
	at m3.classe.ClassUtils.getSuperClass(ClassUtils.java:52) ~[classes/:?]
	at m3.M3UpgradObject.analyseM3Object(M3UpgradObject.java:194) [classes/:?]
	at com.app.process.Process.analyse(Process.java:101) [classes/:?]
	at com.app.process.Process.run(Process.java:438) [classes/:?]
	at java.lang.Thread.run(Thread.java:745) [?:1.8.0_40]
[ERROR] 2016-02-15 15:23:23.580 [Thread-9] main - javax/jms/ExceptionListener
java.lang.NoClassDefFoundError: javax/jms/ExceptionListener
	at java.lang.ClassLoader.defineClass1(Native Method) ~[?:1.8.0_40]
	at java.lang.ClassLoader.defineClass(ClassLoader.java:760) ~[?:1.8.0_40]
	at java.lang.ClassLoader.defineClass(ClassLoader.java:642) ~[?:1.8.0_40]
	at m3.classe.M3ClassLoader.findClass(M3ClassLoader.java:61) ~[classes/:?]
	at java.lang.ClassLoader.loadClass(ClassLoader.java:424) ~[?:1.8.0_40]
	at java.lang.ClassLoader.loadClass(ClassLoader.java:357) ~[?:1.8.0_40]
	at m3.classe.ClassUtils.getSuperClass(ClassUtils.java:56) ~[classes/:?]
	at m3.classe.ClassUtils.getSuperClass(ClassUtils.java:52) ~[classes/:?]
	at m3.M3UpgradObject.analyseM3Object(M3UpgradObject.java:194) [classes/:?]
	at com.app.process.Process.analyse(Process.java:101) [classes/:?]
	at com.app.process.Process.run(Process.java:438) [classes/:?]
	at java.lang.Thread.run(Thread.java:745) [?:1.8.0_40]
Caused by: java.lang.ClassNotFoundException: javax.jms.ExceptionListener
	at m3.classe.M3ClassLoader.findClass(M3ClassLoader.java:59) ~[classes/:?]
	at java.lang.ClassLoader.loadClass(ClassLoader.java:424) ~[?:1.8.0_40]
	at java.lang.ClassLoader.loadClass(ClassLoader.java:357) ~[?:1.8.0_40]
	... 12 more
[ERROR] 2016-02-15 15:24:03.830 [Thread-9] main - javax/jms/ExceptionListener
java.lang.NoClassDefFoundError: javax/jms/ExceptionListener
	at java.lang.ClassLoader.defineClass1(Native Method) ~[?:1.8.0_40]
	at java.lang.ClassLoader.defineClass(ClassLoader.java:760) ~[?:1.8.0_40]
	at java.lang.ClassLoader.defineClass(ClassLoader.java:642) ~[?:1.8.0_40]
	at m3.classe.M3ClassLoader.findClass(M3ClassLoader.java:61) ~[classes/:?]
	at java.lang.ClassLoader.loadClass(ClassLoader.java:424) ~[?:1.8.0_40]
	at java.lang.ClassLoader.loadClass(ClassLoader.java:357) ~[?:1.8.0_40]
	at m3.classe.ClassUtils.getSuperClass(ClassUtils.java:56) ~[classes/:?]
	at m3.classe.ClassUtils.getSuperClass(ClassUtils.java:52) ~[classes/:?]
	at m3.M3UpgradObject.analyseM3Object(M3UpgradObject.java:194) [classes/:?]
	at com.app.process.Process.analyse(Process.java:101) [classes/:?]
	at com.app.process.Process.run(Process.java:438) [classes/:?]
	at java.lang.Thread.run(Thread.java:745) [?:1.8.0_40]
Caused by: java.lang.ClassNotFoundException: javax.jms.ExceptionListener
	at m3.classe.M3ClassLoader.findClass(M3ClassLoader.java:59) ~[classes/:?]
	at java.lang.ClassLoader.loadClass(ClassLoader.java:424) ~[?:1.8.0_40]
	at java.lang.ClassLoader.loadClass(ClassLoader.java:357) ~[?:1.8.0_40]
	... 12 more
[ERROR] 2016-02-15 15:24:36.494 [Thread-9] main - mvx/db/def/RemovedForUpgradeDB/dSINDII (wrong name: mvx/db/def/dSINDII)
java.lang.NoClassDefFoundError: mvx/db/def/RemovedForUpgradeDB/dSINDII (wrong name: mvx/db/def/dSINDII)
	at java.lang.ClassLoader.defineClass1(Native Method) ~[?:1.8.0_40]
	at java.lang.ClassLoader.defineClass(ClassLoader.java:760) ~[?:1.8.0_40]
	at java.lang.ClassLoader.defineClass(ClassLoader.java:642) ~[?:1.8.0_40]
	at m3.classe.M3ClassLoader.findClass(M3ClassLoader.java:61) ~[classes/:?]
	at java.lang.ClassLoader.loadClass(ClassLoader.java:424) ~[?:1.8.0_40]
	at java.lang.ClassLoader.loadClass(ClassLoader.java:357) ~[?:1.8.0_40]
	at m3.classe.ClassUtils.getSuperClass(ClassUtils.java:56) ~[classes/:?]
	at m3.classe.ClassUtils.getSuperClass(ClassUtils.java:52) ~[classes/:?]
	at m3.M3UpgradObject.analyseM3Object(M3UpgradObject.java:194) [classes/:?]
	at com.app.process.Process.analyse(Process.java:101) [classes/:?]
	at com.app.process.Process.run(Process.java:438) [classes/:?]
	at java.lang.Thread.run(Thread.java:745) [?:1.8.0_40]
[ERROR] 2016-02-15 15:24:36.615 [Thread-9] main - mvx/db/def/RemovedForUpgradeDB/dSINDIA (wrong name: mvx/db/def/dSINDIA)
java.lang.NoClassDefFoundError: mvx/db/def/RemovedForUpgradeDB/dSINDIA (wrong name: mvx/db/def/dSINDIA)
	at java.lang.ClassLoader.defineClass1(Native Method) ~[?:1.8.0_40]
	at java.lang.ClassLoader.defineClass(ClassLoader.java:760) ~[?:1.8.0_40]
	at java.lang.ClassLoader.defineClass(ClassLoader.java:642) ~[?:1.8.0_40]
	at m3.classe.M3ClassLoader.findClass(M3ClassLoader.java:61) ~[classes/:?]
	at java.lang.ClassLoader.loadClass(ClassLoader.java:424) ~[?:1.8.0_40]
	at java.lang.ClassLoader.loadClass(ClassLoader.java:357) ~[?:1.8.0_40]
	at m3.classe.ClassUtils.getSuperClass(ClassUtils.java:56) ~[classes/:?]
	at m3.classe.ClassUtils.getSuperClass(ClassUtils.java:52) ~[classes/:?]
	at m3.M3UpgradObject.analyseM3Object(M3UpgradObject.java:194) [classes/:?]
	at com.app.process.Process.analyse(Process.java:101) [classes/:?]
	at com.app.process.Process.run(Process.java:438) [classes/:?]
	at java.lang.Thread.run(Thread.java:745) [?:1.8.0_40]
[ERROR] 2016-02-15 15:24:36.727 [Thread-9] main - mvx/db/def/RemovedForUpgradeDB/dSSDVID (wrong name: mvx/db/def/dSSDVID)
java.lang.NoClassDefFoundError: mvx/db/def/RemovedForUpgradeDB/dSSDVID (wrong name: mvx/db/def/dSSDVID)
	at java.lang.ClassLoader.defineClass1(Native Method) ~[?:1.8.0_40]
	at java.lang.ClassLoader.defineClass(ClassLoader.java:760) ~[?:1.8.0_40]
	at java.lang.ClassLoader.defineClass(ClassLoader.java:642) ~[?:1.8.0_40]
	at m3.classe.M3ClassLoader.findClass(M3ClassLoader.java:61) ~[classes/:?]
	at java.lang.ClassLoader.loadClass(ClassLoader.java:424) ~[?:1.8.0_40]
	at java.lang.ClassLoader.loadClass(ClassLoader.java:357) ~[?:1.8.0_40]
	at m3.classe.ClassUtils.getSuperClass(ClassUtils.java:56) ~[classes/:?]
	at m3.classe.ClassUtils.getSuperClass(ClassUtils.java:52) ~[classes/:?]
	at m3.M3UpgradObject.analyseM3Object(M3UpgradObject.java:194) [classes/:?]
	at com.app.process.Process.analyse(Process.java:101) [classes/:?]
	at com.app.process.Process.run(Process.java:438) [classes/:?]
	at java.lang.Thread.run(Thread.java:745) [?:1.8.0_40]
[ERROR] 2016-02-15 15:24:46.956 [Thread-9] main - mvx/db/dta/RemovedForUpgradeDB/SSDVID (wrong name: mvx/db/dta/SSDVID)
java.lang.NoClassDefFoundError: mvx/db/dta/RemovedForUpgradeDB/SSDVID (wrong name: mvx/db/dta/SSDVID)
	at java.lang.ClassLoader.defineClass1(Native Method) ~[?:1.8.0_40]
	at java.lang.ClassLoader.defineClass(ClassLoader.java:760) ~[?:1.8.0_40]
	at java.lang.ClassLoader.defineClass(ClassLoader.java:642) ~[?:1.8.0_40]
	at m3.classe.M3ClassLoader.findClass(M3ClassLoader.java:61) ~[classes/:?]
	at java.lang.ClassLoader.loadClass(ClassLoader.java:424) ~[?:1.8.0_40]
	at java.lang.ClassLoader.loadClass(ClassLoader.java:357) ~[?:1.8.0_40]
	at m3.classe.ClassUtils.getSuperClass(ClassUtils.java:56) ~[classes/:?]
	at m3.classe.ClassUtils.getSuperClass(ClassUtils.java:52) ~[classes/:?]
	at m3.M3UpgradObject.analyseM3Object(M3UpgradObject.java:194) [classes/:?]
	at com.app.process.Process.analyse(Process.java:101) [classes/:?]
	at com.app.process.Process.run(Process.java:438) [classes/:?]
	at java.lang.Thread.run(Thread.java:745) [?:1.8.0_40]
[ERROR] 2016-02-15 15:24:47.071 [Thread-9] main - mvx/db/dta/RemovedForUpgradeDB/SINDIA (wrong name: mvx/db/dta/SINDIA)
java.lang.NoClassDefFoundError: mvx/db/dta/RemovedForUpgradeDB/SINDIA (wrong name: mvx/db/dta/SINDIA)
	at java.lang.ClassLoader.defineClass1(Native Method) ~[?:1.8.0_40]
	at java.lang.ClassLoader.defineClass(ClassLoader.java:760) ~[?:1.8.0_40]
	at java.lang.ClassLoader.defineClass(ClassLoader.java:642) ~[?:1.8.0_40]
	at m3.classe.M3ClassLoader.findClass(M3ClassLoader.java:61) ~[classes/:?]
	at java.lang.ClassLoader.loadClass(ClassLoader.java:424) ~[?:1.8.0_40]
	at java.lang.ClassLoader.loadClass(ClassLoader.java:357) ~[?:1.8.0_40]
	at m3.classe.ClassUtils.getSuperClass(ClassUtils.java:56) ~[classes/:?]
	at m3.classe.ClassUtils.getSuperClass(ClassUtils.java:52) ~[classes/:?]
	at m3.M3UpgradObject.analyseM3Object(M3UpgradObject.java:194) [classes/:?]
	at com.app.process.Process.analyse(Process.java:101) [classes/:?]
	at com.app.process.Process.run(Process.java:438) [classes/:?]
	at java.lang.Thread.run(Thread.java:745) [?:1.8.0_40]
[ERROR] 2016-02-15 15:24:47.184 [Thread-9] main - mvx/db/dta/RemovedForUpgradeDB/SINDII (wrong name: mvx/db/dta/SINDII)
java.lang.NoClassDefFoundError: mvx/db/dta/RemovedForUpgradeDB/SINDII (wrong name: mvx/db/dta/SINDII)
	at java.lang.ClassLoader.defineClass1(Native Method) ~[?:1.8.0_40]
	at java.lang.ClassLoader.defineClass(ClassLoader.java:760) ~[?:1.8.0_40]
	at java.lang.ClassLoader.defineClass(ClassLoader.java:642) ~[?:1.8.0_40]
	at m3.classe.M3ClassLoader.findClass(M3ClassLoader.java:61) ~[classes/:?]
	at java.lang.ClassLoader.loadClass(ClassLoader.java:424) ~[?:1.8.0_40]
	at java.lang.ClassLoader.loadClass(ClassLoader.java:357) ~[?:1.8.0_40]
	at m3.classe.ClassUtils.getSuperClass(ClassUtils.java:56) ~[classes/:?]
	at m3.classe.ClassUtils.getSuperClass(ClassUtils.java:52) ~[classes/:?]
	at m3.M3UpgradObject.analyseM3Object(M3UpgradObject.java:194) [classes/:?]
	at com.app.process.Process.analyse(Process.java:101) [classes/:?]
	at com.app.process.Process.run(Process.java:438) [classes/:?]
	at java.lang.Thread.run(Thread.java:745) [?:1.8.0_40]
[ERROR] 2016-02-15 15:24:57.103 [Thread-9] main - mvx/dsp/obj/OIS101DSPsv (wrong name: mvx/dsp/obj/OIS101DSP)
java.lang.NoClassDefFoundError: mvx/dsp/obj/OIS101DSPsv (wrong name: mvx/dsp/obj/OIS101DSP)
	at java.lang.ClassLoader.defineClass1(Native Method) ~[?:1.8.0_40]
	at java.lang.ClassLoader.defineClass(ClassLoader.java:760) ~[?:1.8.0_40]
	at java.lang.ClassLoader.defineClass(ClassLoader.java:642) ~[?:1.8.0_40]
	at m3.classe.M3ClassLoader.findClass(M3ClassLoader.java:61) ~[classes/:?]
	at java.lang.ClassLoader.loadClass(ClassLoader.java:424) ~[?:1.8.0_40]
	at java.lang.ClassLoader.loadClass(ClassLoader.java:357) ~[?:1.8.0_40]
	at m3.classe.ClassUtils.getSuperClass(ClassUtils.java:56) ~[classes/:?]
	at m3.classe.ClassUtils.getSuperClass(ClassUtils.java:52) ~[classes/:?]
	at m3.M3UpgradObject.analyseM3Object(M3UpgradObject.java:194) [classes/:?]
	at com.app.process.Process.analyse(Process.java:101) [classes/:?]
	at com.app.process.Process.run(Process.java:438) [classes/:?]
	at java.lang.Thread.run(Thread.java:745) [?:1.8.0_40]
[ERROR] 2016-02-15 15:25:51.341 [Thread-9] main - mvx/app/pgm/customer/ALT020saveJMD (wrong name: mvx/app/pgm/customer/ALT020)
java.lang.NoClassDefFoundError: mvx/app/pgm/customer/ALT020saveJMD (wrong name: mvx/app/pgm/customer/ALT020)
	at java.lang.ClassLoader.defineClass1(Native Method) ~[?:1.8.0_40]
	at java.lang.ClassLoader.defineClass(ClassLoader.java:760) ~[?:1.8.0_40]
	at java.lang.ClassLoader.defineClass(ClassLoader.java:642) ~[?:1.8.0_40]
	at m3.classe.M3ClassLoader.findClass(M3ClassLoader.java:61) ~[classes/:?]
	at java.lang.ClassLoader.loadClass(ClassLoader.java:424) ~[?:1.8.0_40]
	at java.lang.ClassLoader.loadClass(ClassLoader.java:357) ~[?:1.8.0_40]
	at m3.classe.ClassUtils.getSuperClass(ClassUtils.java:56) ~[classes/:?]
	at m3.classe.ClassUtils.getSuperClass(ClassUtils.java:52) ~[classes/:?]
	at m3.M3UpgradObject.analyseM3Object(M3UpgradObject.java:194) [classes/:?]
	at com.app.process.Process.analyse(Process.java:101) [classes/:?]
	at com.app.process.Process.run(Process.java:438) [classes/:?]
	at java.lang.Thread.run(Thread.java:745) [?:1.8.0_40]
[ERROR] 2016-02-15 15:25:54.920 [Thread-9] main - mvx/app/pgm/customer/ALX613_old (wrong name: mvx/app/pgm/customer/ALX613)
java.lang.NoClassDefFoundError: mvx/app/pgm/customer/ALX613_old (wrong name: mvx/app/pgm/customer/ALX613)
	at java.lang.ClassLoader.defineClass1(Native Method) ~[?:1.8.0_40]
	at java.lang.ClassLoader.defineClass(ClassLoader.java:760) ~[?:1.8.0_40]
	at java.lang.ClassLoader.defineClass(ClassLoader.java:642) ~[?:1.8.0_40]
	at m3.classe.M3ClassLoader.findClass(M3ClassLoader.java:61) ~[classes/:?]
	at java.lang.ClassLoader.loadClass(ClassLoader.java:424) ~[?:1.8.0_40]
	at java.lang.ClassLoader.loadClass(ClassLoader.java:357) ~[?:1.8.0_40]
	at m3.classe.ClassUtils.getSuperClass(ClassUtils.java:56) ~[classes/:?]
	at m3.classe.ClassUtils.getSuperClass(ClassUtils.java:52) ~[classes/:?]
	at m3.M3UpgradObject.analyseM3Object(M3UpgradObject.java:194) [classes/:?]
	at com.app.process.Process.analyse(Process.java:101) [classes/:?]
	at com.app.process.Process.run(Process.java:438) [classes/:?]
	at java.lang.Thread.run(Thread.java:745) [?:1.8.0_40]
[ERROR] 2016-02-15 15:25:55.134 [Thread-9] main - mvx/app/pgm/customer/ALX613_sv (wrong name: mvx/app/pgm/customer/ALX613)
java.lang.NoClassDefFoundError: mvx/app/pgm/customer/ALX613_sv (wrong name: mvx/app/pgm/customer/ALX613)
	at java.lang.ClassLoader.defineClass1(Native Method) ~[?:1.8.0_40]
	at java.lang.ClassLoader.defineClass(ClassLoader.java:760) ~[?:1.8.0_40]
	at java.lang.ClassLoader.defineClass(ClassLoader.java:642) ~[?:1.8.0_40]
	at m3.classe.M3ClassLoader.findClass(M3ClassLoader.java:61) ~[classes/:?]
	at java.lang.ClassLoader.loadClass(ClassLoader.java:424) ~[?:1.8.0_40]
	at java.lang.ClassLoader.loadClass(ClassLoader.java:357) ~[?:1.8.0_40]
	at m3.classe.ClassUtils.getSuperClass(ClassUtils.java:56) ~[classes/:?]
	at m3.classe.ClassUtils.getSuperClass(ClassUtils.java:52) ~[classes/:?]
	at m3.M3UpgradObject.analyseM3Object(M3UpgradObject.java:194) [classes/:?]
	at com.app.process.Process.analyse(Process.java:101) [classes/:?]
	at com.app.process.Process.run(Process.java:438) [classes/:?]
	at java.lang.Thread.run(Thread.java:745) [?:1.8.0_40]
[ERROR] 2016-02-15 15:26:02.441 [Thread-9] main - mvx/app/pgm/customer/ALY550_notProd (wrong name: mvx/app/pgm/customer/ALY550)
java.lang.NoClassDefFoundError: mvx/app/pgm/customer/ALY550_notProd (wrong name: mvx/app/pgm/customer/ALY550)
	at java.lang.ClassLoader.defineClass1(Native Method) ~[?:1.8.0_40]
	at java.lang.ClassLoader.defineClass(ClassLoader.java:760) ~[?:1.8.0_40]
	at java.lang.ClassLoader.defineClass(ClassLoader.java:642) ~[?:1.8.0_40]
	at m3.classe.M3ClassLoader.findClass(M3ClassLoader.java:61) ~[classes/:?]
	at java.lang.ClassLoader.loadClass(ClassLoader.java:424) ~[?:1.8.0_40]
	at java.lang.ClassLoader.loadClass(ClassLoader.java:357) ~[?:1.8.0_40]
	at m3.classe.ClassUtils.getSuperClass(ClassUtils.java:56) ~[classes/:?]
	at m3.classe.ClassUtils.getSuperClass(ClassUtils.java:52) ~[classes/:?]
	at m3.M3UpgradObject.analyseM3Object(M3UpgradObject.java:194) [classes/:?]
	at com.app.process.Process.analyse(Process.java:101) [classes/:?]
	at com.app.process.Process.run(Process.java:438) [classes/:?]
	at java.lang.Thread.run(Thread.java:745) [?:1.8.0_40]
[ERROR] 2016-02-15 15:26:02.735 [Thread-9] main - mvx/app/pgm/customer/ALY551CL_notProd (wrong name: mvx/app/pgm/customer/ALY551CL)
java.lang.NoClassDefFoundError: mvx/app/pgm/customer/ALY551CL_notProd (wrong name: mvx/app/pgm/customer/ALY551CL)
	at java.lang.ClassLoader.defineClass1(Native Method) ~[?:1.8.0_40]
	at java.lang.ClassLoader.defineClass(ClassLoader.java:760) ~[?:1.8.0_40]
	at java.lang.ClassLoader.defineClass(ClassLoader.java:642) ~[?:1.8.0_40]
	at m3.classe.M3ClassLoader.findClass(M3ClassLoader.java:61) ~[classes/:?]
	at java.lang.ClassLoader.loadClass(ClassLoader.java:424) ~[?:1.8.0_40]
	at java.lang.ClassLoader.loadClass(ClassLoader.java:357) ~[?:1.8.0_40]
	at m3.classe.ClassUtils.getSuperClass(ClassUtils.java:56) ~[classes/:?]
	at m3.classe.ClassUtils.getSuperClass(ClassUtils.java:52) ~[classes/:?]
	at m3.M3UpgradObject.analyseM3Object(M3UpgradObject.java:194) [classes/:?]
	at com.app.process.Process.analyse(Process.java:101) [classes/:?]
	at com.app.process.Process.run(Process.java:438) [classes/:?]
	at java.lang.Thread.run(Thread.java:745) [?:1.8.0_40]
[ERROR] 2016-02-15 15:26:02.897 [Thread-9] main - mvx/app/pgm/customer/ALY551_dum (wrong name: mvx/app/pgm/customer/ALY551)
java.lang.NoClassDefFoundError: mvx/app/pgm/customer/ALY551_dum (wrong name: mvx/app/pgm/customer/ALY551)
	at java.lang.ClassLoader.defineClass1(Native Method) ~[?:1.8.0_40]
	at java.lang.ClassLoader.defineClass(ClassLoader.java:760) ~[?:1.8.0_40]
	at java.lang.ClassLoader.defineClass(ClassLoader.java:642) ~[?:1.8.0_40]
	at m3.classe.M3ClassLoader.findClass(M3ClassLoader.java:61) ~[classes/:?]
	at java.lang.ClassLoader.loadClass(ClassLoader.java:424) ~[?:1.8.0_40]
	at java.lang.ClassLoader.loadClass(ClassLoader.java:357) ~[?:1.8.0_40]
	at m3.classe.ClassUtils.getSuperClass(ClassUtils.java:56) ~[classes/:?]
	at m3.classe.ClassUtils.getSuperClass(ClassUtils.java:52) ~[classes/:?]
	at m3.M3UpgradObject.analyseM3Object(M3UpgradObject.java:194) [classes/:?]
	at com.app.process.Process.analyse(Process.java:101) [classes/:?]
	at com.app.process.Process.run(Process.java:438) [classes/:?]
	at java.lang.Thread.run(Thread.java:745) [?:1.8.0_40]
[ERROR] 2016-02-15 15:26:03.062 [Thread-9] main - mvx/app/pgm/customer/ALY551_notProd (wrong name: mvx/app/pgm/customer/ALY551)
java.lang.NoClassDefFoundError: mvx/app/pgm/customer/ALY551_notProd (wrong name: mvx/app/pgm/customer/ALY551)
	at java.lang.ClassLoader.defineClass1(Native Method) ~[?:1.8.0_40]
	at java.lang.ClassLoader.defineClass(ClassLoader.java:760) ~[?:1.8.0_40]
	at java.lang.ClassLoader.defineClass(ClassLoader.java:642) ~[?:1.8.0_40]
	at m3.classe.M3ClassLoader.findClass(M3ClassLoader.java:61) ~[classes/:?]
	at java.lang.ClassLoader.loadClass(ClassLoader.java:424) ~[?:1.8.0_40]
	at java.lang.ClassLoader.loadClass(ClassLoader.java:357) ~[?:1.8.0_40]
	at m3.classe.ClassUtils.getSuperClass(ClassUtils.java:56) ~[classes/:?]
	at m3.classe.ClassUtils.getSuperClass(ClassUtils.java:52) ~[classes/:?]
	at m3.M3UpgradObject.analyseM3Object(M3UpgradObject.java:194) [classes/:?]
	at com.app.process.Process.analyse(Process.java:101) [classes/:?]
	at com.app.process.Process.run(Process.java:438) [classes/:?]
	at java.lang.Thread.run(Thread.java:745) [?:1.8.0_40]
[ERROR] 2016-02-15 15:26:03.229 [Thread-9] main - mvx/app/pgm/customer/ALY551_saveJMD (wrong name: mvx/app/pgm/customer/ALY551)
java.lang.NoClassDefFoundError: mvx/app/pgm/customer/ALY551_saveJMD (wrong name: mvx/app/pgm/customer/ALY551)
	at java.lang.ClassLoader.defineClass1(Native Method) ~[?:1.8.0_40]
	at java.lang.ClassLoader.defineClass(ClassLoader.java:760) ~[?:1.8.0_40]
	at java.lang.ClassLoader.defineClass(ClassLoader.java:642) ~[?:1.8.0_40]
	at m3.classe.M3ClassLoader.findClass(M3ClassLoader.java:61) ~[classes/:?]
	at java.lang.ClassLoader.loadClass(ClassLoader.java:424) ~[?:1.8.0_40]
	at java.lang.ClassLoader.loadClass(ClassLoader.java:357) ~[?:1.8.0_40]
	at m3.classe.ClassUtils.getSuperClass(ClassUtils.java:56) ~[classes/:?]
	at m3.classe.ClassUtils.getSuperClass(ClassUtils.java:52) ~[classes/:?]
	at m3.M3UpgradObject.analyseM3Object(M3UpgradObject.java:194) [classes/:?]
	at com.app.process.Process.analyse(Process.java:101) [classes/:?]
	at com.app.process.Process.run(Process.java:438) [classes/:?]
	at java.lang.Thread.run(Thread.java:745) [?:1.8.0_40]
[ERROR] 2016-02-15 15:26:03.396 [Thread-9] main - mvx/app/pgm/customer/ALY551_sv (wrong name: mvx/app/pgm/customer/ALY551)
java.lang.NoClassDefFoundError: mvx/app/pgm/customer/ALY551_sv (wrong name: mvx/app/pgm/customer/ALY551)
	at java.lang.ClassLoader.defineClass1(Native Method) ~[?:1.8.0_40]
	at java.lang.ClassLoader.defineClass(ClassLoader.java:760) ~[?:1.8.0_40]
	at java.lang.ClassLoader.defineClass(ClassLoader.java:642) ~[?:1.8.0_40]
	at m3.classe.M3ClassLoader.findClass(M3ClassLoader.java:61) ~[classes/:?]
	at java.lang.ClassLoader.loadClass(ClassLoader.java:424) ~[?:1.8.0_40]
	at java.lang.ClassLoader.loadClass(ClassLoader.java:357) ~[?:1.8.0_40]
	at m3.classe.ClassUtils.getSuperClass(ClassUtils.java:56) ~[classes/:?]
	at m3.classe.ClassUtils.getSuperClass(ClassUtils.java:52) ~[classes/:?]
	at m3.M3UpgradObject.analyseM3Object(M3UpgradObject.java:194) [classes/:?]
	at com.app.process.Process.analyse(Process.java:101) [classes/:?]
	at com.app.process.Process.run(Process.java:438) [classes/:?]
	at java.lang.Thread.run(Thread.java:745) [?:1.8.0_40]
[ERROR] 2016-02-15 15:26:03.559 [Thread-9] main - mvx/app/pgm/customer/ALY552CL_old (wrong name: mvx/app/pgm/customer/ALY552CL)
java.lang.NoClassDefFoundError: mvx/app/pgm/customer/ALY552CL_old (wrong name: mvx/app/pgm/customer/ALY552CL)
	at java.lang.ClassLoader.defineClass1(Native Method) ~[?:1.8.0_40]
	at java.lang.ClassLoader.defineClass(ClassLoader.java:760) ~[?:1.8.0_40]
	at java.lang.ClassLoader.defineClass(ClassLoader.java:642) ~[?:1.8.0_40]
	at m3.classe.M3ClassLoader.findClass(M3ClassLoader.java:61) ~[classes/:?]
	at java.lang.ClassLoader.loadClass(ClassLoader.java:424) ~[?:1.8.0_40]
	at java.lang.ClassLoader.loadClass(ClassLoader.java:357) ~[?:1.8.0_40]
	at m3.classe.ClassUtils.getSuperClass(ClassUtils.java:56) ~[classes/:?]
	at m3.classe.ClassUtils.getSuperClass(ClassUtils.java:52) ~[classes/:?]
	at m3.M3UpgradObject.analyseM3Object(M3UpgradObject.java:194) [classes/:?]
	at com.app.process.Process.analyse(Process.java:101) [classes/:?]
	at com.app.process.Process.run(Process.java:438) [classes/:?]
	at java.lang.Thread.run(Thread.java:745) [?:1.8.0_40]
[ERROR] 2016-02-15 15:26:04.552 [Thread-9] main - mvx/app/pgm/customer/ALY571_JMD (wrong name: mvx/app/pgm/customer/ALY571)
java.lang.NoClassDefFoundError: mvx/app/pgm/customer/ALY571_JMD (wrong name: mvx/app/pgm/customer/ALY571)
	at java.lang.ClassLoader.defineClass1(Native Method) ~[?:1.8.0_40]
	at java.lang.ClassLoader.defineClass(ClassLoader.java:760) ~[?:1.8.0_40]
	at java.lang.ClassLoader.defineClass(ClassLoader.java:642) ~[?:1.8.0_40]
	at m3.classe.M3ClassLoader.findClass(M3ClassLoader.java:61) ~[classes/:?]
	at java.lang.ClassLoader.loadClass(ClassLoader.java:424) ~[?:1.8.0_40]
	at java.lang.ClassLoader.loadClass(ClassLoader.java:357) ~[?:1.8.0_40]
	at m3.classe.ClassUtils.getSuperClass(ClassUtils.java:56) ~[classes/:?]
	at m3.classe.ClassUtils.getSuperClass(ClassUtils.java:52) ~[classes/:?]
	at m3.M3UpgradObject.analyseM3Object(M3UpgradObject.java:194) [classes/:?]
	at com.app.process.Process.analyse(Process.java:101) [classes/:?]
	at com.app.process.Process.run(Process.java:438) [classes/:?]
	at java.lang.Thread.run(Thread.java:745) [?:1.8.0_40]
[ERROR] 2016-02-15 15:26:12.986 [Thread-9] main - mvx/app/pgm/customer/ALY723_old (wrong name: mvx/app/pgm/customer/ALY723)
java.lang.NoClassDefFoundError: mvx/app/pgm/customer/ALY723_old (wrong name: mvx/app/pgm/customer/ALY723)
	at java.lang.ClassLoader.defineClass1(Native Method) ~[?:1.8.0_40]
	at java.lang.ClassLoader.defineClass(ClassLoader.java:760) ~[?:1.8.0_40]
	at java.lang.ClassLoader.defineClass(ClassLoader.java:642) ~[?:1.8.0_40]
	at m3.classe.M3ClassLoader.findClass(M3ClassLoader.java:61) ~[classes/:?]
	at java.lang.ClassLoader.loadClass(ClassLoader.java:424) ~[?:1.8.0_40]
	at java.lang.ClassLoader.loadClass(ClassLoader.java:357) ~[?:1.8.0_40]
	at m3.classe.ClassUtils.getSuperClass(ClassUtils.java:56) ~[classes/:?]
	at m3.classe.ClassUtils.getSuperClass(ClassUtils.java:52) ~[classes/:?]
	at m3.M3UpgradObject.analyseM3Object(M3UpgradObject.java:194) [classes/:?]
	at com.app.process.Process.analyse(Process.java:101) [classes/:?]
	at com.app.process.Process.run(Process.java:438) [classes/:?]
	at java.lang.Thread.run(Thread.java:745) [?:1.8.0_40]
[ERROR] 2016-02-15 15:26:28.406 [Thread-9] main - mvx/app/pgm/customer/ALZ050_old (wrong name: mvx/app/pgm/customer/ALZ050)
java.lang.NoClassDefFoundError: mvx/app/pgm/customer/ALZ050_old (wrong name: mvx/app/pgm/customer/ALZ050)
	at java.lang.ClassLoader.defineClass1(Native Method) ~[?:1.8.0_40]
	at java.lang.ClassLoader.defineClass(ClassLoader.java:760) ~[?:1.8.0_40]
	at java.lang.ClassLoader.defineClass(ClassLoader.java:642) ~[?:1.8.0_40]
	at m3.classe.M3ClassLoader.findClass(M3ClassLoader.java:61) ~[classes/:?]
	at java.lang.ClassLoader.loadClass(ClassLoader.java:424) ~[?:1.8.0_40]
	at java.lang.ClassLoader.loadClass(ClassLoader.java:357) ~[?:1.8.0_40]
	at m3.classe.ClassUtils.getSuperClass(ClassUtils.java:56) ~[classes/:?]
	at m3.classe.ClassUtils.getSuperClass(ClassUtils.java:52) ~[classes/:?]
	at m3.M3UpgradObject.analyseM3Object(M3UpgradObject.java:194) [classes/:?]
	at com.app.process.Process.analyse(Process.java:101) [classes/:?]
	at com.app.process.Process.run(Process.java:438) [classes/:?]
	at java.lang.Thread.run(Thread.java:745) [?:1.8.0_40]
[ERROR] 2016-02-15 15:26:53.703 [Thread-9] main - mvx/app/pgm/customer/ALZ181_old (wrong name: mvx/app/pgm/customer/ALZ181)
java.lang.NoClassDefFoundError: mvx/app/pgm/customer/ALZ181_old (wrong name: mvx/app/pgm/customer/ALZ181)
	at java.lang.ClassLoader.defineClass1(Native Method) ~[?:1.8.0_40]
	at java.lang.ClassLoader.defineClass(ClassLoader.java:760) ~[?:1.8.0_40]
	at java.lang.ClassLoader.defineClass(ClassLoader.java:642) ~[?:1.8.0_40]
	at m3.classe.M3ClassLoader.findClass(M3ClassLoader.java:61) ~[classes/:?]
	at java.lang.ClassLoader.loadClass(ClassLoader.java:424) ~[?:1.8.0_40]
	at java.lang.ClassLoader.loadClass(ClassLoader.java:357) ~[?:1.8.0_40]
	at m3.classe.ClassUtils.getSuperClass(ClassUtils.java:56) ~[classes/:?]
	at m3.classe.ClassUtils.getSuperClass(ClassUtils.java:52) ~[classes/:?]
	at m3.M3UpgradObject.analyseM3Object(M3UpgradObject.java:194) [classes/:?]
	at com.app.process.Process.analyse(Process.java:101) [classes/:?]
	at com.app.process.Process.run(Process.java:438) [classes/:?]
	at java.lang.Thread.run(Thread.java:745) [?:1.8.0_40]
[ERROR] 2016-02-15 15:27:07.694 [Thread-9] main - mvx/app/pgm/customer/ALZ436CL_sv (wrong name: mvx/app/pgm/customer/ALZ436CL)
java.lang.NoClassDefFoundError: mvx/app/pgm/customer/ALZ436CL_sv (wrong name: mvx/app/pgm/customer/ALZ436CL)
	at java.lang.ClassLoader.defineClass1(Native Method) ~[?:1.8.0_40]
	at java.lang.ClassLoader.defineClass(ClassLoader.java:760) ~[?:1.8.0_40]
	at java.lang.ClassLoader.defineClass(ClassLoader.java:642) ~[?:1.8.0_40]
	at m3.classe.M3ClassLoader.findClass(M3ClassLoader.java:61) ~[classes/:?]
	at java.lang.ClassLoader.loadClass(ClassLoader.java:424) ~[?:1.8.0_40]
	at java.lang.ClassLoader.loadClass(ClassLoader.java:357) ~[?:1.8.0_40]
	at m3.classe.ClassUtils.getSuperClass(ClassUtils.java:56) ~[classes/:?]
	at m3.classe.ClassUtils.getSuperClass(ClassUtils.java:52) ~[classes/:?]
	at m3.M3UpgradObject.analyseM3Object(M3UpgradObject.java:194) [classes/:?]
	at com.app.process.Process.analyse(Process.java:101) [classes/:?]
	at com.app.process.Process.run(Process.java:438) [classes/:?]
	at java.lang.Thread.run(Thread.java:745) [?:1.8.0_40]
[ERROR] 2016-02-15 15:27:07.900 [Thread-9] main - mvx/app/pgm/customer/ALZ436_sv (wrong name: mvx/app/pgm/customer/ALZ436)
java.lang.NoClassDefFoundError: mvx/app/pgm/customer/ALZ436_sv (wrong name: mvx/app/pgm/customer/ALZ436)
	at java.lang.ClassLoader.defineClass1(Native Method) ~[?:1.8.0_40]
	at java.lang.ClassLoader.defineClass(ClassLoader.java:760) ~[?:1.8.0_40]
	at java.lang.ClassLoader.defineClass(ClassLoader.java:642) ~[?:1.8.0_40]
	at m3.classe.M3ClassLoader.findClass(M3ClassLoader.java:61) ~[classes/:?]
	at java.lang.ClassLoader.loadClass(ClassLoader.java:424) ~[?:1.8.0_40]
	at java.lang.ClassLoader.loadClass(ClassLoader.java:357) ~[?:1.8.0_40]
	at m3.classe.ClassUtils.getSuperClass(ClassUtils.java:56) ~[classes/:?]
	at m3.classe.ClassUtils.getSuperClass(ClassUtils.java:52) ~[classes/:?]
	at m3.M3UpgradObject.analyseM3Object(M3UpgradObject.java:194) [classes/:?]
	at com.app.process.Process.analyse(Process.java:101) [classes/:?]
	at com.app.process.Process.run(Process.java:438) [classes/:?]
	at java.lang.Thread.run(Thread.java:745) [?:1.8.0_40]
[ERROR] 2016-02-15 15:27:08.137 [Thread-9] main - mvx/app/pgm/customer/ALZ437_sv (wrong name: mvx/app/pgm/customer/ALZ437)
java.lang.NoClassDefFoundError: mvx/app/pgm/customer/ALZ437_sv (wrong name: mvx/app/pgm/customer/ALZ437)
	at java.lang.ClassLoader.defineClass1(Native Method) ~[?:1.8.0_40]
	at java.lang.ClassLoader.defineClass(ClassLoader.java:760) ~[?:1.8.0_40]
	at java.lang.ClassLoader.defineClass(ClassLoader.java:642) ~[?:1.8.0_40]
	at m3.classe.M3ClassLoader.findClass(M3ClassLoader.java:61) ~[classes/:?]
	at java.lang.ClassLoader.loadClass(ClassLoader.java:424) ~[?:1.8.0_40]
	at java.lang.ClassLoader.loadClass(ClassLoader.java:357) ~[?:1.8.0_40]
	at m3.classe.ClassUtils.getSuperClass(ClassUtils.java:56) ~[classes/:?]
	at m3.classe.ClassUtils.getSuperClass(ClassUtils.java:52) ~[classes/:?]
	at m3.M3UpgradObject.analyseM3Object(M3UpgradObject.java:194) [classes/:?]
	at com.app.process.Process.analyse(Process.java:101) [classes/:?]
	at com.app.process.Process.run(Process.java:438) [classes/:?]
	at java.lang.Thread.run(Thread.java:745) [?:1.8.0_40]
[ERROR] 2016-02-15 15:27:08.555 [Thread-9] main - mvx/app/pgm/customer/ALZ438_sv (wrong name: mvx/app/pgm/customer/ALZ438)
java.lang.NoClassDefFoundError: mvx/app/pgm/customer/ALZ438_sv (wrong name: mvx/app/pgm/customer/ALZ438)
	at java.lang.ClassLoader.defineClass1(Native Method) ~[?:1.8.0_40]
	at java.lang.ClassLoader.defineClass(ClassLoader.java:760) ~[?:1.8.0_40]
	at java.lang.ClassLoader.defineClass(ClassLoader.java:642) ~[?:1.8.0_40]
	at m3.classe.M3ClassLoader.findClass(M3ClassLoader.java:61) ~[classes/:?]
	at java.lang.ClassLoader.loadClass(ClassLoader.java:424) ~[?:1.8.0_40]
	at java.lang.ClassLoader.loadClass(ClassLoader.java:357) ~[?:1.8.0_40]
	at m3.classe.ClassUtils.getSuperClass(ClassUtils.java:56) ~[classes/:?]
	at m3.classe.ClassUtils.getSuperClass(ClassUtils.java:52) ~[classes/:?]
	at m3.M3UpgradObject.analyseM3Object(M3UpgradObject.java:194) [classes/:?]
	at com.app.process.Process.analyse(Process.java:101) [classes/:?]
	at com.app.process.Process.run(Process.java:438) [classes/:?]
	at java.lang.Thread.run(Thread.java:745) [?:1.8.0_40]
[ERROR] 2016-02-15 15:27:10.748 [Thread-9] main - mvx/app/pgm/customer/ALZ475_old (wrong name: mvx/app/pgm/customer/ALZ475)
java.lang.NoClassDefFoundError: mvx/app/pgm/customer/ALZ475_old (wrong name: mvx/app/pgm/customer/ALZ475)
	at java.lang.ClassLoader.defineClass1(Native Method) ~[?:1.8.0_40]
	at java.lang.ClassLoader.defineClass(ClassLoader.java:760) ~[?:1.8.0_40]
	at java.lang.ClassLoader.defineClass(ClassLoader.java:642) ~[?:1.8.0_40]
	at m3.classe.M3ClassLoader.findClass(M3ClassLoader.java:61) ~[classes/:?]
	at java.lang.ClassLoader.loadClass(ClassLoader.java:424) ~[?:1.8.0_40]
	at java.lang.ClassLoader.loadClass(ClassLoader.java:357) ~[?:1.8.0_40]
	at m3.classe.ClassUtils.getSuperClass(ClassUtils.java:56) ~[classes/:?]
	at m3.classe.ClassUtils.getSuperClass(ClassUtils.java:52) ~[classes/:?]
	at m3.M3UpgradObject.analyseM3Object(M3UpgradObject.java:194) [classes/:?]
	at com.app.process.Process.analyse(Process.java:101) [classes/:?]
	at com.app.process.Process.run(Process.java:438) [classes/:?]
	at java.lang.Thread.run(Thread.java:745) [?:1.8.0_40]
[ERROR] 2016-02-15 15:27:12.202 [Thread-9] main - mvx/app/pgm/customer/ALZ482_notProd (wrong name: mvx/app/pgm/customer/ALZ482)
java.lang.NoClassDefFoundError: mvx/app/pgm/customer/ALZ482_notProd (wrong name: mvx/app/pgm/customer/ALZ482)
	at java.lang.ClassLoader.defineClass1(Native Method) ~[?:1.8.0_40]
	at java.lang.ClassLoader.defineClass(ClassLoader.java:760) ~[?:1.8.0_40]
	at java.lang.ClassLoader.defineClass(ClassLoader.java:642) ~[?:1.8.0_40]
	at m3.classe.M3ClassLoader.findClass(M3ClassLoader.java:61) ~[classes/:?]
	at java.lang.ClassLoader.loadClass(ClassLoader.java:424) ~[?:1.8.0_40]
	at java.lang.ClassLoader.loadClass(ClassLoader.java:357) ~[?:1.8.0_40]
	at m3.classe.ClassUtils.getSuperClass(ClassUtils.java:56) ~[classes/:?]
	at m3.classe.ClassUtils.getSuperClass(ClassUtils.java:52) ~[classes/:?]
	at m3.M3UpgradObject.analyseM3Object(M3UpgradObject.java:194) [classes/:?]
	at com.app.process.Process.analyse(Process.java:101) [classes/:?]
	at com.app.process.Process.run(Process.java:438) [classes/:?]
	at java.lang.Thread.run(Thread.java:745) [?:1.8.0_40]
[ERROR] 2016-02-15 15:27:12.523 [Thread-9] main - mvx/app/pgm/customer/ALZ483_notProd (wrong name: mvx/app/pgm/customer/ALZ483)
java.lang.NoClassDefFoundError: mvx/app/pgm/customer/ALZ483_notProd (wrong name: mvx/app/pgm/customer/ALZ483)
	at java.lang.ClassLoader.defineClass1(Native Method) ~[?:1.8.0_40]
	at java.lang.ClassLoader.defineClass(ClassLoader.java:760) ~[?:1.8.0_40]
	at java.lang.ClassLoader.defineClass(ClassLoader.java:642) ~[?:1.8.0_40]
	at m3.classe.M3ClassLoader.findClass(M3ClassLoader.java:61) ~[classes/:?]
	at java.lang.ClassLoader.loadClass(ClassLoader.java:424) ~[?:1.8.0_40]
	at java.lang.ClassLoader.loadClass(ClassLoader.java:357) ~[?:1.8.0_40]
	at m3.classe.ClassUtils.getSuperClass(ClassUtils.java:56) ~[classes/:?]
	at m3.classe.ClassUtils.getSuperClass(ClassUtils.java:52) ~[classes/:?]
	at m3.M3UpgradObject.analyseM3Object(M3UpgradObject.java:194) [classes/:?]
	at com.app.process.Process.analyse(Process.java:101) [classes/:?]
	at com.app.process.Process.run(Process.java:438) [classes/:?]
	at java.lang.Thread.run(Thread.java:745) [?:1.8.0_40]
[ERROR] 2016-02-15 15:27:18.728 [Thread-9] main - mvx/app/pgm/customer/ALZ540S2_hold (wrong name: mvx/app/pgm/customer/ALZ540S2)
java.lang.NoClassDefFoundError: mvx/app/pgm/customer/ALZ540S2_hold (wrong name: mvx/app/pgm/customer/ALZ540S2)
	at java.lang.ClassLoader.defineClass1(Native Method) ~[?:1.8.0_40]
	at java.lang.ClassLoader.defineClass(ClassLoader.java:760) ~[?:1.8.0_40]
	at java.lang.ClassLoader.defineClass(ClassLoader.java:642) ~[?:1.8.0_40]
	at m3.classe.M3ClassLoader.findClass(M3ClassLoader.java:61) ~[classes/:?]
	at java.lang.ClassLoader.loadClass(ClassLoader.java:424) ~[?:1.8.0_40]
	at java.lang.ClassLoader.loadClass(ClassLoader.java:357) ~[?:1.8.0_40]
	at m3.classe.ClassUtils.getSuperClass(ClassUtils.java:56) ~[classes/:?]
	at m3.classe.ClassUtils.getSuperClass(ClassUtils.java:52) ~[classes/:?]
	at m3.M3UpgradObject.analyseM3Object(M3UpgradObject.java:194) [classes/:?]
	at com.app.process.Process.analyse(Process.java:101) [classes/:?]
	at com.app.process.Process.run(Process.java:438) [classes/:?]
	at java.lang.Thread.run(Thread.java:745) [?:1.8.0_40]
[ERROR] 2016-02-15 15:27:37.523 [Thread-9] main - mvx/app/pgm/customer/ALZ838_old (wrong name: mvx/app/pgm/customer/ALZ838)
java.lang.NoClassDefFoundError: mvx/app/pgm/customer/ALZ838_old (wrong name: mvx/app/pgm/customer/ALZ838)
	at java.lang.ClassLoader.defineClass1(Native Method) ~[?:1.8.0_40]
	at java.lang.ClassLoader.defineClass(ClassLoader.java:760) ~[?:1.8.0_40]
	at java.lang.ClassLoader.defineClass(ClassLoader.java:642) ~[?:1.8.0_40]
	at m3.classe.M3ClassLoader.findClass(M3ClassLoader.java:61) ~[classes/:?]
	at java.lang.ClassLoader.loadClass(ClassLoader.java:424) ~[?:1.8.0_40]
	at java.lang.ClassLoader.loadClass(ClassLoader.java:357) ~[?:1.8.0_40]
	at m3.classe.ClassUtils.getSuperClass(ClassUtils.java:56) ~[classes/:?]
	at m3.classe.ClassUtils.getSuperClass(ClassUtils.java:52) ~[classes/:?]
	at m3.M3UpgradObject.analyseM3Object(M3UpgradObject.java:194) [classes/:?]
	at com.app.process.Process.analyse(Process.java:101) [classes/:?]
	at com.app.process.Process.run(Process.java:438) [classes/:?]
	at java.lang.Thread.run(Thread.java:745) [?:1.8.0_40]
[ERROR] 2016-02-15 15:27:46.016 [Thread-9] main - mvx/app/pgm/customer/ALZFAC_anc (wrong name: mvx/app/pgm/customer/ALZFAC)
java.lang.NoClassDefFoundError: mvx/app/pgm/customer/ALZFAC_anc (wrong name: mvx/app/pgm/customer/ALZFAC)
	at java.lang.ClassLoader.defineClass1(Native Method) ~[?:1.8.0_40]
	at java.lang.ClassLoader.defineClass(ClassLoader.java:760) ~[?:1.8.0_40]
	at java.lang.ClassLoader.defineClass(ClassLoader.java:642) ~[?:1.8.0_40]
	at m3.classe.M3ClassLoader.findClass(M3ClassLoader.java:61) ~[classes/:?]
	at java.lang.ClassLoader.loadClass(ClassLoader.java:424) ~[?:1.8.0_40]
	at java.lang.ClassLoader.loadClass(ClassLoader.java:357) ~[?:1.8.0_40]
	at m3.classe.ClassUtils.getSuperClass(ClassUtils.java:56) ~[classes/:?]
	at m3.classe.ClassUtils.getSuperClass(ClassUtils.java:52) ~[classes/:?]
	at m3.M3UpgradObject.analyseM3Object(M3UpgradObject.java:194) [classes/:?]
	at com.app.process.Process.analyse(Process.java:101) [classes/:?]
	at com.app.process.Process.run(Process.java:438) [classes/:?]
	at java.lang.Thread.run(Thread.java:745) [?:1.8.0_40]
[ERROR] 2016-02-15 15:27:47.341 [Thread-9] main - mvx/app/pgm/customer/ALZMS1_rnm (wrong name: mvx/app/pgm/customer/ALZMS1)
java.lang.NoClassDefFoundError: mvx/app/pgm/customer/ALZMS1_rnm (wrong name: mvx/app/pgm/customer/ALZMS1)
	at java.lang.ClassLoader.defineClass1(Native Method) ~[?:1.8.0_40]
	at java.lang.ClassLoader.defineClass(ClassLoader.java:760) ~[?:1.8.0_40]
	at java.lang.ClassLoader.defineClass(ClassLoader.java:642) ~[?:1.8.0_40]
	at m3.classe.M3ClassLoader.findClass(M3ClassLoader.java:61) ~[classes/:?]
	at java.lang.ClassLoader.loadClass(ClassLoader.java:424) ~[?:1.8.0_40]
	at java.lang.ClassLoader.loadClass(ClassLoader.java:357) ~[?:1.8.0_40]
	at m3.classe.ClassUtils.getSuperClass(ClassUtils.java:56) ~[classes/:?]
	at m3.classe.ClassUtils.getSuperClass(ClassUtils.java:52) ~[classes/:?]
	at m3.M3UpgradObject.analyseM3Object(M3UpgradObject.java:194) [classes/:?]
	at com.app.process.Process.analyse(Process.java:101) [classes/:?]
	at com.app.process.Process.run(Process.java:438) [classes/:?]
	at java.lang.Thread.run(Thread.java:745) [?:1.8.0_40]
[ERROR] 2016-02-15 15:28:00.901 [Thread-9] main - mvx/app/pgm/customer/APS105_sv (wrong name: mvx/app/pgm/customer/APS105)
java.lang.NoClassDefFoundError: mvx/app/pgm/customer/APS105_sv (wrong name: mvx/app/pgm/customer/APS105)
	at java.lang.ClassLoader.defineClass1(Native Method) ~[?:1.8.0_40]
	at java.lang.ClassLoader.defineClass(ClassLoader.java:760) ~[?:1.8.0_40]
	at java.lang.ClassLoader.defineClass(ClassLoader.java:642) ~[?:1.8.0_40]
	at m3.classe.M3ClassLoader.findClass(M3ClassLoader.java:61) ~[classes/:?]
	at java.lang.ClassLoader.loadClass(ClassLoader.java:424) ~[?:1.8.0_40]
	at java.lang.ClassLoader.loadClass(ClassLoader.java:357) ~[?:1.8.0_40]
	at m3.classe.ClassUtils.getSuperClass(ClassUtils.java:56) ~[classes/:?]
	at m3.classe.ClassUtils.getSuperClass(ClassUtils.java:52) ~[classes/:?]
	at m3.M3UpgradObject.analyseM3Object(M3UpgradObject.java:194) [classes/:?]
	at com.app.process.Process.analyse(Process.java:101) [classes/:?]
	at com.app.process.Process.run(Process.java:438) [classes/:?]
	at java.lang.Thread.run(Thread.java:745) [?:1.8.0_40]
[ERROR] 2016-02-15 15:28:16.228 [Thread-9] main - mvx/app/pgm/customer/APS200NEW (wrong name: mvx/app/pgm/customer/APS200)
java.lang.NoClassDefFoundError: mvx/app/pgm/customer/APS200NEW (wrong name: mvx/app/pgm/customer/APS200)
	at java.lang.ClassLoader.defineClass1(Native Method) ~[?:1.8.0_40]
	at java.lang.ClassLoader.defineClass(ClassLoader.java:760) ~[?:1.8.0_40]
	at java.lang.ClassLoader.defineClass(ClassLoader.java:642) ~[?:1.8.0_40]
	at m3.classe.M3ClassLoader.findClass(M3ClassLoader.java:61) ~[classes/:?]
	at java.lang.ClassLoader.loadClass(ClassLoader.java:424) ~[?:1.8.0_40]
	at java.lang.ClassLoader.loadClass(ClassLoader.java:357) ~[?:1.8.0_40]
	at m3.classe.ClassUtils.getSuperClass(ClassUtils.java:56) ~[classes/:?]
	at m3.classe.ClassUtils.getSuperClass(ClassUtils.java:52) ~[classes/:?]
	at m3.M3UpgradObject.analyseM3Object(M3UpgradObject.java:194) [classes/:?]
	at com.app.process.Process.analyse(Process.java:101) [classes/:?]
	at com.app.process.Process.run(Process.java:438) [classes/:?]
	at java.lang.Thread.run(Thread.java:745) [?:1.8.0_40]
[ERROR] 2016-02-15 15:28:25.105 [Thread-9] main - mvx/app/pgm/customer/APZ051_OLD (wrong name: mvx/app/pgm/customer/APZ051)
java.lang.NoClassDefFoundError: mvx/app/pgm/customer/APZ051_OLD (wrong name: mvx/app/pgm/customer/APZ051)
	at java.lang.ClassLoader.defineClass1(Native Method) ~[?:1.8.0_40]
	at java.lang.ClassLoader.defineClass(ClassLoader.java:760) ~[?:1.8.0_40]
	at java.lang.ClassLoader.defineClass(ClassLoader.java:642) ~[?:1.8.0_40]
	at m3.classe.M3ClassLoader.findClass(M3ClassLoader.java:61) ~[classes/:?]
	at java.lang.ClassLoader.loadClass(ClassLoader.java:424) ~[?:1.8.0_40]
	at java.lang.ClassLoader.loadClass(ClassLoader.java:357) ~[?:1.8.0_40]
	at m3.classe.ClassUtils.getSuperClass(ClassUtils.java:56) ~[classes/:?]
	at m3.classe.ClassUtils.getSuperClass(ClassUtils.java:52) ~[classes/:?]
	at m3.M3UpgradObject.analyseM3Object(M3UpgradObject.java:194) [classes/:?]
	at com.app.process.Process.analyse(Process.java:101) [classes/:?]
	at com.app.process.Process.run(Process.java:438) [classes/:?]
	at java.lang.Thread.run(Thread.java:745) [?:1.8.0_40]
[ERROR] 2016-02-15 15:28:39.696 [Thread-9] main - mvx/app/pgm/customer/ARS193old (wrong name: mvx/app/pgm/customer/ARS193)
java.lang.NoClassDefFoundError: mvx/app/pgm/customer/ARS193old (wrong name: mvx/app/pgm/customer/ARS193)
	at java.lang.ClassLoader.defineClass1(Native Method) ~[?:1.8.0_40]
	at java.lang.ClassLoader.defineClass(ClassLoader.java:760) ~[?:1.8.0_40]
	at java.lang.ClassLoader.defineClass(ClassLoader.java:642) ~[?:1.8.0_40]
	at m3.classe.M3ClassLoader.findClass(M3ClassLoader.java:61) ~[classes/:?]
	at java.lang.ClassLoader.loadClass(ClassLoader.java:424) ~[?:1.8.0_40]
	at java.lang.ClassLoader.loadClass(ClassLoader.java:357) ~[?:1.8.0_40]
	at m3.classe.ClassUtils.getSuperClass(ClassUtils.java:56) ~[classes/:?]
	at m3.classe.ClassUtils.getSuperClass(ClassUtils.java:52) ~[classes/:?]
	at m3.M3UpgradObject.analyseM3Object(M3UpgradObject.java:194) [classes/:?]
	at com.app.process.Process.analyse(Process.java:101) [classes/:?]
	at com.app.process.Process.run(Process.java:438) [classes/:?]
	at java.lang.Thread.run(Thread.java:745) [?:1.8.0_40]
[ERROR] 2016-02-15 15:29:06.427 [Thread-9] main - mvx/app/pgm/customer/ARY313_c (wrong name: mvx/app/pgm/customer/ARY313)
java.lang.NoClassDefFoundError: mvx/app/pgm/customer/ARY313_c (wrong name: mvx/app/pgm/customer/ARY313)
	at java.lang.ClassLoader.defineClass1(Native Method) ~[?:1.8.0_40]
	at java.lang.ClassLoader.defineClass(ClassLoader.java:760) ~[?:1.8.0_40]
	at java.lang.ClassLoader.defineClass(ClassLoader.java:642) ~[?:1.8.0_40]
	at m3.classe.M3ClassLoader.findClass(M3ClassLoader.java:61) ~[classes/:?]
	at java.lang.ClassLoader.loadClass(ClassLoader.java:424) ~[?:1.8.0_40]
	at java.lang.ClassLoader.loadClass(ClassLoader.java:357) ~[?:1.8.0_40]
	at m3.classe.ClassUtils.getSuperClass(ClassUtils.java:56) ~[classes/:?]
	at m3.classe.ClassUtils.getSuperClass(ClassUtils.java:52) ~[classes/:?]
	at m3.M3UpgradObject.analyseM3Object(M3UpgradObject.java:194) [classes/:?]
	at com.app.process.Process.analyse(Process.java:101) [classes/:?]
	at com.app.process.Process.run(Process.java:438) [classes/:?]
	at java.lang.Thread.run(Thread.java:745) [?:1.8.0_40]
[ERROR] 2016-02-15 15:29:40.063 [Thread-9] main - mvx/app/pgm/customer/CRS610_old (wrong name: mvx/app/pgm/customer/CRS610)
java.lang.NoClassDefFoundError: mvx/app/pgm/customer/CRS610_old (wrong name: mvx/app/pgm/customer/CRS610)
	at java.lang.ClassLoader.defineClass1(Native Method) ~[?:1.8.0_40]
	at java.lang.ClassLoader.defineClass(ClassLoader.java:760) ~[?:1.8.0_40]
	at java.lang.ClassLoader.defineClass(ClassLoader.java:642) ~[?:1.8.0_40]
	at m3.classe.M3ClassLoader.findClass(M3ClassLoader.java:61) ~[classes/:?]
	at java.lang.ClassLoader.loadClass(ClassLoader.java:424) ~[?:1.8.0_40]
	at java.lang.ClassLoader.loadClass(ClassLoader.java:357) ~[?:1.8.0_40]
	at m3.classe.ClassUtils.getSuperClass(ClassUtils.java:56) ~[classes/:?]
	at m3.classe.ClassUtils.getSuperClass(ClassUtils.java:52) ~[classes/:?]
	at m3.M3UpgradObject.analyseM3Object(M3UpgradObject.java:194) [classes/:?]
	at com.app.process.Process.analyse(Process.java:101) [classes/:?]
	at com.app.process.Process.run(Process.java:438) [classes/:?]
	at java.lang.Thread.run(Thread.java:745) [?:1.8.0_40]
[ERROR] 2016-02-15 15:29:40.235 [Thread-9] main - mvx/app/pgm/customer/CRS610sv (wrong name: mvx/app/pgm/customer/CRS610)
java.lang.NoClassDefFoundError: mvx/app/pgm/customer/CRS610sv (wrong name: mvx/app/pgm/customer/CRS610)
	at java.lang.ClassLoader.defineClass1(Native Method) ~[?:1.8.0_40]
	at java.lang.ClassLoader.defineClass(ClassLoader.java:760) ~[?:1.8.0_40]
	at java.lang.ClassLoader.defineClass(ClassLoader.java:642) ~[?:1.8.0_40]
	at m3.classe.M3ClassLoader.findClass(M3ClassLoader.java:61) ~[classes/:?]
	at java.lang.ClassLoader.loadClass(ClassLoader.java:424) ~[?:1.8.0_40]
	at java.lang.ClassLoader.loadClass(ClassLoader.java:357) ~[?:1.8.0_40]
	at m3.classe.ClassUtils.getSuperClass(ClassUtils.java:56) ~[classes/:?]
	at m3.classe.ClassUtils.getSuperClass(ClassUtils.java:52) ~[classes/:?]
	at m3.M3UpgradObject.analyseM3Object(M3UpgradObject.java:194) [classes/:?]
	at com.app.process.Process.analyse(Process.java:101) [classes/:?]
	at com.app.process.Process.run(Process.java:438) [classes/:?]
	at java.lang.Thread.run(Thread.java:745) [?:1.8.0_40]
[ERROR] 2016-02-15 15:29:53.758 [Thread-9] main - mvx/app/pgm/customer/Copie de ALZFAC (wrong name: mvx/app/pgm/customer/ALZFAC)
java.lang.NoClassDefFoundError: mvx/app/pgm/customer/Copie de ALZFAC (wrong name: mvx/app/pgm/customer/ALZFAC)
	at java.lang.ClassLoader.defineClass1(Native Method) ~[?:1.8.0_40]
	at java.lang.ClassLoader.defineClass(ClassLoader.java:760) ~[?:1.8.0_40]
	at java.lang.ClassLoader.defineClass(ClassLoader.java:642) ~[?:1.8.0_40]
	at m3.classe.M3ClassLoader.findClass(M3ClassLoader.java:61) ~[classes/:?]
	at java.lang.ClassLoader.loadClass(ClassLoader.java:424) ~[?:1.8.0_40]
	at java.lang.ClassLoader.loadClass(ClassLoader.java:357) ~[?:1.8.0_40]
	at m3.classe.ClassUtils.getSuperClass(ClassUtils.java:56) ~[classes/:?]
	at m3.classe.ClassUtils.getSuperClass(ClassUtils.java:52) ~[classes/:?]
	at m3.M3UpgradObject.analyseM3Object(M3UpgradObject.java:194) [classes/:?]
	at com.app.process.Process.analyse(Process.java:101) [classes/:?]
	at com.app.process.Process.run(Process.java:438) [classes/:?]
	at java.lang.Thread.run(Thread.java:745) [?:1.8.0_40]
[ERROR] 2016-02-15 15:29:53.927 [Thread-9] main - mvx/app/pgm/customer/Copy of ARS112 (wrong name: mvx/app/pgm/customer/ARS112)
java.lang.NoClassDefFoundError: mvx/app/pgm/customer/Copy of ARS112 (wrong name: mvx/app/pgm/customer/ARS112)
	at java.lang.ClassLoader.defineClass1(Native Method) ~[?:1.8.0_40]
	at java.lang.ClassLoader.defineClass(ClassLoader.java:760) ~[?:1.8.0_40]
	at java.lang.ClassLoader.defineClass(ClassLoader.java:642) ~[?:1.8.0_40]
	at m3.classe.M3ClassLoader.findClass(M3ClassLoader.java:61) ~[classes/:?]
	at java.lang.ClassLoader.loadClass(ClassLoader.java:424) ~[?:1.8.0_40]
	at java.lang.ClassLoader.loadClass(ClassLoader.java:357) ~[?:1.8.0_40]
	at m3.classe.ClassUtils.getSuperClass(ClassUtils.java:56) ~[classes/:?]
	at m3.classe.ClassUtils.getSuperClass(ClassUtils.java:52) ~[classes/:?]
	at m3.M3UpgradObject.analyseM3Object(M3UpgradObject.java:194) [classes/:?]
	at com.app.process.Process.analyse(Process.java:101) [classes/:?]
	at com.app.process.Process.run(Process.java:438) [classes/:?]
	at java.lang.Thread.run(Thread.java:745) [?:1.8.0_40]
[ERROR] 2016-02-15 15:30:20.857 [Thread-9] main - mvx/app/pgm/customer/MES010_old (wrong name: mvx/app/pgm/customer/MES010)
java.lang.NoClassDefFoundError: mvx/app/pgm/customer/MES010_old (wrong name: mvx/app/pgm/customer/MES010)
	at java.lang.ClassLoader.defineClass1(Native Method) ~[?:1.8.0_40]
	at java.lang.ClassLoader.defineClass(ClassLoader.java:760) ~[?:1.8.0_40]
	at java.lang.ClassLoader.defineClass(ClassLoader.java:642) ~[?:1.8.0_40]
	at m3.classe.M3ClassLoader.findClass(M3ClassLoader.java:61) ~[classes/:?]
	at java.lang.ClassLoader.loadClass(ClassLoader.java:424) ~[?:1.8.0_40]
	at java.lang.ClassLoader.loadClass(ClassLoader.java:357) ~[?:1.8.0_40]
	at m3.classe.ClassUtils.getSuperClass(ClassUtils.java:56) ~[classes/:?]
	at m3.classe.ClassUtils.getSuperClass(ClassUtils.java:52) ~[classes/:?]
	at m3.M3UpgradObject.analyseM3Object(M3UpgradObject.java:194) [classes/:?]
	at com.app.process.Process.analyse(Process.java:101) [classes/:?]
	at com.app.process.Process.run(Process.java:438) [classes/:?]
	at java.lang.Thread.run(Thread.java:745) [?:1.8.0_40]
[ERROR] 2016-02-15 15:31:13.213 [Thread-9] main - mvx/app/pgm/customer/NOE010_new (wrong name: mvx/app/pgm/customer/NOE010)
java.lang.NoClassDefFoundError: mvx/app/pgm/customer/NOE010_new (wrong name: mvx/app/pgm/customer/NOE010)
	at java.lang.ClassLoader.defineClass1(Native Method) ~[?:1.8.0_40]
	at java.lang.ClassLoader.defineClass(ClassLoader.java:760) ~[?:1.8.0_40]
	at java.lang.ClassLoader.defineClass(ClassLoader.java:642) ~[?:1.8.0_40]
	at m3.classe.M3ClassLoader.findClass(M3ClassLoader.java:61) ~[classes/:?]
	at java.lang.ClassLoader.loadClass(ClassLoader.java:424) ~[?:1.8.0_40]
	at java.lang.ClassLoader.loadClass(ClassLoader.java:357) ~[?:1.8.0_40]
	at m3.classe.ClassUtils.getSuperClass(ClassUtils.java:56) ~[classes/:?]
	at m3.classe.ClassUtils.getSuperClass(ClassUtils.java:52) ~[classes/:?]
	at m3.M3UpgradObject.analyseM3Object(M3UpgradObject.java:194) [classes/:?]
	at com.app.process.Process.analyse(Process.java:101) [classes/:?]
	at com.app.process.Process.run(Process.java:438) [classes/:?]
	at java.lang.Thread.run(Thread.java:745) [?:1.8.0_40]
[ERROR] 2016-02-15 15:31:13.374 [Thread-9] main - mvx/app/pgm/customer/NOE010old (wrong name: mvx/app/pgm/customer/NOE010)
java.lang.NoClassDefFoundError: mvx/app/pgm/customer/NOE010old (wrong name: mvx/app/pgm/customer/NOE010)
	at java.lang.ClassLoader.defineClass1(Native Method) ~[?:1.8.0_40]
	at java.lang.ClassLoader.defineClass(ClassLoader.java:760) ~[?:1.8.0_40]
	at java.lang.ClassLoader.defineClass(ClassLoader.java:642) ~[?:1.8.0_40]
	at m3.classe.M3ClassLoader.findClass(M3ClassLoader.java:61) ~[classes/:?]
	at java.lang.ClassLoader.loadClass(ClassLoader.java:424) ~[?:1.8.0_40]
	at java.lang.ClassLoader.loadClass(ClassLoader.java:357) ~[?:1.8.0_40]
	at m3.classe.ClassUtils.getSuperClass(ClassUtils.java:56) ~[classes/:?]
	at m3.classe.ClassUtils.getSuperClass(ClassUtils.java:52) ~[classes/:?]
	at m3.M3UpgradObject.analyseM3Object(M3UpgradObject.java:194) [classes/:?]
	at com.app.process.Process.analyse(Process.java:101) [classes/:?]
	at com.app.process.Process.run(Process.java:438) [classes/:?]
	at java.lang.Thread.run(Thread.java:745) [?:1.8.0_40]
[ERROR] 2016-02-15 15:31:13.535 [Thread-9] main - mvx/app/pgm/customer/NOE020_new (wrong name: mvx/app/pgm/customer/NOE020)
java.lang.NoClassDefFoundError: mvx/app/pgm/customer/NOE020_new (wrong name: mvx/app/pgm/customer/NOE020)
	at java.lang.ClassLoader.defineClass1(Native Method) ~[?:1.8.0_40]
	at java.lang.ClassLoader.defineClass(ClassLoader.java:760) ~[?:1.8.0_40]
	at java.lang.ClassLoader.defineClass(ClassLoader.java:642) ~[?:1.8.0_40]
	at m3.classe.M3ClassLoader.findClass(M3ClassLoader.java:61) ~[classes/:?]
	at java.lang.ClassLoader.loadClass(ClassLoader.java:424) ~[?:1.8.0_40]
	at java.lang.ClassLoader.loadClass(ClassLoader.java:357) ~[?:1.8.0_40]
	at m3.classe.ClassUtils.getSuperClass(ClassUtils.java:56) ~[classes/:?]
	at m3.classe.ClassUtils.getSuperClass(ClassUtils.java:52) ~[classes/:?]
	at m3.M3UpgradObject.analyseM3Object(M3UpgradObject.java:194) [classes/:?]
	at com.app.process.Process.analyse(Process.java:101) [classes/:?]
	at com.app.process.Process.run(Process.java:438) [classes/:?]
	at java.lang.Thread.run(Thread.java:745) [?:1.8.0_40]
[ERROR] 2016-02-15 15:31:48.552 [Thread-9] main - mvx/app/pgm/customer/OIS400_old (wrong name: mvx/app/pgm/customer/OIS400)
java.lang.NoClassDefFoundError: mvx/app/pgm/customer/OIS400_old (wrong name: mvx/app/pgm/customer/OIS400)
	at java.lang.ClassLoader.defineClass1(Native Method) ~[?:1.8.0_40]
	at java.lang.ClassLoader.defineClass(ClassLoader.java:760) ~[?:1.8.0_40]
	at java.lang.ClassLoader.defineClass(ClassLoader.java:642) ~[?:1.8.0_40]
	at m3.classe.M3ClassLoader.findClass(M3ClassLoader.java:61) ~[classes/:?]
	at java.lang.ClassLoader.loadClass(ClassLoader.java:424) ~[?:1.8.0_40]
	at java.lang.ClassLoader.loadClass(ClassLoader.java:357) ~[?:1.8.0_40]
	at m3.classe.ClassUtils.getSuperClass(ClassUtils.java:56) ~[classes/:?]
	at m3.classe.ClassUtils.getSuperClass(ClassUtils.java:52) ~[classes/:?]
	at m3.M3UpgradObject.analyseM3Object(M3UpgradObject.java:194) [classes/:?]
	at com.app.process.Process.analyse(Process.java:101) [classes/:?]
	at com.app.process.Process.run(Process.java:438) [classes/:?]
	at java.lang.Thread.run(Thread.java:745) [?:1.8.0_40]
[ERROR] 2016-02-15 15:31:58.649 [Thread-9] main - mvx/app/pgm/customer/OIZ100_old (wrong name: mvx/app/pgm/customer/OIZ100)
java.lang.NoClassDefFoundError: mvx/app/pgm/customer/OIZ100_old (wrong name: mvx/app/pgm/customer/OIZ100)
	at java.lang.ClassLoader.defineClass1(Native Method) ~[?:1.8.0_40]
	at java.lang.ClassLoader.defineClass(ClassLoader.java:760) ~[?:1.8.0_40]
	at java.lang.ClassLoader.defineClass(ClassLoader.java:642) ~[?:1.8.0_40]
	at m3.classe.M3ClassLoader.findClass(M3ClassLoader.java:61) ~[classes/:?]
	at java.lang.ClassLoader.loadClass(ClassLoader.java:424) ~[?:1.8.0_40]
	at java.lang.ClassLoader.loadClass(ClassLoader.java:357) ~[?:1.8.0_40]
	at m3.classe.ClassUtils.getSuperClass(ClassUtils.java:56) ~[classes/:?]
	at m3.classe.ClassUtils.getSuperClass(ClassUtils.java:52) ~[classes/:?]
	at m3.M3UpgradObject.analyseM3Object(M3UpgradObject.java:194) [classes/:?]
	at com.app.process.Process.analyse(Process.java:101) [classes/:?]
	at com.app.process.Process.run(Process.java:438) [classes/:?]
	at java.lang.Thread.run(Thread.java:745) [?:1.8.0_40]
[ERROR] 2016-02-15 15:33:02.807 [Thread-9] main - mvx/app/pgm/customer/SOS640_old (wrong name: mvx/app/pgm/customer/SOS640)
java.lang.NoClassDefFoundError: mvx/app/pgm/customer/SOS640_old (wrong name: mvx/app/pgm/customer/SOS640)
	at java.lang.ClassLoader.defineClass1(Native Method) ~[?:1.8.0_40]
	at java.lang.ClassLoader.defineClass(ClassLoader.java:760) ~[?:1.8.0_40]
	at java.lang.ClassLoader.defineClass(ClassLoader.java:642) ~[?:1.8.0_40]
	at m3.classe.M3ClassLoader.findClass(M3ClassLoader.java:61) ~[classes/:?]
	at java.lang.ClassLoader.loadClass(ClassLoader.java:424) ~[?:1.8.0_40]
	at java.lang.ClassLoader.loadClass(ClassLoader.java:357) ~[?:1.8.0_40]
	at m3.classe.ClassUtils.getSuperClass(ClassUtils.java:56) ~[classes/:?]
	at m3.classe.ClassUtils.getSuperClass(ClassUtils.java:52) ~[classes/:?]
	at m3.M3UpgradObject.analyseM3Object(M3UpgradObject.java:194) [classes/:?]
	at com.app.process.Process.analyse(Process.java:101) [classes/:?]
	at com.app.process.Process.run(Process.java:438) [classes/:?]
	at java.lang.Thread.run(Thread.java:745) [?:1.8.0_40]
[ERROR] 2016-02-15 15:33:40.893 [Thread-9] main - mvx/app/pgm/customer/pps622 (wrong name: mvx/app/pgm/customer/PPS622)
java.lang.NoClassDefFoundError: mvx/app/pgm/customer/pps622 (wrong name: mvx/app/pgm/customer/PPS622)
	at java.lang.ClassLoader.defineClass1(Native Method) ~[?:1.8.0_40]
	at java.lang.ClassLoader.defineClass(ClassLoader.java:760) ~[?:1.8.0_40]
	at java.lang.ClassLoader.defineClass(ClassLoader.java:642) ~[?:1.8.0_40]
	at m3.classe.M3ClassLoader.findClass(M3ClassLoader.java:61) ~[classes/:?]
	at java.lang.ClassLoader.loadClass(ClassLoader.java:424) ~[?:1.8.0_40]
	at java.lang.ClassLoader.loadClass(ClassLoader.java:357) ~[?:1.8.0_40]
	at m3.classe.ClassUtils.getSuperClass(ClassUtils.java:56) ~[classes/:?]
	at m3.classe.ClassUtils.getSuperClass(ClassUtils.java:52) ~[classes/:?]
	at m3.M3UpgradObject.analyseM3Object(M3UpgradObject.java:194) [classes/:?]
	at com.app.process.Process.analyse(Process.java:101) [classes/:?]
	at com.app.process.Process.run(Process.java:438) [classes/:?]
	at java.lang.Thread.run(Thread.java:745) [?:1.8.0_40]
[ERROR] 2016-02-15 15:33:41.111 [Thread-9] main - mvx/app/pgm/customer/svOOHEADPI (wrong name: mvx/app/pgm/customer/OOHEADPI)
java.lang.NoClassDefFoundError: mvx/app/pgm/customer/svOOHEADPI (wrong name: mvx/app/pgm/customer/OOHEADPI)
	at java.lang.ClassLoader.defineClass1(Native Method) ~[?:1.8.0_40]
	at java.lang.ClassLoader.defineClass(ClassLoader.java:760) ~[?:1.8.0_40]
	at java.lang.ClassLoader.defineClass(ClassLoader.java:642) ~[?:1.8.0_40]
	at m3.classe.M3ClassLoader.findClass(M3ClassLoader.java:61) ~[classes/:?]
	at java.lang.ClassLoader.loadClass(ClassLoader.java:424) ~[?:1.8.0_40]
	at java.lang.ClassLoader.loadClass(ClassLoader.java:357) ~[?:1.8.0_40]
	at m3.classe.ClassUtils.getSuperClass(ClassUtils.java:56) ~[classes/:?]
	at m3.classe.ClassUtils.getSuperClass(ClassUtils.java:52) ~[classes/:?]
	at m3.M3UpgradObject.analyseM3Object(M3UpgradObject.java:194) [classes/:?]
	at com.app.process.Process.analyse(Process.java:101) [classes/:?]
	at com.app.process.Process.run(Process.java:438) [classes/:?]
	at java.lang.Thread.run(Thread.java:745) [?:1.8.0_40]
[ERROR] 2016-02-15 15:33:49.015 [Thread-9] main - mvx.app.pgm.customer.ZSLCLIMI.deprecated
java.lang.ClassNotFoundException: mvx.app.pgm.customer.ZSLCLIMI.deprecated
	at m3.classe.M3ClassLoader.findClass(M3ClassLoader.java:59) ~[classes/:?]
	at java.lang.ClassLoader.loadClass(ClassLoader.java:424) ~[?:1.8.0_40]
	at java.lang.ClassLoader.loadClass(ClassLoader.java:357) ~[?:1.8.0_40]
	at m3.classe.ClassUtils.getSuperClass(ClassUtils.java:56) ~[classes/:?]
	at m3.classe.ClassUtils.getSuperClass(ClassUtils.java:52) ~[classes/:?]
	at m3.M3UpgradObject.analyseM3Object(M3UpgradObject.java:194) [classes/:?]
	at com.app.process.Process.analyse(Process.java:101) [classes/:?]
	at com.app.process.Process.run(Process.java:438) [classes/:?]
	at java.lang.Thread.run(Thread.java:745) [?:1.8.0_40]
[ERROR] 2016-02-15 15:34:19.801 [Thread-9] main - mvx/app/util/cPazMonitor - Copie (wrong name: mvx/app/util/cPazMonitor)
java.lang.NoClassDefFoundError: mvx/app/util/cPazMonitor - Copie (wrong name: mvx/app/util/cPazMonitor)
	at java.lang.ClassLoader.defineClass1(Native Method) ~[?:1.8.0_40]
	at java.lang.ClassLoader.defineClass(ClassLoader.java:760) ~[?:1.8.0_40]
	at java.lang.ClassLoader.defineClass(ClassLoader.java:642) ~[?:1.8.0_40]
	at m3.classe.M3ClassLoader.findClass(M3ClassLoader.java:61) ~[classes/:?]
	at java.lang.ClassLoader.loadClass(ClassLoader.java:424) ~[?:1.8.0_40]
	at java.lang.ClassLoader.loadClass(ClassLoader.java:357) ~[?:1.8.0_40]
	at m3.classe.ClassUtils.getSuperClass(ClassUtils.java:56) ~[classes/:?]
	at m3.classe.ClassUtils.getSuperClass(ClassUtils.java:52) ~[classes/:?]
	at m3.M3UpgradObject.analyseM3Object(M3UpgradObject.java:194) [classes/:?]
	at com.app.process.Process.analyse(Process.java:101) [classes/:?]
	at com.app.process.Process.run(Process.java:438) [classes/:?]
	at java.lang.Thread.run(Thread.java:745) [?:1.8.0_40]
[ERROR] 2016-02-15 15:35:23.911 [Thread-9] main - mvx/db/def/Temp/dZOTHNO (wrong name: mvx/db/def/dZOTHNO)
java.lang.NoClassDefFoundError: mvx/db/def/Temp/dZOTHNO (wrong name: mvx/db/def/dZOTHNO)
	at java.lang.ClassLoader.defineClass1(Native Method) ~[?:1.8.0_40]
	at java.lang.ClassLoader.defineClass(ClassLoader.java:760) ~[?:1.8.0_40]
	at java.lang.ClassLoader.defineClass(ClassLoader.java:642) ~[?:1.8.0_40]
	at m3.classe.M3ClassLoader.findClass(M3ClassLoader.java:61) ~[classes/:?]
	at java.lang.ClassLoader.loadClass(ClassLoader.java:424) ~[?:1.8.0_40]
	at java.lang.ClassLoader.loadClass(ClassLoader.java:357) ~[?:1.8.0_40]
	at m3.classe.ClassUtils.getSuperClass(ClassUtils.java:56) ~[classes/:?]
	at m3.classe.ClassUtils.getSuperClass(ClassUtils.java:52) ~[classes/:?]
	at m3.M3UpgradObject.analyseM3Object(M3UpgradObject.java:194) [classes/:?]
	at com.app.process.Process.analyse(Process.java:101) [classes/:?]
	at com.app.process.Process.run(Process.java:438) [classes/:?]
	at java.lang.Thread.run(Thread.java:745) [?:1.8.0_40]
[ERROR] 2016-02-15 15:35:24.091 [Thread-9] main - mvx/db/def/Temp/dZZHAPR (wrong name: mvx/db/def/dZZHAPR)
java.lang.NoClassDefFoundError: mvx/db/def/Temp/dZZHAPR (wrong name: mvx/db/def/dZZHAPR)
	at java.lang.ClassLoader.defineClass1(Native Method) ~[?:1.8.0_40]
	at java.lang.ClassLoader.defineClass(ClassLoader.java:760) ~[?:1.8.0_40]
	at java.lang.ClassLoader.defineClass(ClassLoader.java:642) ~[?:1.8.0_40]
	at m3.classe.M3ClassLoader.findClass(M3ClassLoader.java:61) ~[classes/:?]
	at java.lang.ClassLoader.loadClass(ClassLoader.java:424) ~[?:1.8.0_40]
	at java.lang.ClassLoader.loadClass(ClassLoader.java:357) ~[?:1.8.0_40]
	at m3.classe.ClassUtils.getSuperClass(ClassUtils.java:56) ~[classes/:?]
	at m3.classe.ClassUtils.getSuperClass(ClassUtils.java:52) ~[classes/:?]
	at m3.M3UpgradObject.analyseM3Object(M3UpgradObject.java:194) [classes/:?]
	at com.app.process.Process.analyse(Process.java:101) [classes/:?]
	at com.app.process.Process.run(Process.java:438) [classes/:?]
	at java.lang.Thread.run(Thread.java:745) [?:1.8.0_40]
[ERROR] 2016-02-15 15:35:54.791 [Thread-9] main - mvx.db.dta.SSJOBH (1)
java.lang.ClassNotFoundException: mvx.db.dta.SSJOBH (1)
	at m3.classe.M3ClassLoader.findClass(M3ClassLoader.java:59) ~[classes/:?]
	at java.lang.ClassLoader.loadClass(ClassLoader.java:424) ~[?:1.8.0_40]
	at java.lang.ClassLoader.loadClass(ClassLoader.java:357) ~[?:1.8.0_40]
	at m3.classe.ClassUtils.getSuperClass(ClassUtils.java:56) ~[classes/:?]
	at m3.classe.ClassUtils.getSuperClass(ClassUtils.java:52) ~[classes/:?]
	at m3.M3UpgradObject.analyseM3Object(M3UpgradObject.java:194) [classes/:?]
	at com.app.process.Process.analyse(Process.java:101) [classes/:?]
	at com.app.process.Process.run(Process.java:438) [classes/:?]
	at java.lang.Thread.run(Thread.java:745) [?:1.8.0_40]
[ERROR] 2016-02-15 15:36:41.113 [Thread-9] main - mvx/db/dta/Temp/ZZHAPR (wrong name: mvx/db/dta/ZZHAPR)
java.lang.NoClassDefFoundError: mvx/db/dta/Temp/ZZHAPR (wrong name: mvx/db/dta/ZZHAPR)
	at java.lang.ClassLoader.defineClass1(Native Method) ~[?:1.8.0_40]
	at java.lang.ClassLoader.defineClass(ClassLoader.java:760) ~[?:1.8.0_40]
	at java.lang.ClassLoader.defineClass(ClassLoader.java:642) ~[?:1.8.0_40]
	at m3.classe.M3ClassLoader.findClass(M3ClassLoader.java:61) ~[classes/:?]
	at java.lang.ClassLoader.loadClass(ClassLoader.java:424) ~[?:1.8.0_40]
	at java.lang.ClassLoader.loadClass(ClassLoader.java:357) ~[?:1.8.0_40]
	at m3.classe.ClassUtils.getSuperClass(ClassUtils.java:56) ~[classes/:?]
	at m3.classe.ClassUtils.getSuperClass(ClassUtils.java:52) ~[classes/:?]
	at m3.M3UpgradObject.analyseM3Object(M3UpgradObject.java:194) [classes/:?]
	at com.app.process.Process.analyse(Process.java:101) [classes/:?]
	at com.app.process.Process.run(Process.java:438) [classes/:?]
	at java.lang.Thread.run(Thread.java:745) [?:1.8.0_40]
[ERROR] 2016-02-15 15:36:41.273 [Thread-9] main - mvx/db/dta/Temp/ZOTHNO (wrong name: mvx/db/dta/ZOTHNO)
java.lang.NoClassDefFoundError: mvx/db/dta/Temp/ZOTHNO (wrong name: mvx/db/dta/ZOTHNO)
	at java.lang.ClassLoader.defineClass1(Native Method) ~[?:1.8.0_40]
	at java.lang.ClassLoader.defineClass(ClassLoader.java:760) ~[?:1.8.0_40]
	at java.lang.ClassLoader.defineClass(ClassLoader.java:642) ~[?:1.8.0_40]
	at m3.classe.M3ClassLoader.findClass(M3ClassLoader.java:61) ~[classes/:?]
	at java.lang.ClassLoader.loadClass(ClassLoader.java:424) ~[?:1.8.0_40]
	at java.lang.ClassLoader.loadClass(ClassLoader.java:357) ~[?:1.8.0_40]
	at m3.classe.ClassUtils.getSuperClass(ClassUtils.java:56) ~[classes/:?]
	at m3.classe.ClassUtils.getSuperClass(ClassUtils.java:52) ~[classes/:?]
	at m3.M3UpgradObject.analyseM3Object(M3UpgradObject.java:194) [classes/:?]
	at com.app.process.Process.analyse(Process.java:101) [classes/:?]
	at com.app.process.Process.run(Process.java:438) [classes/:?]
	at java.lang.Thread.run(Thread.java:745) [?:1.8.0_40]
[ERROR] 2016-02-15 15:36:48.858 [Thread-9] main - mvx/dsp/obj/ALY550DSP_notPROD (wrong name: mvx/dsp/obj/ALY550DSP)
java.lang.NoClassDefFoundError: mvx/dsp/obj/ALY550DSP_notPROD (wrong name: mvx/dsp/obj/ALY550DSP)
	at java.lang.ClassLoader.defineClass1(Native Method) ~[?:1.8.0_40]
	at java.lang.ClassLoader.defineClass(ClassLoader.java:760) ~[?:1.8.0_40]
	at java.lang.ClassLoader.defineClass(ClassLoader.java:642) ~[?:1.8.0_40]
	at m3.classe.M3ClassLoader.findClass(M3ClassLoader.java:61) ~[classes/:?]
	at java.lang.ClassLoader.loadClass(ClassLoader.java:424) ~[?:1.8.0_40]
	at java.lang.ClassLoader.loadClass(ClassLoader.java:357) ~[?:1.8.0_40]
	at m3.classe.ClassUtils.getSuperClass(ClassUtils.java:56) ~[classes/:?]
	at m3.classe.ClassUtils.getSuperClass(ClassUtils.java:52) ~[classes/:?]
	at m3.M3UpgradObject.analyseM3Object(M3UpgradObject.java:194) [classes/:?]
	at com.app.process.Process.analyse(Process.java:101) [classes/:?]
	at com.app.process.Process.run(Process.java:438) [classes/:?]
	at java.lang.Thread.run(Thread.java:745) [?:1.8.0_40]
[ERROR] 2016-02-15 15:36:50.047 [Thread-9] main - mvx/dsp/obj/ALY590DSP_old (wrong name: mvx/dsp/obj/ALY590DSP)
java.lang.NoClassDefFoundError: mvx/dsp/obj/ALY590DSP_old (wrong name: mvx/dsp/obj/ALY590DSP)
	at java.lang.ClassLoader.defineClass1(Native Method) ~[?:1.8.0_40]
	at java.lang.ClassLoader.defineClass(ClassLoader.java:760) ~[?:1.8.0_40]
	at java.lang.ClassLoader.defineClass(ClassLoader.java:642) ~[?:1.8.0_40]
	at m3.classe.M3ClassLoader.findClass(M3ClassLoader.java:61) ~[classes/:?]
	at java.lang.ClassLoader.loadClass(ClassLoader.java:424) ~[?:1.8.0_40]
	at java.lang.ClassLoader.loadClass(ClassLoader.java:357) ~[?:1.8.0_40]
	at m3.classe.ClassUtils.getSuperClass(ClassUtils.java:56) ~[classes/:?]
	at m3.classe.ClassUtils.getSuperClass(ClassUtils.java:52) ~[classes/:?]
	at m3.M3UpgradObject.analyseM3Object(M3UpgradObject.java:194) [classes/:?]
	at com.app.process.Process.analyse(Process.java:101) [classes/:?]
	at com.app.process.Process.run(Process.java:438) [classes/:?]
	at java.lang.Thread.run(Thread.java:745) [?:1.8.0_40]
[ERROR] 2016-02-15 15:37:26.841 [Thread-9] main - mvx/dsp/obj/ALZ482DSP_notProd (wrong name: mvx/dsp/obj/ALZ482DSP)
java.lang.NoClassDefFoundError: mvx/dsp/obj/ALZ482DSP_notProd (wrong name: mvx/dsp/obj/ALZ482DSP)
	at java.lang.ClassLoader.defineClass1(Native Method) ~[?:1.8.0_40]
	at java.lang.ClassLoader.defineClass(ClassLoader.java:760) ~[?:1.8.0_40]
	at java.lang.ClassLoader.defineClass(ClassLoader.java:642) ~[?:1.8.0_40]
	at m3.classe.M3ClassLoader.findClass(M3ClassLoader.java:61) ~[classes/:?]
	at java.lang.ClassLoader.loadClass(ClassLoader.java:424) ~[?:1.8.0_40]
	at java.lang.ClassLoader.loadClass(ClassLoader.java:357) ~[?:1.8.0_40]
	at m3.classe.ClassUtils.getSuperClass(ClassUtils.java:56) ~[classes/:?]
	at m3.classe.ClassUtils.getSuperClass(ClassUtils.java:52) ~[classes/:?]
	at m3.M3UpgradObject.analyseM3Object(M3UpgradObject.java:194) [classes/:?]
	at com.app.process.Process.analyse(Process.java:101) [classes/:?]
	at com.app.process.Process.run(Process.java:438) [classes/:?]
	at java.lang.Thread.run(Thread.java:745) [?:1.8.0_40]
[ERROR] 2016-02-15 15:37:45.558 [Thread-9] main - mvx/dsp/obj/APS105DSP_sv (wrong name: mvx/dsp/obj/APS105DSP)
java.lang.NoClassDefFoundError: mvx/dsp/obj/APS105DSP_sv (wrong name: mvx/dsp/obj/APS105DSP)
	at java.lang.ClassLoader.defineClass1(Native Method) ~[?:1.8.0_40]
	at java.lang.ClassLoader.defineClass(ClassLoader.java:760) ~[?:1.8.0_40]
	at java.lang.ClassLoader.defineClass(ClassLoader.java:642) ~[?:1.8.0_40]
	at m3.classe.M3ClassLoader.findClass(M3ClassLoader.java:61) ~[classes/:?]
	at java.lang.ClassLoader.loadClass(ClassLoader.java:424) ~[?:1.8.0_40]
	at java.lang.ClassLoader.loadClass(ClassLoader.java:357) ~[?:1.8.0_40]
	at m3.classe.ClassUtils.getSuperClass(ClassUtils.java:56) ~[classes/:?]
	at m3.classe.ClassUtils.getSuperClass(ClassUtils.java:52) ~[classes/:?]
	at m3.M3UpgradObject.analyseM3Object(M3UpgradObject.java:194) [classes/:?]
	at com.app.process.Process.analyse(Process.java:101) [classes/:?]
	at com.app.process.Process.run(Process.java:438) [classes/:?]
	at java.lang.Thread.run(Thread.java:745) [?:1.8.0_40]
[ERROR] 2016-02-15 15:38:13.555 [Thread-9] main - mvx/dsp/obj/SOS640DSP_old (wrong name: mvx/dsp/obj/SOS640DSP)
java.lang.NoClassDefFoundError: mvx/dsp/obj/SOS640DSP_old (wrong name: mvx/dsp/obj/SOS640DSP)
	at java.lang.ClassLoader.defineClass1(Native Method) ~[?:1.8.0_40]
	at java.lang.ClassLoader.defineClass(ClassLoader.java:760) ~[?:1.8.0_40]
	at java.lang.ClassLoader.defineClass(ClassLoader.java:642) ~[?:1.8.0_40]
	at m3.classe.M3ClassLoader.findClass(M3ClassLoader.java:61) ~[classes/:?]
	at java.lang.ClassLoader.loadClass(ClassLoader.java:424) ~[?:1.8.0_40]
	at java.lang.ClassLoader.loadClass(ClassLoader.java:357) ~[?:1.8.0_40]
	at m3.classe.ClassUtils.getSuperClass(ClassUtils.java:56) ~[classes/:?]
	at m3.classe.ClassUtils.getSuperClass(ClassUtils.java:52) ~[classes/:?]
	at m3.M3UpgradObject.analyseM3Object(M3UpgradObject.java:194) [classes/:?]
	at com.app.process.Process.analyse(Process.java:101) [classes/:?]
	at com.app.process.Process.run(Process.java:438) [classes/:?]
	at java.lang.Thread.run(Thread.java:745) [?:1.8.0_40]
[ERROR] 2016-02-15 15:38:40.234 [Thread-9] main - mvx/out/obj/ALX613OUT_old (wrong name: mvx/out/obj/ALX613OUT)
java.lang.NoClassDefFoundError: mvx/out/obj/ALX613OUT_old (wrong name: mvx/out/obj/ALX613OUT)
	at java.lang.ClassLoader.defineClass1(Native Method) ~[?:1.8.0_40]
	at java.lang.ClassLoader.defineClass(ClassLoader.java:760) ~[?:1.8.0_40]
	at java.lang.ClassLoader.defineClass(ClassLoader.java:642) ~[?:1.8.0_40]
	at m3.classe.M3ClassLoader.findClass(M3ClassLoader.java:61) ~[classes/:?]
	at java.lang.ClassLoader.loadClass(ClassLoader.java:424) ~[?:1.8.0_40]
	at java.lang.ClassLoader.loadClass(ClassLoader.java:357) ~[?:1.8.0_40]
	at m3.classe.ClassUtils.getSuperClass(ClassUtils.java:56) ~[classes/:?]
	at m3.classe.ClassUtils.getSuperClass(ClassUtils.java:52) ~[classes/:?]
	at m3.M3UpgradObject.analyseM3Object(M3UpgradObject.java:194) [classes/:?]
	at com.app.process.Process.analyse(Process.java:101) [classes/:?]
	at com.app.process.Process.run(Process.java:438) [classes/:?]
	at java.lang.Thread.run(Thread.java:745) [?:1.8.0_40]
[ERROR] 2016-02-15 15:38:41.212 [Thread-9] main - mvx/out/obj/ALY551OUT_notProd (wrong name: mvx/out/obj/ALY551OUT)
java.lang.NoClassDefFoundError: mvx/out/obj/ALY551OUT_notProd (wrong name: mvx/out/obj/ALY551OUT)
	at java.lang.ClassLoader.defineClass1(Native Method) ~[?:1.8.0_40]
	at java.lang.ClassLoader.defineClass(ClassLoader.java:760) ~[?:1.8.0_40]
	at java.lang.ClassLoader.defineClass(ClassLoader.java:642) ~[?:1.8.0_40]
	at m3.classe.M3ClassLoader.findClass(M3ClassLoader.java:61) ~[classes/:?]
	at java.lang.ClassLoader.loadClass(ClassLoader.java:424) ~[?:1.8.0_40]
	at java.lang.ClassLoader.loadClass(ClassLoader.java:357) ~[?:1.8.0_40]
	at m3.classe.ClassUtils.getSuperClass(ClassUtils.java:56) ~[classes/:?]
	at m3.classe.ClassUtils.getSuperClass(ClassUtils.java:52) ~[classes/:?]
	at m3.M3UpgradObject.analyseM3Object(M3UpgradObject.java:194) [classes/:?]
	at com.app.process.Process.analyse(Process.java:101) [classes/:?]
	at com.app.process.Process.run(Process.java:438) [classes/:?]
	at java.lang.Thread.run(Thread.java:745) [?:1.8.0_40]
[ERROR] 2016-02-15 15:38:41.401 [Thread-9] main - mvx/out/obj/ALY551OUT_sv (wrong name: mvx/out/obj/ALY551OUT)
java.lang.NoClassDefFoundError: mvx/out/obj/ALY551OUT_sv (wrong name: mvx/out/obj/ALY551OUT)
	at java.lang.ClassLoader.defineClass1(Native Method) ~[?:1.8.0_40]
	at java.lang.ClassLoader.defineClass(ClassLoader.java:760) ~[?:1.8.0_40]
	at java.lang.ClassLoader.defineClass(ClassLoader.java:642) ~[?:1.8.0_40]
	at m3.classe.M3ClassLoader.findClass(M3ClassLoader.java:61) ~[classes/:?]
	at java.lang.ClassLoader.loadClass(ClassLoader.java:424) ~[?:1.8.0_40]
	at java.lang.ClassLoader.loadClass(ClassLoader.java:357) ~[?:1.8.0_40]
	at m3.classe.ClassUtils.getSuperClass(ClassUtils.java:56) ~[classes/:?]
	at m3.classe.ClassUtils.getSuperClass(ClassUtils.java:52) ~[classes/:?]
	at m3.M3UpgradObject.analyseM3Object(M3UpgradObject.java:194) [classes/:?]
	at com.app.process.Process.analyse(Process.java:101) [classes/:?]
	at com.app.process.Process.run(Process.java:438) [classes/:?]
	at java.lang.Thread.run(Thread.java:745) [?:1.8.0_40]
[ERROR] 2016-02-15 15:38:41.984 [Thread-9] main - mvx/out/obj/ALY576OUT_notProd (wrong name: mvx/out/obj/ALY576OUT)
java.lang.NoClassDefFoundError: mvx/out/obj/ALY576OUT_notProd (wrong name: mvx/out/obj/ALY576OUT)
	at java.lang.ClassLoader.defineClass1(Native Method) ~[?:1.8.0_40]
	at java.lang.ClassLoader.defineClass(ClassLoader.java:760) ~[?:1.8.0_40]
	at java.lang.ClassLoader.defineClass(ClassLoader.java:642) ~[?:1.8.0_40]
	at m3.classe.M3ClassLoader.findClass(M3ClassLoader.java:61) ~[classes/:?]
	at java.lang.ClassLoader.loadClass(ClassLoader.java:424) ~[?:1.8.0_40]
	at java.lang.ClassLoader.loadClass(ClassLoader.java:357) ~[?:1.8.0_40]
	at m3.classe.ClassUtils.getSuperClass(ClassUtils.java:56) ~[classes/:?]
	at m3.classe.ClassUtils.getSuperClass(ClassUtils.java:52) ~[classes/:?]
	at m3.M3UpgradObject.analyseM3Object(M3UpgradObject.java:194) [classes/:?]
	at com.app.process.Process.analyse(Process.java:101) [classes/:?]
	at com.app.process.Process.run(Process.java:438) [classes/:?]
	at java.lang.Thread.run(Thread.java:745) [?:1.8.0_40]
[ERROR] 2016-02-15 15:38:47.709 [Thread-9] main - mvx/out/obj/ALZ438OUT_sv (wrong name: mvx/out/obj/ALZ438OUT)
java.lang.NoClassDefFoundError: mvx/out/obj/ALZ438OUT_sv (wrong name: mvx/out/obj/ALZ438OUT)
	at java.lang.ClassLoader.defineClass1(Native Method) ~[?:1.8.0_40]
	at java.lang.ClassLoader.defineClass(ClassLoader.java:760) ~[?:1.8.0_40]
	at java.lang.ClassLoader.defineClass(ClassLoader.java:642) ~[?:1.8.0_40]
	at m3.classe.M3ClassLoader.findClass(M3ClassLoader.java:61) ~[classes/:?]
	at java.lang.ClassLoader.loadClass(ClassLoader.java:424) ~[?:1.8.0_40]
	at java.lang.ClassLoader.loadClass(ClassLoader.java:357) ~[?:1.8.0_40]
	at m3.classe.ClassUtils.getSuperClass(ClassUtils.java:56) ~[classes/:?]
	at m3.classe.ClassUtils.getSuperClass(ClassUtils.java:52) ~[classes/:?]
	at m3.M3UpgradObject.analyseM3Object(M3UpgradObject.java:194) [classes/:?]
	at com.app.process.Process.analyse(Process.java:101) [classes/:?]
	at com.app.process.Process.run(Process.java:438) [classes/:?]
	at java.lang.Thread.run(Thread.java:745) [?:1.8.0_40]
[ERROR] 2016-02-15 15:38:48.573 [Thread-9] main - mvx/out/obj/ALZ483OUT_notProd (wrong name: mvx/out/obj/ALZ483OUT)
java.lang.NoClassDefFoundError: mvx/out/obj/ALZ483OUT_notProd (wrong name: mvx/out/obj/ALZ483OUT)
	at java.lang.ClassLoader.defineClass1(Native Method) ~[?:1.8.0_40]
	at java.lang.ClassLoader.defineClass(ClassLoader.java:760) ~[?:1.8.0_40]
	at java.lang.ClassLoader.defineClass(ClassLoader.java:642) ~[?:1.8.0_40]
	at m3.classe.M3ClassLoader.findClass(M3ClassLoader.java:61) ~[classes/:?]
	at java.lang.ClassLoader.loadClass(ClassLoader.java:424) ~[?:1.8.0_40]
	at java.lang.ClassLoader.loadClass(ClassLoader.java:357) ~[?:1.8.0_40]
	at m3.classe.ClassUtils.getSuperClass(ClassUtils.java:56) ~[classes/:?]
	at m3.classe.ClassUtils.getSuperClass(ClassUtils.java:52) ~[classes/:?]
	at m3.M3UpgradObject.analyseM3Object(M3UpgradObject.java:194) [classes/:?]
	at com.app.process.Process.analyse(Process.java:101) [classes/:?]
	at com.app.process.Process.run(Process.java:438) [classes/:?]
	at java.lang.Thread.run(Thread.java:745) [?:1.8.0_40]
[ERROR] 2016-02-15 15:38:51.640 [Thread-9] main - mvx/out/obj/Copie de ALX611OUT (wrong name: mvx/out/obj/ALX611OUT)
java.lang.NoClassDefFoundError: mvx/out/obj/Copie de ALX611OUT (wrong name: mvx/out/obj/ALX611OUT)
	at java.lang.ClassLoader.defineClass1(Native Method) ~[?:1.8.0_40]
	at java.lang.ClassLoader.defineClass(ClassLoader.java:760) ~[?:1.8.0_40]
	at java.lang.ClassLoader.defineClass(ClassLoader.java:642) ~[?:1.8.0_40]
	at m3.classe.M3ClassLoader.findClass(M3ClassLoader.java:61) ~[classes/:?]
	at java.lang.ClassLoader.loadClass(ClassLoader.java:424) ~[?:1.8.0_40]
	at java.lang.ClassLoader.loadClass(ClassLoader.java:357) ~[?:1.8.0_40]
	at m3.classe.ClassUtils.getSuperClass(ClassUtils.java:56) ~[classes/:?]
	at m3.classe.ClassUtils.getSuperClass(ClassUtils.java:52) ~[classes/:?]
	at m3.M3UpgradObject.analyseM3Object(M3UpgradObject.java:194) [classes/:?]
	at com.app.process.Process.analyse(Process.java:101) [classes/:?]
	at com.app.process.Process.run(Process.java:438) [classes/:?]
	at java.lang.Thread.run(Thread.java:745) [?:1.8.0_40]
