[ERROR] 2014-12-30 12:08:35.384 [Thread-10] main - mvx/app/pgm/customer/ALZ367sv (wrong name: mvx/app/pgm/customer/ALZ367)
java.lang.NoClassDefFoundError: mvx/app/pgm/customer/ALZ367sv (wrong name: mvx/app/pgm/customer/ALZ367)
	at java.lang.ClassLoader.defineClass1(Native Method) ~[?:1.7.0_25]
	at java.lang.ClassLoader.defineClass(ClassLoader.java:792) ~[?:1.7.0_25]
	at java.lang.ClassLoader.defineClass(ClassLoader.java:635) ~[?:1.7.0_25]
	at m3.classe.M3ClassLoader.findClass(M3ClassLoader.java:61) ~[classes/:?]
	at java.lang.ClassLoader.loadClass(ClassLoader.java:424) ~[?:1.7.0_25]
	at java.lang.ClassLoader.loadClass(ClassLoader.java:357) ~[?:1.7.0_25]
	at m3.classe.ClassUtils.getSuperClass(ClassUtils.java:56) ~[classes/:?]
	at m3.classe.ClassUtils.getSuperClass(ClassUtils.java:52) ~[classes/:?]
	at m3.M3UpgradObject.processM3Object(M3UpgradObject.java:60) [classes/:?]
	at com.app.process.Process.analyse(Process.java:96) [classes/:?]
	at com.app.process.Process.run(Process.java:422) [classes/:?]
	at java.lang.Thread.run(Thread.java:724) [?:1.7.0_25]
[ERROR] 2014-12-30 12:14:41.827 [Thread-10] main - mvx/dsp/obj/ALS130DSP_SAVE (wrong name: mvx/dsp/obj/ALS130DSP)
java.lang.NoClassDefFoundError: mvx/dsp/obj/ALS130DSP_SAVE (wrong name: mvx/dsp/obj/ALS130DSP)
	at java.lang.ClassLoader.defineClass1(Native Method) ~[?:1.7.0_25]
	at java.lang.ClassLoader.defineClass(ClassLoader.java:792) ~[?:1.7.0_25]
	at java.lang.ClassLoader.defineClass(ClassLoader.java:635) ~[?:1.7.0_25]
	at m3.classe.M3ClassLoader.findClass(M3ClassLoader.java:61) ~[classes/:?]
	at java.lang.ClassLoader.loadClass(ClassLoader.java:424) ~[?:1.7.0_25]
	at java.lang.ClassLoader.loadClass(ClassLoader.java:357) ~[?:1.7.0_25]
	at m3.classe.ClassUtils.getSuperClass(ClassUtils.java:56) ~[classes/:?]
	at m3.classe.ClassUtils.getSuperClass(ClassUtils.java:52) ~[classes/:?]
	at m3.M3UpgradObject.processM3Object(M3UpgradObject.java:60) [classes/:?]
	at com.app.process.Process.analyse(Process.java:96) [classes/:?]
	at com.app.process.Process.run(Process.java:422) [classes/:?]
	at java.lang.Thread.run(Thread.java:724) [?:1.7.0_25]
[ERROR] 2014-12-30 12:28:55.080 [Thread-10] main - mvx/app/ds/sDSITGRdeprecated (wrong name: mvx/app/ds/sDSITGR)
java.lang.NoClassDefFoundError: mvx/app/ds/sDSITGRdeprecated (wrong name: mvx/app/ds/sDSITGR)
	at java.lang.ClassLoader.defineClass1(Native Method) ~[?:1.7.0_25]
	at java.lang.ClassLoader.defineClass(ClassLoader.java:792) ~[?:1.7.0_25]
	at java.lang.ClassLoader.defineClass(ClassLoader.java:635) ~[?:1.7.0_25]
	at m3.classe.M3ClassLoader.findClass(M3ClassLoader.java:61) ~[classes/:?]
	at java.lang.ClassLoader.loadClass(ClassLoader.java:424) ~[?:1.7.0_25]
	at java.lang.ClassLoader.loadClass(ClassLoader.java:357) ~[?:1.7.0_25]
	at m3.classe.ClassUtils.getSuperClass(ClassUtils.java:56) ~[classes/:?]
	at m3.classe.ClassUtils.getSuperClass(ClassUtils.java:52) ~[classes/:?]
	at m3.M3UpgradObject.processM3Object(M3UpgradObject.java:60) [classes/:?]
	at com.app.process.Process.analyse(Process.java:96) [classes/:?]
	at com.app.process.Process.run(Process.java:422) [classes/:?]
	at java.lang.Thread.run(Thread.java:724) [?:1.7.0_25]
[ERROR] 2014-12-30 12:31:56.488 [Thread-10] main - mvx/app/pgm/customer/ALZFAC_lastPHM (wrong name: mvx/app/pgm/customer/ALZFAC)
java.lang.NoClassDefFoundError: mvx/app/pgm/customer/ALZFAC_lastPHM (wrong name: mvx/app/pgm/customer/ALZFAC)
	at java.lang.ClassLoader.defineClass1(Native Method) ~[?:1.7.0_25]
	at java.lang.ClassLoader.defineClass(ClassLoader.java:792) ~[?:1.7.0_25]
	at java.lang.ClassLoader.defineClass(ClassLoader.java:635) ~[?:1.7.0_25]
	at m3.classe.M3ClassLoader.findClass(M3ClassLoader.java:61) ~[classes/:?]
	at java.lang.ClassLoader.loadClass(ClassLoader.java:424) ~[?:1.7.0_25]
	at java.lang.ClassLoader.loadClass(ClassLoader.java:357) ~[?:1.7.0_25]
	at m3.classe.ClassUtils.getSuperClass(ClassUtils.java:56) ~[classes/:?]
	at m3.classe.ClassUtils.getSuperClass(ClassUtils.java:52) ~[classes/:?]
	at m3.M3UpgradObject.processM3Object(M3UpgradObject.java:60) [classes/:?]
	at com.app.process.Process.analyse(Process.java:96) [classes/:?]
	at com.app.process.Process.run(Process.java:422) [classes/:?]
	at java.lang.Thread.run(Thread.java:724) [?:1.7.0_25]
[ERROR] 2014-12-30 12:32:31.519 [Thread-10] main - com/ibm/as400/access/RecordFormat
java.lang.NoClassDefFoundError: com/ibm/as400/access/RecordFormat
	at java.lang.ClassLoader.defineClass1(Native Method) ~[?:1.7.0_25]
	at java.lang.ClassLoader.defineClass(ClassLoader.java:792) ~[?:1.7.0_25]
	at java.lang.ClassLoader.defineClass(ClassLoader.java:635) ~[?:1.7.0_25]
	at m3.classe.M3ClassLoader.findClass(M3ClassLoader.java:61) ~[classes/:?]
	at java.lang.ClassLoader.loadClass(ClassLoader.java:424) ~[?:1.7.0_25]
	at java.lang.ClassLoader.loadClass(ClassLoader.java:357) ~[?:1.7.0_25]
	at m3.classe.ClassUtils.getSuperClass(ClassUtils.java:56) ~[classes/:?]
	at m3.classe.ClassUtils.getSuperClass(ClassUtils.java:52) ~[classes/:?]
	at m3.M3UpgradObject.processM3Object(M3UpgradObject.java:60) [classes/:?]
	at com.app.process.Process.analyse(Process.java:96) [classes/:?]
	at com.app.process.Process.run(Process.java:422) [classes/:?]
	at java.lang.Thread.run(Thread.java:724) [?:1.7.0_25]
Caused by: java.lang.ClassNotFoundException: com.ibm.as400.access.RecordFormat
	at m3.classe.M3ClassLoader.findClass(M3ClassLoader.java:59) ~[classes/:?]
	at java.lang.ClassLoader.loadClass(ClassLoader.java:424) ~[?:1.7.0_25]
	at java.lang.ClassLoader.loadClass(ClassLoader.java:357) ~[?:1.7.0_25]
	... 12 more
[ERROR] 2014-12-30 12:32:33.403 [Thread-10] main - com/ibm/as400/access/RecordFormat
java.lang.NoClassDefFoundError: com/ibm/as400/access/RecordFormat
	at java.lang.ClassLoader.defineClass1(Native Method) ~[?:1.7.0_25]
	at java.lang.ClassLoader.defineClass(ClassLoader.java:792) ~[?:1.7.0_25]
	at java.lang.ClassLoader.defineClass(ClassLoader.java:635) ~[?:1.7.0_25]
	at m3.classe.M3ClassLoader.findClass(M3ClassLoader.java:61) ~[classes/:?]
	at java.lang.ClassLoader.loadClass(ClassLoader.java:424) ~[?:1.7.0_25]
	at java.lang.ClassLoader.loadClass(ClassLoader.java:357) ~[?:1.7.0_25]
	at m3.classe.ClassUtils.getSuperClass(ClassUtils.java:56) ~[classes/:?]
	at m3.classe.ClassUtils.getSuperClass(ClassUtils.java:52) ~[classes/:?]
	at m3.M3UpgradObject.processM3Object(M3UpgradObject.java:60) [classes/:?]
	at com.app.process.Process.analyse(Process.java:96) [classes/:?]
	at com.app.process.Process.run(Process.java:422) [classes/:?]
	at java.lang.Thread.run(Thread.java:724) [?:1.7.0_25]
Caused by: java.lang.ClassNotFoundException: com.ibm.as400.access.RecordFormat
	at m3.classe.M3ClassLoader.findClass(M3ClassLoader.java:59) ~[classes/:?]
	at java.lang.ClassLoader.loadClass(ClassLoader.java:424) ~[?:1.7.0_25]
	at java.lang.ClassLoader.loadClass(ClassLoader.java:357) ~[?:1.7.0_25]
	... 12 more
[ERROR] 2014-12-30 12:32:35.357 [Thread-10] main - com/ibm/as400/access/RecordFormat
java.lang.NoClassDefFoundError: com/ibm/as400/access/RecordFormat
	at java.lang.ClassLoader.defineClass1(Native Method) ~[?:1.7.0_25]
	at java.lang.ClassLoader.defineClass(ClassLoader.java:792) ~[?:1.7.0_25]
	at java.lang.ClassLoader.defineClass(ClassLoader.java:635) ~[?:1.7.0_25]
	at m3.classe.M3ClassLoader.findClass(M3ClassLoader.java:61) ~[classes/:?]
	at java.lang.ClassLoader.loadClass(ClassLoader.java:424) ~[?:1.7.0_25]
	at java.lang.ClassLoader.loadClass(ClassLoader.java:357) ~[?:1.7.0_25]
	at m3.classe.ClassUtils.getSuperClass(ClassUtils.java:56) ~[classes/:?]
	at m3.classe.ClassUtils.getSuperClass(ClassUtils.java:52) ~[classes/:?]
	at m3.M3UpgradObject.processM3Object(M3UpgradObject.java:60) [classes/:?]
	at com.app.process.Process.analyse(Process.java:96) [classes/:?]
	at com.app.process.Process.run(Process.java:422) [classes/:?]
	at java.lang.Thread.run(Thread.java:724) [?:1.7.0_25]
Caused by: java.lang.ClassNotFoundException: com.ibm.as400.access.RecordFormat
	at m3.classe.M3ClassLoader.findClass(M3ClassLoader.java:59) ~[classes/:?]
	at java.lang.ClassLoader.loadClass(ClassLoader.java:424) ~[?:1.7.0_25]
	at java.lang.ClassLoader.loadClass(ClassLoader.java:357) ~[?:1.7.0_25]
	... 12 more
[ERROR] 2014-12-30 12:32:51.957 [Thread-10] main - mvx/app/pgm/customer/NOE010_old (wrong name: mvx/app/pgm/customer/NOE010)
java.lang.NoClassDefFoundError: mvx/app/pgm/customer/NOE010_old (wrong name: mvx/app/pgm/customer/NOE010)
	at java.lang.ClassLoader.defineClass1(Native Method) ~[?:1.7.0_25]
	at java.lang.ClassLoader.defineClass(ClassLoader.java:792) ~[?:1.7.0_25]
	at java.lang.ClassLoader.defineClass(ClassLoader.java:635) ~[?:1.7.0_25]
	at m3.classe.M3ClassLoader.findClass(M3ClassLoader.java:61) ~[classes/:?]
	at java.lang.ClassLoader.loadClass(ClassLoader.java:424) ~[?:1.7.0_25]
	at java.lang.ClassLoader.loadClass(ClassLoader.java:357) ~[?:1.7.0_25]
	at m3.classe.ClassUtils.getSuperClass(ClassUtils.java:56) ~[classes/:?]
	at m3.classe.ClassUtils.getSuperClass(ClassUtils.java:52) ~[classes/:?]
	at m3.M3UpgradObject.processM3Object(M3UpgradObject.java:60) [classes/:?]
	at com.app.process.Process.analyse(Process.java:96) [classes/:?]
	at com.app.process.Process.run(Process.java:422) [classes/:?]
	at java.lang.Thread.run(Thread.java:724) [?:1.7.0_25]
[ERROR] 2014-12-30 12:33:42.383 [Thread-10] main - javax/jms/ExceptionListener
java.lang.NoClassDefFoundError: javax/jms/ExceptionListener
	at java.lang.ClassLoader.defineClass1(Native Method) ~[?:1.7.0_25]
	at java.lang.ClassLoader.defineClass(ClassLoader.java:792) ~[?:1.7.0_25]
	at java.lang.ClassLoader.defineClass(ClassLoader.java:635) ~[?:1.7.0_25]
	at m3.classe.M3ClassLoader.findClass(M3ClassLoader.java:61) ~[classes/:?]
	at java.lang.ClassLoader.loadClass(ClassLoader.java:424) ~[?:1.7.0_25]
	at java.lang.ClassLoader.loadClass(ClassLoader.java:357) ~[?:1.7.0_25]
	at m3.classe.ClassUtils.getSuperClass(ClassUtils.java:56) ~[classes/:?]
	at m3.classe.ClassUtils.getSuperClass(ClassUtils.java:52) ~[classes/:?]
	at m3.M3UpgradObject.processM3Object(M3UpgradObject.java:60) [classes/:?]
	at com.app.process.Process.analyse(Process.java:96) [classes/:?]
	at com.app.process.Process.run(Process.java:422) [classes/:?]
	at java.lang.Thread.run(Thread.java:724) [?:1.7.0_25]
Caused by: java.lang.ClassNotFoundException: javax.jms.ExceptionListener
	at m3.classe.M3ClassLoader.findClass(M3ClassLoader.java:59) ~[classes/:?]
	at java.lang.ClassLoader.loadClass(ClassLoader.java:424) ~[?:1.7.0_25]
	at java.lang.ClassLoader.loadClass(ClassLoader.java:357) ~[?:1.7.0_25]
	... 12 more
[ERROR] 2014-12-30 12:47:52.886 [Thread-10] main - mvx/dsp/obj/OIS101DSPsv (wrong name: mvx/dsp/obj/OIS101DSP)
java.lang.NoClassDefFoundError: mvx/dsp/obj/OIS101DSPsv (wrong name: mvx/dsp/obj/OIS101DSP)
	at java.lang.ClassLoader.defineClass1(Native Method) ~[?:1.7.0_25]
	at java.lang.ClassLoader.defineClass(ClassLoader.java:792) ~[?:1.7.0_25]
	at java.lang.ClassLoader.defineClass(ClassLoader.java:635) ~[?:1.7.0_25]
	at m3.classe.M3ClassLoader.findClass(M3ClassLoader.java:61) ~[classes/:?]
	at java.lang.ClassLoader.loadClass(ClassLoader.java:424) ~[?:1.7.0_25]
	at java.lang.ClassLoader.loadClass(ClassLoader.java:357) ~[?:1.7.0_25]
	at m3.classe.ClassUtils.getSuperClass(ClassUtils.java:56) ~[classes/:?]
	at m3.classe.ClassUtils.getSuperClass(ClassUtils.java:52) ~[classes/:?]
	at m3.M3UpgradObject.processM3Object(M3UpgradObject.java:60) [classes/:?]
	at com.app.process.Process.analyse(Process.java:96) [classes/:?]
	at com.app.process.Process.run(Process.java:422) [classes/:?]
	at java.lang.Thread.run(Thread.java:724) [?:1.7.0_25]
